<?xml version="1.0" encoding="UTF-8"?>
<coverage generated="1679292109900" clover="3.2.0">
  <project timestamp="1679292109900" name="All files">
    <metrics statements="1068" coveredstatements="264" conditionals="429" coveredconditionals="38" methods="330" coveredmethods="59" elements="1827" coveredelements="361" complexity="0" loc="1068" ncloc="1068" packages="12" files="55" classes="55"/>
    <package name="src">
      <metrics statements="34" coveredstatements="23" conditionals="4" coveredconditionals="0" methods="10" coveredmethods="6"/>
      <file name="App.js" path="/home/iloreus/hei-admin-api/hei-admin-ui/src/App.js">
        <metrics statements="4" coveredstatements="4" conditionals="0" coveredconditionals="0" methods="3" coveredmethods="2"/>
        <line num="24" count="3" type="stmt"/>
        <line num="25" count="3" type="stmt"/>
        <line num="26" count="5" type="stmt"/>
        <line num="30" count="5" type="stmt"/>
      </file>
      <file name="HaAppBar.js" path="/home/iloreus/hei-admin-api/hei-admin-ui/src/HaAppBar.js">
        <metrics statements="7" coveredstatements="5" conditionals="0" coveredconditionals="0" methods="3" coveredmethods="2"/>
        <line num="6" count="3" type="stmt"/>
        <line num="7" count="13" type="stmt"/>
        <line num="8" count="0" type="stmt"/>
        <line num="9" count="0" type="stmt"/>
        <line num="11" count="13" type="stmt"/>
        <line num="20" count="3" type="stmt"/>
        <line num="21" count="13" type="stmt"/>
      </file>
      <file name="HaLayout.js" path="/home/iloreus/hei-admin-api/hei-admin-ui/src/HaLayout.js">
        <metrics statements="2" coveredstatements="2" conditionals="0" coveredconditionals="0" methods="1" coveredmethods="1"/>
        <line num="8" count="3" type="stmt"/>
        <line num="9" count="13" type="stmt"/>
      </file>
      <file name="MyBreadcrumb.js" path="/home/iloreus/hei-admin-api/hei-admin-ui/src/MyBreadcrumb.js">
        <metrics statements="13" coveredstatements="4" conditionals="4" coveredconditionals="0" methods="3" coveredmethods="1"/>
        <line num="5" count="3" type="stmt"/>
        <line num="6" count="13" type="stmt"/>
        <line num="7" count="13" type="stmt"/>
        <line num="8" count="0" type="cond" truecount="0" falsecount="2"/>
        <line num="9" count="0" type="cond" truecount="0" falsecount="2"/>
        <line num="10" count="0" type="stmt"/>
        <line num="12" count="0" type="stmt"/>
        <line num="13" count="0" type="stmt"/>
        <line num="14" count="0" type="stmt"/>
        <line num="16" count="0" type="stmt"/>
        <line num="17" count="0" type="stmt"/>
        <line num="20" count="0" type="stmt"/>
        <line num="23" count="13" type="stmt"/>
      </file>
      <file name="aws-exports.js" path="/home/iloreus/hei-admin-api/hei-admin-ui/src/aws-exports.js">
        <metrics statements="1" coveredstatements="1" conditionals="0" coveredconditionals="0" methods="0" coveredmethods="0"/>
        <line num="4" count="3" type="stmt"/>
      </file>
      <file name="conf.js" path="/home/iloreus/hei-admin-api/hei-admin-ui/src/conf.js">
        <metrics statements="6" coveredstatements="6" conditionals="0" coveredconditionals="0" methods="0" coveredmethods="0"/>
        <line num="1" count="3" type="stmt"/>
        <line num="3" count="3" type="stmt"/>
        <line num="5" count="3" type="stmt"/>
        <line num="33" count="3" type="stmt"/>
        <line num="38" count="3" type="stmt"/>
        <line num="44" count="3" type="stmt"/>
      </file>
      <file name="haTheme.js" path="/home/iloreus/hei-admin-api/hei-admin-ui/src/haTheme.js">
        <metrics statements="1" coveredstatements="1" conditionals="0" coveredconditionals="0" methods="0" coveredmethods="0"/>
        <line num="4" count="3" type="stmt"/>
      </file>
    </package>
    <package name="src.gen.haClient">
      <metrics statements="569" coveredstatements="85" conditionals="262" coveredconditionals="23" methods="170" coveredmethods="20"/>
      <file name="api.ts" path="/home/iloreus/hei-admin-api/hei-admin-ui/src/gen/haClient/api.ts">
        <metrics statements="514" coveredstatements="51" conditionals="208" coveredconditionals="8" methods="156" coveredmethods="12"/>
        <line num="959" count="3" type="stmt"/>
        <line num="960" count="0" type="stmt"/>
        <line num="970" count="0" type="stmt"/>
        <line num="971" count="0" type="stmt"/>
        <line num="973" count="0" type="stmt"/>
        <line num="975" count="0" type="cond" truecount="0" falsecount="2"/>
        <line num="976" count="0" type="stmt"/>
        <line num="979" count="0" type="stmt"/>
        <line num="980" count="0" type="stmt"/>
        <line num="981" count="0" type="stmt"/>
        <line num="985" count="0" type="stmt"/>
        <line num="987" count="0" type="stmt"/>
        <line num="989" count="0" type="stmt"/>
        <line num="990" count="0" type="cond" truecount="0" falsecount="4"/>
        <line num="991" count="0" type="stmt"/>
        <line num="992" count="0" type="stmt"/>
        <line num="994" count="0" type="stmt"/>
        <line num="1009" count="0" type="stmt"/>
        <line num="1011" count="0" type="stmt"/>
        <line num="1012" count="0" type="stmt"/>
        <line num="1014" count="0" type="stmt"/>
        <line num="1016" count="0" type="cond" truecount="0" falsecount="2"/>
        <line num="1017" count="0" type="stmt"/>
        <line num="1020" count="0" type="stmt"/>
        <line num="1021" count="0" type="stmt"/>
        <line num="1022" count="0" type="stmt"/>
        <line num="1026" count="0" type="stmt"/>
        <line num="1028" count="0" type="stmt"/>
        <line num="1030" count="0" type="stmt"/>
        <line num="1031" count="0" type="cond" truecount="0" falsecount="4"/>
        <line num="1032" count="0" type="stmt"/>
        <line num="1033" count="0" type="stmt"/>
        <line num="1035" count="0" type="stmt"/>
        <line num="1056" count="0" type="stmt"/>
        <line num="1058" count="0" type="stmt"/>
        <line num="1060" count="0" type="stmt"/>
        <line num="1061" count="0" type="stmt"/>
        <line num="1065" count="0" type="stmt"/>
        <line num="1067" count="0" type="cond" truecount="0" falsecount="2"/>
        <line num="1068" count="0" type="stmt"/>
        <line num="1071" count="0" type="stmt"/>
        <line num="1072" count="0" type="stmt"/>
        <line num="1073" count="0" type="stmt"/>
        <line num="1077" count="0" type="stmt"/>
        <line num="1079" count="0" type="stmt"/>
        <line num="1081" count="0" type="stmt"/>
        <line num="1082" count="0" type="cond" truecount="0" falsecount="4"/>
        <line num="1083" count="0" type="stmt"/>
        <line num="1084" count="0" type="stmt"/>
        <line num="1086" count="0" type="stmt"/>
        <line num="1098" count="0" type="stmt"/>
        <line num="1100" count="0" type="stmt"/>
        <line num="1102" count="0" type="cond" truecount="0" falsecount="2"/>
        <line num="1103" count="0" type="stmt"/>
        <line num="1106" count="0" type="stmt"/>
        <line num="1107" count="0" type="stmt"/>
        <line num="1108" count="0" type="stmt"/>
        <line num="1112" count="0" type="stmt"/>
        <line num="1114" count="0" type="stmt"/>
        <line num="1115" count="0" type="cond" truecount="0" falsecount="4"/>
        <line num="1116" count="0" type="stmt"/>
        <line num="1118" count="0" type="stmt"/>
        <line num="1133" count="0" type="stmt"/>
        <line num="1135" count="0" type="stmt"/>
        <line num="1137" count="0" type="cond" truecount="0" falsecount="2"/>
        <line num="1138" count="0" type="stmt"/>
        <line num="1141" count="0" type="stmt"/>
        <line num="1142" count="0" type="stmt"/>
        <line num="1143" count="0" type="stmt"/>
        <line num="1147" count="0" type="stmt"/>
        <line num="1149" count="0" type="cond" truecount="0" falsecount="2"/>
        <line num="1150" count="0" type="stmt"/>
        <line num="1153" count="0" type="cond" truecount="0" falsecount="2"/>
        <line num="1154" count="0" type="stmt"/>
        <line num="1157" count="0" type="cond" truecount="0" falsecount="2"/>
        <line num="1158" count="0" type="stmt"/>
        <line num="1161" count="0" type="stmt"/>
        <line num="1162" count="0" type="cond" truecount="0" falsecount="4"/>
        <line num="1163" count="0" type="stmt"/>
        <line num="1165" count="0" type="stmt"/>
        <line num="1180" count="0" type="stmt"/>
        <line num="1182" count="0" type="stmt"/>
        <line num="1183" count="0" type="stmt"/>
        <line num="1187" count="0" type="stmt"/>
        <line num="1189" count="0" type="cond" truecount="0" falsecount="2"/>
        <line num="1190" count="0" type="stmt"/>
        <line num="1193" count="0" type="stmt"/>
        <line num="1194" count="0" type="stmt"/>
        <line num="1195" count="0" type="stmt"/>
        <line num="1199" count="0" type="stmt"/>
        <line num="1201" count="0" type="stmt"/>
        <line num="1202" count="0" type="cond" truecount="0" falsecount="4"/>
        <line num="1203" count="0" type="stmt"/>
        <line num="1205" count="0" type="stmt"/>
        <line num="1228" count="0" type="stmt"/>
        <line num="1229" count="0" type="stmt"/>
        <line num="1231" count="0" type="stmt"/>
        <line num="1233" count="0" type="cond" truecount="0" falsecount="2"/>
        <line num="1234" count="0" type="stmt"/>
        <line num="1237" count="0" type="stmt"/>
        <line num="1238" count="0" type="stmt"/>
        <line num="1239" count="0" type="stmt"/>
        <line num="1243" count="0" type="stmt"/>
        <line num="1245" count="0" type="cond" truecount="0" falsecount="2"/>
        <line num="1246" count="0" type="stmt"/>
        <line num="1249" count="0" type="cond" truecount="0" falsecount="2"/>
        <line num="1250" count="0" type="stmt"/>
        <line num="1253" count="0" type="cond" truecount="0" falsecount="2"/>
        <line num="1254" count="0" type="stmt"/>
        <line num="1257" count="0" type="stmt"/>
        <line num="1258" count="0" type="cond" truecount="0" falsecount="4"/>
        <line num="1259" count="0" type="stmt"/>
        <line num="1261" count="0" type="stmt"/>
        <line num="1278" count="0" type="stmt"/>
        <line num="1280" count="0" type="stmt"/>
        <line num="1281" count="0" type="stmt"/>
        <line num="1285" count="0" type="stmt"/>
        <line num="1287" count="0" type="cond" truecount="0" falsecount="2"/>
        <line num="1288" count="0" type="stmt"/>
        <line num="1291" count="0" type="stmt"/>
        <line num="1292" count="0" type="stmt"/>
        <line num="1293" count="0" type="stmt"/>
        <line num="1297" count="0" type="stmt"/>
        <line num="1299" count="0" type="cond" truecount="0" falsecount="2"/>
        <line num="1300" count="0" type="stmt"/>
        <line num="1303" count="0" type="cond" truecount="0" falsecount="2"/>
        <line num="1304" count="0" type="stmt"/>
        <line num="1307" count="0" type="stmt"/>
        <line num="1308" count="0" type="cond" truecount="0" falsecount="4"/>
        <line num="1309" count="0" type="stmt"/>
        <line num="1311" count="0" type="stmt"/>
        <line num="1323" count="3" type="stmt"/>
        <line num="1324" count="0" type="stmt"/>
        <line num="1325" count="0" type="stmt"/>
        <line num="1337" count="0" type="stmt"/>
        <line num="1338" count="0" type="stmt"/>
        <line num="1353" count="0" type="stmt"/>
        <line num="1354" count="0" type="stmt"/>
        <line num="1371" count="0" type="stmt"/>
        <line num="1372" count="0" type="stmt"/>
        <line num="1381" count="0" type="stmt"/>
        <line num="1382" count="0" type="stmt"/>
        <line num="1399" count="0" type="stmt"/>
        <line num="1400" count="0" type="stmt"/>
        <line num="1415" count="0" type="stmt"/>
        <line num="1416" count="0" type="stmt"/>
        <line num="1435" count="0" type="stmt"/>
        <line num="1436" count="0" type="stmt"/>
        <line num="1455" count="0" type="stmt"/>
        <line num="1456" count="0" type="stmt"/>
        <line num="1465" count="3" type="stmt"/>
        <line num="1466" count="0" type="stmt"/>
        <line num="1467" count="0" type="stmt"/>
        <line num="1476" count="0" type="stmt"/>
        <line num="1487" count="0" type="stmt"/>
        <line num="1499" count="0" type="stmt"/>
        <line num="1508" count="0" type="stmt"/>
        <line num="1520" count="0" type="stmt"/>
        <line num="1531" count="0" type="stmt"/>
        <line num="1544" count="0" type="stmt"/>
        <line num="1557" count="0" type="stmt"/>
        <line num="1578" count="0" type="stmt"/>
        <line num="1580" count="0" type="stmt"/>
        <line num="1593" count="0" type="stmt"/>
        <line num="1595" count="0" type="stmt"/>
        <line num="1609" count="0" type="stmt"/>
        <line num="1611" count="0" type="stmt"/>
        <line num="1622" count="0" type="stmt"/>
        <line num="1624" count="0" type="stmt"/>
        <line num="1638" count="0" type="stmt"/>
        <line num="1640" count="0" type="stmt"/>
        <line num="1653" count="0" type="stmt"/>
        <line num="1655" count="0" type="stmt"/>
        <line num="1670" count="0" type="stmt"/>
        <line num="1672" count="0" type="stmt"/>
        <line num="1687" count="0" type="stmt"/>
        <line num="1689" count="0" type="stmt"/>
        <line num="1697" count="3" type="stmt"/>
        <line num="1698" count="20" type="stmt"/>
        <line num="1706" count="0" type="stmt"/>
        <line num="1708" count="0" type="stmt"/>
        <line num="1710" count="0" type="cond" truecount="0" falsecount="2"/>
        <line num="1711" count="0" type="stmt"/>
        <line num="1714" count="0" type="stmt"/>
        <line num="1715" count="0" type="stmt"/>
        <line num="1716" count="0" type="stmt"/>
        <line num="1720" count="0" type="stmt"/>
        <line num="1722" count="0" type="stmt"/>
        <line num="1723" count="0" type="cond" truecount="0" falsecount="4"/>
        <line num="1724" count="0" type="stmt"/>
        <line num="1726" count="0" type="stmt"/>
        <line num="1738" count="20" type="stmt"/>
        <line num="1740" count="20" type="stmt"/>
        <line num="1742" count="20" type="cond" truecount="1" falsecount="1"/>
        <line num="1743" count="20" type="stmt"/>
        <line num="1746" count="20" type="stmt"/>
        <line num="1747" count="20" type="stmt"/>
        <line num="1748" count="20" type="stmt"/>
        <line num="1752" count="20" type="stmt"/>
        <line num="1754" count="20" type="stmt"/>
        <line num="1755" count="20" type="cond" truecount="2" falsecount="2"/>
        <line num="1756" count="20" type="stmt"/>
        <line num="1758" count="20" type="stmt"/>
        <line num="1770" count="3" type="stmt"/>
        <line num="1771" count="20" type="stmt"/>
        <line num="1772" count="20" type="stmt"/>
        <line num="1780" count="0" type="stmt"/>
        <line num="1781" count="0" type="stmt"/>
        <line num="1790" count="20" type="stmt"/>
        <line num="1791" count="20" type="stmt"/>
        <line num="1800" count="3" type="stmt"/>
        <line num="1801" count="0" type="stmt"/>
        <line num="1802" count="0" type="stmt"/>
        <line num="1810" count="0" type="stmt"/>
        <line num="1819" count="0" type="stmt"/>
        <line num="1839" count="0" type="stmt"/>
        <line num="1841" count="0" type="stmt"/>
        <line num="1852" count="20" type="stmt"/>
        <line num="1854" count="20" type="stmt"/>
        <line num="1862" count="3" type="stmt"/>
        <line num="1863" count="0" type="stmt"/>
        <line num="1873" count="0" type="stmt"/>
        <line num="1874" count="0" type="stmt"/>
        <line num="1876" count="0" type="stmt"/>
        <line num="1878" count="0" type="cond" truecount="0" falsecount="2"/>
        <line num="1879" count="0" type="stmt"/>
        <line num="1882" count="0" type="stmt"/>
        <line num="1883" count="0" type="stmt"/>
        <line num="1884" count="0" type="stmt"/>
        <line num="1888" count="0" type="stmt"/>
        <line num="1890" count="0" type="stmt"/>
        <line num="1892" count="0" type="stmt"/>
        <line num="1893" count="0" type="cond" truecount="0" falsecount="4"/>
        <line num="1894" count="0" type="stmt"/>
        <line num="1895" count="0" type="stmt"/>
        <line num="1897" count="0" type="stmt"/>
        <line num="1911" count="0" type="stmt"/>
        <line num="1912" count="0" type="stmt"/>
        <line num="1914" count="0" type="stmt"/>
        <line num="1916" count="0" type="cond" truecount="0" falsecount="2"/>
        <line num="1917" count="0" type="stmt"/>
        <line num="1920" count="0" type="stmt"/>
        <line num="1921" count="0" type="stmt"/>
        <line num="1922" count="0" type="stmt"/>
        <line num="1926" count="0" type="stmt"/>
        <line num="1928" count="0" type="stmt"/>
        <line num="1930" count="0" type="stmt"/>
        <line num="1931" count="0" type="cond" truecount="0" falsecount="4"/>
        <line num="1932" count="0" type="stmt"/>
        <line num="1933" count="0" type="stmt"/>
        <line num="1935" count="0" type="stmt"/>
        <line num="1949" count="0" type="stmt"/>
        <line num="1950" count="0" type="stmt"/>
        <line num="1952" count="0" type="stmt"/>
        <line num="1954" count="0" type="cond" truecount="0" falsecount="2"/>
        <line num="1955" count="0" type="stmt"/>
        <line num="1958" count="0" type="stmt"/>
        <line num="1959" count="0" type="stmt"/>
        <line num="1960" count="0" type="stmt"/>
        <line num="1964" count="0" type="stmt"/>
        <line num="1966" count="0" type="stmt"/>
        <line num="1967" count="0" type="cond" truecount="0" falsecount="4"/>
        <line num="1968" count="0" type="stmt"/>
        <line num="1970" count="0" type="stmt"/>
        <line num="1982" count="0" type="stmt"/>
        <line num="1984" count="0" type="stmt"/>
        <line num="1986" count="0" type="cond" truecount="0" falsecount="2"/>
        <line num="1987" count="0" type="stmt"/>
        <line num="1990" count="0" type="stmt"/>
        <line num="1991" count="0" type="stmt"/>
        <line num="1992" count="0" type="stmt"/>
        <line num="1996" count="0" type="stmt"/>
        <line num="1998" count="0" type="stmt"/>
        <line num="1999" count="0" type="cond" truecount="0" falsecount="4"/>
        <line num="2000" count="0" type="stmt"/>
        <line num="2002" count="0" type="stmt"/>
        <line num="2016" count="0" type="stmt"/>
        <line num="2017" count="0" type="stmt"/>
        <line num="2019" count="0" type="stmt"/>
        <line num="2021" count="0" type="cond" truecount="0" falsecount="2"/>
        <line num="2022" count="0" type="stmt"/>
        <line num="2025" count="0" type="stmt"/>
        <line num="2026" count="0" type="stmt"/>
        <line num="2027" count="0" type="stmt"/>
        <line num="2031" count="0" type="stmt"/>
        <line num="2033" count="0" type="stmt"/>
        <line num="2034" count="0" type="cond" truecount="0" falsecount="4"/>
        <line num="2035" count="0" type="stmt"/>
        <line num="2037" count="0" type="stmt"/>
        <line num="2049" count="0" type="stmt"/>
        <line num="2051" count="0" type="stmt"/>
        <line num="2053" count="0" type="cond" truecount="0" falsecount="2"/>
        <line num="2054" count="0" type="stmt"/>
        <line num="2057" count="0" type="stmt"/>
        <line num="2058" count="0" type="stmt"/>
        <line num="2059" count="0" type="stmt"/>
        <line num="2063" count="0" type="stmt"/>
        <line num="2065" count="0" type="stmt"/>
        <line num="2066" count="0" type="cond" truecount="0" falsecount="4"/>
        <line num="2067" count="0" type="stmt"/>
        <line num="2069" count="0" type="stmt"/>
        <line num="2081" count="3" type="stmt"/>
        <line num="2082" count="0" type="stmt"/>
        <line num="2083" count="0" type="stmt"/>
        <line num="2092" count="0" type="stmt"/>
        <line num="2093" count="0" type="stmt"/>
        <line num="2106" count="0" type="stmt"/>
        <line num="2107" count="0" type="stmt"/>
        <line num="2117" count="0" type="stmt"/>
        <line num="2118" count="0" type="stmt"/>
        <line num="2127" count="0" type="stmt"/>
        <line num="2128" count="0" type="stmt"/>
        <line num="2138" count="0" type="stmt"/>
        <line num="2139" count="0" type="stmt"/>
        <line num="2148" count="0" type="stmt"/>
        <line num="2149" count="0" type="stmt"/>
        <line num="2158" count="3" type="stmt"/>
        <line num="2159" count="0" type="stmt"/>
        <line num="2160" count="0" type="stmt"/>
        <line num="2169" count="0" type="stmt"/>
        <line num="2179" count="0" type="stmt"/>
        <line num="2189" count="0" type="stmt"/>
        <line num="2198" count="0" type="stmt"/>
        <line num="2208" count="0" type="stmt"/>
        <line num="2217" count="0" type="stmt"/>
        <line num="2238" count="0" type="stmt"/>
        <line num="2240" count="0" type="stmt"/>
        <line num="2252" count="0" type="stmt"/>
        <line num="2254" count="0" type="stmt"/>
        <line num="2266" count="0" type="stmt"/>
        <line num="2268" count="0" type="stmt"/>
        <line num="2279" count="0" type="stmt"/>
        <line num="2281" count="0" type="stmt"/>
        <line num="2293" count="0" type="stmt"/>
        <line num="2295" count="0" type="stmt"/>
        <line num="2306" count="0" type="stmt"/>
        <line num="2308" count="0" type="stmt"/>
        <line num="2316" count="3" type="stmt"/>
        <line num="2317" count="5" type="stmt"/>
        <line num="2327" count="0" type="stmt"/>
        <line num="2328" count="0" type="stmt"/>
        <line num="2330" count="0" type="stmt"/>
        <line num="2332" count="0" type="cond" truecount="0" falsecount="2"/>
        <line num="2333" count="0" type="stmt"/>
        <line num="2336" count="0" type="stmt"/>
        <line num="2337" count="0" type="stmt"/>
        <line num="2338" count="0" type="stmt"/>
        <line num="2342" count="0" type="stmt"/>
        <line num="2344" count="0" type="stmt"/>
        <line num="2346" count="0" type="stmt"/>
        <line num="2347" count="0" type="cond" truecount="0" falsecount="4"/>
        <line num="2348" count="0" type="stmt"/>
        <line num="2349" count="0" type="stmt"/>
        <line num="2351" count="0" type="stmt"/>
        <line num="2365" count="0" type="stmt"/>
        <line num="2366" count="0" type="stmt"/>
        <line num="2368" count="0" type="stmt"/>
        <line num="2370" count="0" type="cond" truecount="0" falsecount="2"/>
        <line num="2371" count="0" type="stmt"/>
        <line num="2374" count="0" type="stmt"/>
        <line num="2375" count="0" type="stmt"/>
        <line num="2376" count="0" type="stmt"/>
        <line num="2380" count="0" type="stmt"/>
        <line num="2382" count="0" type="stmt"/>
        <line num="2384" count="0" type="stmt"/>
        <line num="2385" count="0" type="cond" truecount="0" falsecount="4"/>
        <line num="2386" count="0" type="stmt"/>
        <line num="2387" count="0" type="stmt"/>
        <line num="2389" count="0" type="stmt"/>
        <line num="2403" count="0" type="stmt"/>
        <line num="2404" count="0" type="stmt"/>
        <line num="2406" count="0" type="stmt"/>
        <line num="2408" count="0" type="cond" truecount="0" falsecount="2"/>
        <line num="2409" count="0" type="stmt"/>
        <line num="2412" count="0" type="stmt"/>
        <line num="2413" count="0" type="stmt"/>
        <line num="2414" count="0" type="stmt"/>
        <line num="2418" count="0" type="stmt"/>
        <line num="2420" count="0" type="stmt"/>
        <line num="2421" count="0" type="cond" truecount="0" falsecount="4"/>
        <line num="2422" count="0" type="stmt"/>
        <line num="2424" count="0" type="stmt"/>
        <line num="2438" count="0" type="stmt"/>
        <line num="2440" count="0" type="stmt"/>
        <line num="2442" count="0" type="cond" truecount="0" falsecount="2"/>
        <line num="2443" count="0" type="stmt"/>
        <line num="2446" count="0" type="stmt"/>
        <line num="2447" count="0" type="stmt"/>
        <line num="2448" count="0" type="stmt"/>
        <line num="2452" count="0" type="stmt"/>
        <line num="2454" count="0" type="cond" truecount="0" falsecount="2"/>
        <line num="2455" count="0" type="stmt"/>
        <line num="2458" count="0" type="cond" truecount="0" falsecount="2"/>
        <line num="2459" count="0" type="stmt"/>
        <line num="2462" count="0" type="stmt"/>
        <line num="2463" count="0" type="cond" truecount="0" falsecount="4"/>
        <line num="2464" count="0" type="stmt"/>
        <line num="2466" count="0" type="stmt"/>
        <line num="2480" count="5" type="stmt"/>
        <line num="2481" count="5" type="stmt"/>
        <line num="2483" count="5" type="stmt"/>
        <line num="2485" count="5" type="cond" truecount="1" falsecount="1"/>
        <line num="2486" count="5" type="stmt"/>
        <line num="2489" count="5" type="stmt"/>
        <line num="2490" count="5" type="stmt"/>
        <line num="2491" count="5" type="stmt"/>
        <line num="2495" count="5" type="stmt"/>
        <line num="2497" count="5" type="stmt"/>
        <line num="2498" count="5" type="cond" truecount="2" falsecount="2"/>
        <line num="2499" count="5" type="stmt"/>
        <line num="2501" count="5" type="stmt"/>
        <line num="2525" count="0" type="stmt"/>
        <line num="2527" count="0" type="stmt"/>
        <line num="2529" count="0" type="cond" truecount="0" falsecount="2"/>
        <line num="2530" count="0" type="stmt"/>
        <line num="2533" count="0" type="stmt"/>
        <line num="2534" count="0" type="stmt"/>
        <line num="2535" count="0" type="stmt"/>
        <line num="2539" count="0" type="stmt"/>
        <line num="2541" count="0" type="cond" truecount="0" falsecount="2"/>
        <line num="2542" count="0" type="stmt"/>
        <line num="2545" count="0" type="cond" truecount="0" falsecount="2"/>
        <line num="2546" count="0" type="stmt"/>
        <line num="2549" count="0" type="cond" truecount="0" falsecount="2"/>
        <line num="2550" count="0" type="stmt"/>
        <line num="2553" count="0" type="cond" truecount="0" falsecount="2"/>
        <line num="2554" count="0" type="stmt"/>
        <line num="2557" count="0" type="cond" truecount="0" falsecount="2"/>
        <line num="2558" count="0" type="stmt"/>
        <line num="2561" count="0" type="stmt"/>
        <line num="2562" count="0" type="cond" truecount="0" falsecount="4"/>
        <line num="2563" count="0" type="stmt"/>
        <line num="2565" count="0" type="stmt"/>
        <line num="2579" count="0" type="stmt"/>
        <line num="2580" count="0" type="stmt"/>
        <line num="2582" count="0" type="stmt"/>
        <line num="2584" count="0" type="cond" truecount="0" falsecount="2"/>
        <line num="2585" count="0" type="stmt"/>
        <line num="2588" count="0" type="stmt"/>
        <line num="2589" count="0" type="stmt"/>
        <line num="2590" count="0" type="stmt"/>
        <line num="2594" count="0" type="stmt"/>
        <line num="2596" count="0" type="stmt"/>
        <line num="2597" count="0" type="cond" truecount="0" falsecount="4"/>
        <line num="2598" count="0" type="stmt"/>
        <line num="2600" count="0" type="stmt"/>
        <line num="2624" count="0" type="stmt"/>
        <line num="2626" count="0" type="stmt"/>
        <line num="2628" count="0" type="cond" truecount="0" falsecount="2"/>
        <line num="2629" count="0" type="stmt"/>
        <line num="2632" count="0" type="stmt"/>
        <line num="2633" count="0" type="stmt"/>
        <line num="2634" count="0" type="stmt"/>
        <line num="2638" count="0" type="stmt"/>
        <line num="2640" count="0" type="cond" truecount="0" falsecount="2"/>
        <line num="2641" count="0" type="stmt"/>
        <line num="2644" count="0" type="cond" truecount="0" falsecount="2"/>
        <line num="2645" count="0" type="stmt"/>
        <line num="2648" count="0" type="cond" truecount="0" falsecount="2"/>
        <line num="2649" count="0" type="stmt"/>
        <line num="2652" count="0" type="cond" truecount="0" falsecount="2"/>
        <line num="2653" count="0" type="stmt"/>
        <line num="2656" count="0" type="cond" truecount="0" falsecount="2"/>
        <line num="2657" count="0" type="stmt"/>
        <line num="2660" count="0" type="stmt"/>
        <line num="2661" count="0" type="cond" truecount="0" falsecount="4"/>
        <line num="2662" count="0" type="stmt"/>
        <line num="2664" count="0" type="stmt"/>
        <line num="2676" count="3" type="stmt"/>
        <line num="2677" count="5" type="stmt"/>
        <line num="2678" count="5" type="stmt"/>
        <line num="2690" count="0" type="stmt"/>
        <line num="2691" count="0" type="stmt"/>
        <line num="2704" count="0" type="stmt"/>
        <line num="2705" count="0" type="stmt"/>
        <line num="2715" count="0" type="stmt"/>
        <line num="2716" count="0" type="stmt"/>
        <line num="2731" count="0" type="stmt"/>
        <line num="2732" count="0" type="stmt"/>
        <line num="2742" count="5" type="stmt"/>
        <line num="2743" count="5" type="stmt"/>
        <line num="2764" count="0" type="stmt"/>
        <line num="2765" count="0" type="stmt"/>
        <line num="2775" count="0" type="stmt"/>
        <line num="2776" count="0" type="stmt"/>
        <line num="2797" count="0" type="stmt"/>
        <line num="2798" count="0" type="stmt"/>
        <line num="2807" count="3" type="stmt"/>
        <line num="2808" count="0" type="stmt"/>
        <line num="2809" count="0" type="stmt"/>
        <line num="2818" count="0" type="stmt"/>
        <line num="2828" count="0" type="stmt"/>
        <line num="2838" count="0" type="stmt"/>
        <line num="2849" count="0" type="stmt"/>
        <line num="2859" count="0" type="stmt"/>
        <line num="2873" count="0" type="stmt"/>
        <line num="2883" count="0" type="stmt"/>
        <line num="2897" count="0" type="stmt"/>
        <line num="2918" count="0" type="stmt"/>
        <line num="2920" count="0" type="stmt"/>
        <line num="2932" count="0" type="stmt"/>
        <line num="2934" count="0" type="stmt"/>
        <line num="2946" count="0" type="stmt"/>
        <line num="2948" count="0" type="stmt"/>
        <line num="2961" count="0" type="stmt"/>
        <line num="2963" count="0" type="stmt"/>
        <line num="2975" count="5" type="stmt"/>
        <line num="2977" count="5" type="stmt"/>
        <line num="2993" count="0" type="stmt"/>
        <line num="2995" count="0" type="stmt"/>
        <line num="3007" count="0" type="stmt"/>
        <line num="3009" count="0" type="stmt"/>
        <line num="3025" count="0" type="stmt"/>
        <line num="3027" count="0" type="stmt"/>
      </file>
      <file name="base.ts" path="/home/iloreus/hei-admin-api/hei-admin-ui/src/gen/haClient/base.ts">
        <metrics statements="7" coveredstatements="5" conditionals="6" coveredconditionals="5" methods="2" coveredmethods="1"/>
        <line num="20" count="3" type="stmt"/>
        <line num="26" count="3" type="stmt"/>
        <line num="52" count="25" type="cond" truecount="1" falsecount="1"/>
        <line num="53" count="25" type="stmt"/>
        <line num="54" count="25" type="cond" truecount="2" falsecount="0"/>
        <line num="66" count="0" type="stmt"/>
        <line num="68" count="0" type="stmt"/>
      </file>
      <file name="common.ts" path="/home/iloreus/hei-admin-api/hei-admin-ui/src/gen/haClient/common.ts">
        <metrics statements="39" coveredstatements="22" conditionals="44" coveredconditionals="9" methods="10" coveredmethods="6"/>
        <line num="23" count="3" type="stmt"/>
        <line num="30" count="3" type="stmt"/>
        <line num="31" count="5" type="cond" truecount="3" falsecount="1"/>
        <line num="32" count="0" type="stmt"/>
        <line num="40" count="3" type="stmt"/>
        <line num="41" count="0" type="cond" truecount="0" falsecount="4"/>
        <line num="42" count="0" type="cond" truecount="0" falsecount="2"/>
        <line num="43" count="0" type="stmt"/>
        <line num="51" count="3" type="stmt"/>
        <line num="52" count="0" type="cond" truecount="0" falsecount="5"/>
        <line num="53" count="0" type="stmt"/>
        <line num="61" count="3" type="stmt"/>
        <line num="62" count="25" type="cond" truecount="3" falsecount="1"/>
        <line num="63" count="25" type="cond" truecount="1" falsecount="1"/>
        <line num="64" count="25" type="stmt"/>
        <line num="72" count="3" type="stmt"/>
        <line num="73" count="0" type="cond" truecount="0" falsecount="4"/>
        <line num="75" count="0" type="cond" truecount="0" falsecount="2"/>
        <line num="76" count="0" type="stmt"/>
        <line num="84" count="3" type="stmt"/>
        <line num="85" count="25" type="stmt"/>
        <line num="86" count="25" type="stmt"/>
        <line num="87" count="25" type="stmt"/>
        <line num="88" count="0" type="cond" truecount="0" falsecount="2"/>
        <line num="89" count="0" type="stmt"/>
        <line num="90" count="0" type="stmt"/>
        <line num="91" count="0" type="stmt"/>
        <line num="94" count="0" type="stmt"/>
        <line num="98" count="25" type="stmt"/>
        <line num="105" count="3" type="stmt"/>
        <line num="106" count="0" type="stmt"/>
        <line num="108" count="0" type="cond" truecount="0" falsecount="5"/>
        <line num="109" count="0" type="cond" truecount="0" falsecount="6"/>
        <line num="116" count="3" type="stmt"/>
        <line num="117" count="25" type="stmt"/>
        <line num="124" count="3" type="stmt"/>
        <line num="125" count="25" type="cond" truecount="0" falsecount="2"/>
        <line num="126" count="25" type="cond" truecount="2" falsecount="0"/>
        <line num="127" count="25" type="stmt"/>
      </file>
      <file name="configuration.ts" path="/home/iloreus/hei-admin-api/hei-admin-ui/src/gen/haClient/configuration.ts">
        <metrics statements="9" coveredstatements="7" conditionals="4" coveredconditionals="1" methods="2" coveredmethods="1"/>
        <line num="77" count="25" type="stmt"/>
        <line num="78" count="25" type="stmt"/>
        <line num="79" count="25" type="stmt"/>
        <line num="80" count="25" type="stmt"/>
        <line num="81" count="25" type="stmt"/>
        <line num="82" count="25" type="stmt"/>
        <line num="83" count="25" type="stmt"/>
        <line num="97" count="0" type="stmt"/>
        <line num="98" count="0" type="cond" truecount="0" falsecount="3"/>
      </file>
      <file name="index.ts" path="/home/iloreus/hei-admin-api/hei-admin-ui/src/gen/haClient/index.ts">
        <metrics statements="0" coveredstatements="0" conditionals="0" coveredconditionals="0" methods="0" coveredmethods="0"/>
      </file>
    </package>
    <package name="src.menu">
      <metrics statements="18" coveredstatements="11" conditionals="8" coveredconditionals="2" methods="5" coveredmethods="2"/>
      <file name="HaMenu.js" path="/home/iloreus/hei-admin-api/hei-admin-ui/src/menu/HaMenu.js">
        <metrics statements="9" coveredstatements="4" conditionals="6" coveredconditionals="1" methods="1" coveredmethods="1"/>
        <line num="7" count="3" type="stmt"/>
        <line num="8" count="13" type="stmt"/>
        <line num="10" count="13" type="cond" truecount="1" falsecount="1"/>
        <line num="11" count="13" type="stmt"/>
        <line num="13" count="0" type="cond" truecount="0" falsecount="2"/>
        <line num="14" count="0" type="stmt"/>
        <line num="16" count="0" type="cond" truecount="0" falsecount="2"/>
        <line num="17" count="0" type="stmt"/>
        <line num="19" count="0" type="stmt"/>
      </file>
      <file name="ManagerMenu.js" path="/home/iloreus/hei-admin-api/hei-admin-ui/src/menu/ManagerMenu.js">
        <metrics statements="2" coveredstatements="1" conditionals="0" coveredconditionals="0" methods="1" coveredmethods="0"/>
        <line num="6" count="3" type="stmt"/>
        <line num="7" count="0" type="stmt"/>
      </file>
      <file name="StudentMenu.js" path="/home/iloreus/hei-admin-api/hei-admin-ui/src/menu/StudentMenu.js">
        <metrics statements="5" coveredstatements="5" conditionals="2" coveredconditionals="1" methods="2" coveredmethods="1"/>
        <line num="8" count="3" type="stmt"/>
        <line num="9" count="13" type="stmt"/>
        <line num="10" count="13" type="stmt"/>
        <line num="11" count="13" type="stmt"/>
        <line num="12" count="13" type="stmt"/>
      </file>
      <file name="TeacherMenu.js" path="/home/iloreus/hei-admin-api/hei-admin-ui/src/menu/TeacherMenu.js">
        <metrics statements="2" coveredstatements="1" conditionals="0" coveredconditionals="0" methods="1" coveredmethods="0"/>
        <line num="5" count="3" type="stmt"/>
        <line num="6" count="0" type="stmt"/>
      </file>
    </package>
    <package name="src.operations.fees">
      <metrics statements="106" coveredstatements="16" conditionals="36" coveredconditionals="0" methods="37" coveredmethods="0"/>
      <file name="ByStatusFeeList.js" path="/home/iloreus/hei-admin-api/hei-admin-ui/src/operations/fees/ByStatusFeeList.js">
        <metrics statements="5" coveredstatements="1" conditionals="2" coveredconditionals="0" methods="3" coveredmethods="0"/>
        <line num="8" count="3" type="stmt"/>
        <line num="9" count="0" type="cond" truecount="0" falsecount="2"/>
        <line num="10" count="0" type="stmt"/>
        <line num="23" count="0" type="stmt"/>
        <line num="26" count="0" type="stmt"/>
      </file>
      <file name="FeeList.js" path="/home/iloreus/hei-admin-api/hei-admin-ui/src/operations/fees/FeeList.js">
        <metrics statements="16" coveredstatements="2" conditionals="4" coveredconditionals="0" methods="6" coveredmethods="0"/>
        <line num="15" count="3" type="stmt"/>
        <line num="16" count="0" type="stmt"/>
        <line num="21" count="3" type="stmt"/>
        <line num="22" count="0" type="stmt"/>
        <line num="23" count="0" type="cond" truecount="0" falsecount="2"/>
        <line num="24" count="0" type="stmt"/>
        <line num="25" count="0" type="stmt"/>
        <line num="26" count="0" type="stmt"/>
        <line num="27" count="0" type="stmt"/>
        <line num="28" count="0" type="stmt"/>
        <line num="29" count="0" type="stmt"/>
        <line num="30" count="0" type="stmt"/>
        <line num="32" count="0" type="stmt"/>
        <line num="36" count="0" type="stmt"/>
        <line num="46" count="0" type="stmt"/>
        <line num="49" count="0" type="stmt"/>
      </file>
      <file name="FeeShow.js" path="/home/iloreus/hei-admin-api/hei-admin-ui/src/operations/fees/FeeShow.js">
        <metrics statements="19" coveredstatements="3" conditionals="4" coveredconditionals="0" methods="8" coveredmethods="0"/>
        <line num="13" count="3" type="stmt"/>
        <line num="14" count="0" type="cond" truecount="0" falsecount="2"/>
        <line num="21" count="3" type="stmt"/>
        <line num="22" count="0" type="stmt"/>
        <line num="27" count="0" type="stmt"/>
        <line num="28" count="0" type="stmt"/>
        <line num="31" count="0" type="cond" truecount="0" falsecount="2"/>
        <line num="41" count="3" type="stmt"/>
        <line num="42" count="0" type="stmt"/>
        <line num="43" count="0" type="stmt"/>
        <line num="44" count="0" type="stmt"/>
        <line num="45" count="0" type="stmt"/>
        <line num="46" count="0" type="stmt"/>
        <line num="47" count="0" type="stmt"/>
        <line num="48" count="0" type="stmt"/>
        <line num="49" count="0" type="stmt"/>
        <line num="50" count="0" type="stmt"/>
        <line num="52" count="0" type="stmt"/>
        <line num="56" count="0" type="stmt"/>
      </file>
      <file name="FeesCreate.js" path="/home/iloreus/hei-admin-api/hei-admin-ui/src/operations/fees/FeesCreate.js">
        <metrics statements="62" coveredstatements="8" conditionals="22" coveredconditionals="0" methods="19" coveredmethods="0"/>
        <line num="20" count="3" type="stmt"/>
        <line num="30" count="3" type="stmt"/>
        <line num="31" count="3" type="stmt"/>
        <line num="32" count="0" type="stmt"/>
        <line num="36" count="0" type="stmt"/>
        <line num="37" count="0" type="stmt"/>
        <line num="42" count="3" type="stmt"/>
        <line num="43" count="0" type="stmt"/>
        <line num="47" count="0" type="stmt"/>
        <line num="51" count="3" type="stmt"/>
        <line num="52" count="0" type="stmt"/>
        <line num="56" count="0" type="stmt"/>
        <line num="61" count="3" type="stmt"/>
        <line num="62" count="0" type="stmt"/>
        <line num="63" count="0" type="stmt"/>
        <line num="64" count="0" type="stmt"/>
        <line num="65" count="0" type="stmt"/>
        <line num="66" count="0" type="stmt"/>
        <line num="67" count="0" type="stmt"/>
        <line num="74" count="0" type="stmt"/>
        <line num="85" count="0" type="stmt"/>
        <line num="95" count="3" type="stmt"/>
        <line num="96" count="0" type="stmt"/>
        <line num="97" count="0" type="stmt"/>
        <line num="98" count="0" type="stmt"/>
        <line num="99" count="0" type="stmt"/>
        <line num="100" count="0" type="stmt"/>
        <line num="101" count="0" type="stmt"/>
        <line num="102" count="0" type="stmt"/>
        <line num="103" count="0" type="stmt"/>
        <line num="105" count="0" type="stmt"/>
        <line num="109" count="0" type="stmt"/>
        <line num="117" count="0" type="stmt"/>
        <line num="118" count="0" type="stmt"/>
        <line num="119" count="0" type="stmt"/>
        <line num="121" count="0" type="stmt"/>
        <line num="122" count="0" type="stmt"/>
        <line num="123" count="0" type="stmt"/>
        <line num="124" count="0" type="stmt"/>
        <line num="125" count="0" type="stmt"/>
        <line num="127" count="0" type="cond" truecount="0" falsecount="2"/>
        <line num="130" count="0" type="stmt"/>
        <line num="131" count="0" type="cond" truecount="0" falsecount="2"/>
        <line num="132" count="0" type="stmt"/>
        <line num="133" count="0" type="stmt"/>
        <line num="142" count="0" type="stmt"/>
        <line num="143" count="0" type="cond" truecount="0" falsecount="2"/>
        <line num="144" count="0" type="stmt"/>
        <line num="145" count="0" type="stmt"/>
        <line num="146" count="0" type="stmt"/>
        <line num="156" count="0" type="stmt"/>
        <line num="158" count="0" type="stmt"/>
        <line num="164" count="0" type="stmt"/>
        <line num="174" count="3" type="stmt"/>
        <line num="175" count="0" type="stmt"/>
        <line num="176" count="0" type="cond" truecount="0" falsecount="2"/>
        <line num="177" count="0" type="cond" truecount="0" falsecount="2"/>
        <line num="178" count="0" type="cond" truecount="0" falsecount="2"/>
        <line num="179" count="0" type="cond" truecount="0" falsecount="2"/>
        <line num="181" count="0" type="stmt"/>
        <line num="182" count="0" type="stmt"/>
        <line num="183" count="0" type="stmt"/>
      </file>
      <file name="byStatusRowStyle.js" path="/home/iloreus/hei-admin-api/hei-admin-ui/src/operations/fees/byStatusRowStyle.js">
        <metrics statements="3" coveredstatements="1" conditionals="4" coveredconditionals="0" methods="1" coveredmethods="0"/>
        <line num="3" count="3" type="stmt"/>
        <line num="4" count="0" type="cond" truecount="0" falsecount="2"/>
        <line num="5" count="0" type="stmt"/>
      </file>
      <file name="index.js" path="/home/iloreus/hei-admin-api/hei-admin-ui/src/operations/fees/index.js">
        <metrics statements="1" coveredstatements="1" conditionals="0" coveredconditionals="0" methods="0" coveredmethods="0"/>
        <line num="7" count="3" type="stmt"/>
      </file>
    </package>
    <package name="src.operations.payments">
      <metrics statements="26" coveredstatements="4" conditionals="4" coveredconditionals="0" methods="10" coveredmethods="0"/>
      <file name="PaymentCreate.js" path="/home/iloreus/hei-admin-api/hei-admin-ui/src/operations/payments/PaymentCreate.js">
        <metrics statements="19" coveredstatements="1" conditionals="2" coveredconditionals="0" methods="7" coveredmethods="0"/>
        <line num="9" count="3" type="stmt"/>
        <line num="10" count="0" type="stmt"/>
        <line num="11" count="0" type="stmt"/>
        <line num="12" count="0" type="stmt"/>
        <line num="13" count="0" type="stmt"/>
        <line num="14" count="0" type="stmt"/>
        <line num="15" count="0" type="stmt"/>
        <line num="16" count="0" type="stmt"/>
        <line num="17" count="0" type="stmt"/>
        <line num="18" count="0" type="stmt"/>
        <line num="20" count="0" type="stmt"/>
        <line num="23" count="0" type="stmt"/>
        <line num="24" count="0" type="stmt"/>
        <line num="25" count="0" type="stmt"/>
        <line num="26" count="0" type="stmt"/>
        <line num="29" count="0" type="stmt"/>
        <line num="34" count="0" type="stmt"/>
        <line num="42" count="0" type="stmt"/>
        <line num="44" count="0" type="stmt"/>
      </file>
      <file name="PaymentList.js" path="/home/iloreus/hei-admin-api/hei-admin-ui/src/operations/payments/PaymentList.js">
        <metrics statements="6" coveredstatements="2" conditionals="2" coveredconditionals="0" methods="3" coveredmethods="0"/>
        <line num="7" count="3" type="stmt"/>
        <line num="8" count="0" type="stmt"/>
        <line num="13" count="3" type="stmt"/>
        <line num="14" count="0" type="stmt"/>
        <line num="15" count="0" type="stmt"/>
        <line num="27" count="0" type="stmt"/>
      </file>
      <file name="index.js" path="/home/iloreus/hei-admin-api/hei-admin-ui/src/operations/payments/index.js">
        <metrics statements="1" coveredstatements="1" conditionals="0" coveredconditionals="0" methods="0" coveredmethods="0"/>
        <line num="5" count="3" type="stmt"/>
      </file>
    </package>
    <package name="src.operations.profile">
      <metrics statements="29" coveredstatements="18" conditionals="14" coveredconditionals="4" methods="9" coveredmethods="6"/>
      <file name="ProfileEdit.js" path="/home/iloreus/hei-admin-api/hei-admin-ui/src/operations/profile/ProfileEdit.js">
        <metrics statements="10" coveredstatements="3" conditionals="4" coveredconditionals="0" methods="3" coveredmethods="0"/>
        <line num="5" count="3" type="stmt"/>
        <line num="6" count="0" type="stmt"/>
        <line num="15" count="3" type="stmt"/>
        <line num="16" count="0" type="stmt"/>
        <line num="17" count="0" type="stmt"/>
        <line num="18" count="0" type="cond" truecount="0" falsecount="2"/>
        <line num="19" count="0" type="cond" truecount="0" falsecount="2"/>
        <line num="20" count="0" type="stmt"/>
        <line num="23" count="3" type="stmt"/>
        <line num="24" count="0" type="stmt"/>
      </file>
      <file name="ProfileShow.js" path="/home/iloreus/hei-admin-api/hei-admin-ui/src/operations/profile/ProfileShow.js">
        <metrics statements="17" coveredstatements="13" conditionals="10" coveredconditionals="4" methods="6" coveredmethods="6"/>
        <line num="6" count="3" type="stmt"/>
        <line num="7" count="5" type="stmt"/>
        <line num="8" count="5" type="cond" truecount="1" falsecount="1"/>
        <line num="9" count="0" type="cond" truecount="0" falsecount="2"/>
        <line num="10" count="0" type="stmt"/>
        <line num="12" count="5" type="stmt"/>
        <line num="13" count="5" type="cond" truecount="1" falsecount="1"/>
        <line num="14" count="0" type="cond" truecount="0" falsecount="2"/>
        <line num="15" count="0" type="stmt"/>
        <line num="17" count="5" type="stmt"/>
        <line num="19" count="5" type="stmt"/>
        <line num="20" count="5" type="cond" truecount="2" falsecount="0"/>
        <line num="21" count="3" type="stmt"/>
        <line num="24" count="5" type="stmt"/>
        <line num="41" count="3" type="stmt"/>
        <line num="42" count="5" type="stmt"/>
        <line num="43" count="5" type="stmt"/>
      </file>
      <file name="index.js" path="/home/iloreus/hei-admin-api/hei-admin-ui/src/operations/profile/index.js">
        <metrics statements="2" coveredstatements="2" conditionals="0" coveredconditionals="0" methods="0" coveredmethods="0"/>
        <line num="4" count="3" type="stmt"/>
        <line num="10" count="3" type="stmt"/>
      </file>
    </package>
    <package name="src.operations.studentGrades">
      <metrics statements="1" coveredstatements="1" conditionals="0" coveredconditionals="0" methods="0" coveredmethods="0"/>
      <file name="index.js" path="/home/iloreus/hei-admin-api/hei-admin-ui/src/operations/studentGrades/index.js">
        <metrics statements="1" coveredstatements="1" conditionals="0" coveredconditionals="0" methods="0" coveredmethods="0"/>
        <line num="5" count="3" type="stmt"/>
      </file>
    </package>
    <package name="src.operations.students">
      <metrics statements="37" coveredstatements="5" conditionals="16" coveredconditionals="0" methods="9" coveredmethods="0"/>
      <file name="StudentCreate.js" path="/home/iloreus/hei-admin-api/hei-admin-ui/src/operations/students/StudentCreate.js">
        <metrics statements="27" coveredstatements="1" conditionals="10" coveredconditionals="0" methods="6" coveredmethods="0"/>
        <line num="7" count="3" type="stmt"/>
        <line num="8" count="0" type="stmt"/>
        <line num="16" count="0" type="stmt"/>
        <line num="17" count="0" type="stmt"/>
        <line num="18" count="0" type="stmt"/>
        <line num="19" count="0" type="stmt"/>
        <line num="21" count="0" type="stmt"/>
        <line num="22" count="0" type="stmt"/>
        <line num="23" count="0" type="stmt"/>
        <line num="35" count="0" type="stmt"/>
        <line num="36" count="0" type="stmt"/>
        <line num="37" count="0" type="stmt"/>
        <line num="38" count="0" type="stmt"/>
        <line num="39" count="0" type="stmt"/>
        <line num="41" count="0" type="cond" truecount="0" falsecount="2"/>
        <line num="42" count="0" type="cond" truecount="0" falsecount="2"/>
        <line num="43" count="0" type="stmt"/>
        <line num="44" count="0" type="stmt"/>
        <line num="45" count="0" type="cond" truecount="0" falsecount="2"/>
        <line num="46" count="0" type="stmt"/>
        <line num="47" count="0" type="stmt"/>
        <line num="48" count="0" type="stmt"/>
        <line num="57" count="0" type="stmt"/>
        <line num="58" count="0" type="stmt"/>
        <line num="59" count="0" type="stmt"/>
        <line num="61" count="0" type="stmt"/>
        <line num="78" count="0" type="stmt"/>
      </file>
      <file name="StudentList.js" path="/home/iloreus/hei-admin-api/hei-admin-ui/src/operations/students/StudentList.js">
        <metrics statements="3" coveredstatements="1" conditionals="2" coveredconditionals="0" methods="1" coveredmethods="0"/>
        <line num="9" count="3" type="stmt"/>
        <line num="10" count="0" type="stmt"/>
        <line num="11" count="0" type="stmt"/>
      </file>
      <file name="StudentShow.js" path="/home/iloreus/hei-admin-api/hei-admin-ui/src/operations/students/StudentShow.js">
        <metrics statements="6" coveredstatements="2" conditionals="4" coveredconditionals="0" methods="2" coveredmethods="0"/>
        <line num="9" count="3" type="stmt"/>
        <line num="10" count="0" type="stmt"/>
        <line num="11" count="0" type="stmt"/>
        <line num="23" count="3" type="stmt"/>
        <line num="24" count="0" type="stmt"/>
        <line num="25" count="0" type="stmt"/>
      </file>
      <file name="index.js" path="/home/iloreus/hei-admin-api/hei-admin-ui/src/operations/students/index.js">
        <metrics statements="1" coveredstatements="1" conditionals="0" coveredconditionals="0" methods="0" coveredmethods="0"/>
        <line num="7" count="3" type="stmt"/>
      </file>
    </package>
    <package name="src.operations.teachers">
      <metrics statements="12" coveredstatements="6" conditionals="0" coveredconditionals="0" methods="5" coveredmethods="0"/>
      <file name="TeacherCreate.js" path="/home/iloreus/hei-admin-api/hei-admin-ui/src/operations/teachers/TeacherCreate.js">
        <metrics statements="5" coveredstatements="2" conditionals="0" coveredconditionals="0" methods="2" coveredmethods="0"/>
        <line num="4" count="3" type="stmt"/>
        <line num="5" count="0" type="stmt"/>
        <line num="6" count="0" type="stmt"/>
        <line num="8" count="3" type="stmt"/>
        <line num="9" count="0" type="stmt"/>
      </file>
      <file name="TeacherList.js" path="/home/iloreus/hei-admin-api/hei-admin-ui/src/operations/teachers/TeacherList.js">
        <metrics statements="2" coveredstatements="1" conditionals="0" coveredconditionals="0" methods="1" coveredmethods="0"/>
        <line num="6" count="3" type="stmt"/>
        <line num="7" count="0" type="stmt"/>
      </file>
      <file name="TeacherShow.js" path="/home/iloreus/hei-admin-api/hei-admin-ui/src/operations/teachers/TeacherShow.js">
        <metrics statements="4" coveredstatements="2" conditionals="0" coveredconditionals="0" methods="2" coveredmethods="0"/>
        <line num="5" count="3" type="stmt"/>
        <line num="6" count="0" type="stmt"/>
        <line num="13" count="3" type="stmt"/>
        <line num="14" count="0" type="stmt"/>
      </file>
      <file name="index.js" path="/home/iloreus/hei-admin-api/hei-admin-ui/src/operations/teachers/index.js">
        <metrics statements="1" coveredstatements="1" conditionals="0" coveredconditionals="0" methods="0" coveredmethods="0"/>
        <line num="7" count="3" type="stmt"/>
      </file>
    </package>
    <package name="src.operations.utils">
      <metrics statements="33" coveredstatements="13" conditionals="25" coveredconditionals="1" methods="9" coveredmethods="2"/>
      <file name="CustomDateField.js" path="/home/iloreus/hei-admin-api/hei-admin-ui/src/operations/utils/CustomDateField.js">
        <metrics statements="4" coveredstatements="4" conditionals="2" coveredconditionals="1" methods="1" coveredmethods="1"/>
        <line num="3" count="3" type="stmt"/>
        <line num="4" count="10" type="stmt"/>
        <line num="5" count="10" type="cond" truecount="1" falsecount="1"/>
        <line num="6" count="10" type="stmt"/>
      </file>
      <file name="EditToolBar.js" path="/home/iloreus/hei-admin-api/hei-admin-ui/src/operations/utils/EditToolBar.js">
        <metrics statements="2" coveredstatements="1" conditionals="0" coveredconditionals="0" methods="1" coveredmethods="0"/>
        <line num="3" count="3" type="stmt"/>
        <line num="4" count="0" type="stmt"/>
      </file>
      <file name="PrevNextPagination.js" path="/home/iloreus/hei-admin-api/hei-admin-ui/src/operations/utils/PrevNextPagination.js">
        <metrics statements="15" coveredstatements="2" conditionals="17" coveredconditionals="0" methods="3" coveredmethods="0"/>
        <line num="7" count="3" type="stmt"/>
        <line num="9" count="3" type="stmt"/>
        <line num="10" count="0" type="stmt"/>
        <line num="11" count="0" type="stmt"/>
        <line num="12" count="0" type="cond" truecount="0" falsecount="2"/>
        <line num="13" count="0" type="cond" truecount="0" falsecount="6"/>
        <line num="14" count="0" type="stmt"/>
        <line num="15" count="0" type="stmt"/>
        <line num="17" count="0" type="cond" truecount="0" falsecount="4"/>
        <line num="21" count="0" type="stmt"/>
        <line num="24" count="0" type="stmt"/>
        <line num="25" count="0" type="stmt"/>
        <line num="26" count="0" type="stmt"/>
        <line num="28" count="0" type="stmt"/>
        <line num="37" count="0" type="stmt"/>
      </file>
      <file name="SexRadioButton.js" path="/home/iloreus/hei-admin-api/hei-admin-ui/src/operations/utils/SexRadioButton.js">
        <metrics statements="2" coveredstatements="1" conditionals="0" coveredconditionals="0" methods="1" coveredmethods="0"/>
        <line num="3" count="3" type="stmt"/>
        <line num="4" count="0" type="stmt"/>
      </file>
      <file name="index.js" path="/home/iloreus/hei-admin-api/hei-admin-ui/src/operations/utils/index.js">
        <metrics statements="0" coveredstatements="0" conditionals="0" coveredconditionals="0" methods="0" coveredmethods="0"/>
      </file>
      <file name="money.ts" path="/home/iloreus/hei-admin-api/hei-admin-ui/src/operations/utils/money.ts">
        <metrics statements="3" coveredstatements="2" conditionals="0" coveredconditionals="0" methods="1" coveredmethods="0"/>
        <line num="1" count="3" type="stmt"/>
        <line num="3" count="3" type="stmt"/>
        <line num="4" count="0" type="stmt"/>
      </file>
      <file name="typography.js" path="/home/iloreus/hei-admin-api/hei-admin-ui/src/operations/utils/typography.js">
        <metrics statements="7" coveredstatements="3" conditionals="6" coveredconditionals="0" methods="2" coveredmethods="1"/>
        <line num="1" count="3" type="stmt"/>
        <line num="2" count="3" type="stmt"/>
        <line num="4" count="3" type="stmt"/>
        <line num="5" count="0" type="cond" truecount="0" falsecount="2"/>
        <line num="6" count="0" type="cond" truecount="0" falsecount="2"/>
        <line num="7" count="0" type="cond" truecount="0" falsecount="2"/>
        <line num="8" count="0" type="stmt"/>
      </file>
    </package>
    <package name="src.providers">
      <metrics statements="157" coveredstatements="65" conditionals="42" coveredconditionals="6" methods="54" coveredmethods="19"/>
      <file name="api.js" path="/home/iloreus/hei-admin-api/hei-admin-ui/src/providers/api.js">
        <metrics statements="2" coveredstatements="2" conditionals="0" coveredconditionals="0" methods="2" coveredmethods="1"/>
        <line num="4" count="5" type="stmt"/>
        <line num="5" count="3" type="stmt"/>
      </file>
      <file name="authProvider.ts" path="/home/iloreus/hei-admin-api/hei-admin-ui/src/providers/authProvider.ts">
        <metrics statements="57" coveredstatements="41" conditionals="6" coveredconditionals="4" methods="20" coveredmethods="14"/>
        <line num="12" count="3" type="stmt"/>
        <line num="14" count="3" type="stmt"/>
        <line num="15" count="3" type="stmt"/>
        <line num="16" count="3" type="stmt"/>
        <line num="17" count="3" type="stmt"/>
        <line num="18" count="3" type="stmt"/>
        <line num="19" count="3" type="stmt"/>
        <line num="20" count="3" type="stmt"/>
        <line num="22" count="3" type="stmt"/>
        <line num="23" count="35" type="stmt"/>
        <line num="24" count="20" type="stmt"/>
        <line num="25" count="20" type="stmt"/>
        <line num="26" count="20" type="stmt"/>
        <line num="27" count="20" type="stmt"/>
        <line num="29" count="17" type="stmt"/>
        <line num="31" count="0" type="stmt"/>
        <line num="32" count="0" type="stmt"/>
        <line num="36" count="3" type="stmt"/>
        <line num="38" count="3" type="stmt"/>
        <line num="40" count="3" type="stmt"/>
        <line num="41" count="5" type="stmt"/>
        <line num="42" count="5" type="stmt"/>
        <line num="43" count="5" type="stmt"/>
        <line num="46" count="69" type="stmt"/>
        <line num="48" count="15" type="stmt"/>
        <line num="50" count="3" type="stmt"/>
        <line num="51" count="5" type="stmt"/>
        <line num="52" count="5" type="stmt"/>
        <line num="53" count="5" type="stmt"/>
        <line num="56" count="3" type="stmt"/>
        <line num="61" count="5" type="stmt"/>
        <line num="62" count="5" type="cond" truecount="1" falsecount="1"/>
        <line num="63" count="0" type="stmt"/>
        <line num="64" count="0" type="stmt"/>
        <line num="65" count="0" type="stmt"/>
        <line num="66" count="0" type="stmt"/>
        <line num="68" count="5" type="stmt"/>
        <line num="72" count="5" type="stmt"/>
        <line num="73" count="5" type="stmt"/>
        <line num="74" count="5" type="stmt"/>
        <line num="78" count="30" type="stmt"/>
        <line num="80" count="12" type="cond" truecount="3" falsecount="1"/>
        <line num="81" count="0" type="stmt"/>
        <line num="85" count="15" type="stmt"/>
        <line num="89" count="0" type="stmt"/>
        <line num="91" count="0" type="stmt"/>
        <line num="93" count="10" type="stmt"/>
        <line num="98" count="5" type="stmt"/>
        <line num="99" count="5" type="stmt"/>
        <line num="100" count="5" type="stmt"/>
        <line num="104" count="0" type="stmt"/>
        <line num="105" count="0" type="stmt"/>
        <line num="106" count="0" type="stmt"/>
        <line num="107" count="0" type="stmt"/>
        <line num="108" count="0" type="stmt"/>
        <line num="109" count="0" type="stmt"/>
        <line num="110" count="0" type="stmt"/>
      </file>
      <file name="dataProvider.ts" path="/home/iloreus/hei-admin-api/hei-admin-ui/src/providers/dataProvider.ts">
        <metrics statements="31" coveredstatements="7" conditionals="18" coveredconditionals="1" methods="6" coveredmethods="2"/>
        <line num="9" count="3" type="stmt"/>
        <line num="11" count="3" type="stmt"/>
        <line num="12" count="5" type="cond" truecount="1" falsecount="1"/>
        <line num="13" count="0" type="cond" truecount="0" falsecount="2"/>
        <line num="14" count="0" type="cond" truecount="0" falsecount="2"/>
        <line num="15" count="0" type="cond" truecount="0" falsecount="2"/>
        <line num="16" count="0" type="cond" truecount="0" falsecount="2"/>
        <line num="17" count="0" type="stmt"/>
        <line num="20" count="3" type="stmt"/>
        <line num="22" count="0" type="stmt"/>
        <line num="23" count="0" type="cond" truecount="0" falsecount="2"/>
        <line num="24" count="0" type="stmt"/>
        <line num="25" count="0" type="cond" truecount="0" falsecount="2"/>
        <line num="26" count="0" type="stmt"/>
        <line num="27" count="0" type="stmt"/>
        <line num="30" count="0" type="stmt"/>
        <line num="31" count="0" type="stmt"/>
        <line num="32" count="0" type="stmt"/>
        <line num="35" count="5" type="stmt"/>
        <line num="36" count="5" type="stmt"/>
        <line num="39" count="0" type="stmt"/>
        <line num="40" count="0" type="stmt"/>
        <line num="43" count="0" type="stmt"/>
        <line num="46" count="0" type="stmt"/>
        <line num="50" count="3" type="stmt"/>
        <line num="51" count="0" type="stmt"/>
        <line num="52" count="0" type="stmt"/>
        <line num="53" count="0" type="stmt"/>
        <line num="54" count="0" type="stmt"/>
        <line num="55" count="0" type="stmt"/>
        <line num="57" count="0" type="stmt"/>
      </file>
      <file name="feeProvider.ts" path="/home/iloreus/hei-admin-api/hei-admin-ui/src/providers/feeProvider.ts">
        <metrics statements="19" coveredstatements="5" conditionals="6" coveredconditionals="0" methods="8" coveredmethods="0"/>
        <line num="4" count="3" type="stmt"/>
        <line num="5" count="3" type="stmt"/>
        <line num="6" count="3" type="stmt"/>
        <line num="7" count="0" type="stmt"/>
        <line num="8" count="0" type="stmt"/>
        <line num="10" count="3" type="stmt"/>
        <line num="12" count="3" type="stmt"/>
        <line num="14" count="0" type="cond" truecount="0" falsecount="2"/>
        <line num="17" count="0" type="stmt"/>
        <line num="23" count="0" type="stmt"/>
        <line num="24" count="0" type="stmt"/>
        <line num="25" count="0" type="stmt"/>
        <line num="28" count="0" type="stmt"/>
        <line num="29" count="0" type="cond" truecount="0" falsecount="2"/>
        <line num="30" count="0" type="stmt"/>
        <line num="31" count="0" type="cond" truecount="0" falsecount="2"/>
        <line num="32" count="0" type="stmt"/>
        <line num="36" count="0" type="stmt"/>
        <line num="37" count="0" type="stmt"/>
      </file>
      <file name="paymentProvider.ts" path="/home/iloreus/hei-admin-api/hei-admin-ui/src/providers/paymentProvider.ts">
        <metrics statements="15" coveredstatements="3" conditionals="2" coveredconditionals="0" methods="6" coveredmethods="0"/>
        <line num="6" count="3" type="stmt"/>
        <line num="7" count="3" type="stmt"/>
        <line num="9" count="3" type="stmt"/>
        <line num="11" count="0" type="stmt"/>
        <line num="12" count="0" type="stmt"/>
        <line num="13" count="0" type="stmt"/>
        <line num="19" count="0" type="stmt"/>
        <line num="22" count="0" type="stmt"/>
        <line num="23" count="0" type="stmt"/>
        <line num="24" count="0" type="stmt"/>
        <line num="25" count="0" type="cond" truecount="0" falsecount="2"/>
        <line num="26" count="0" type="stmt"/>
        <line num="30" count="0" type="stmt"/>
        <line num="31" count="0" type="stmt"/>
        <line num="32" count="0" type="stmt"/>
      </file>
      <file name="profileProvider.ts" path="/home/iloreus/hei-admin-api/hei-admin-ui/src/providers/profileProvider.ts">
        <metrics statements="13" coveredstatements="5" conditionals="6" coveredconditionals="1" methods="6" coveredmethods="2"/>
        <line num="6" count="3" type="stmt"/>
        <line num="8" count="5" type="stmt"/>
        <line num="9" count="5" type="cond" truecount="1" falsecount="1"/>
        <line num="10" count="5" type="stmt"/>
        <line num="12" count="5" type="stmt"/>
        <line num="14" count="0" type="cond" truecount="0" falsecount="2"/>
        <line num="15" count="0" type="stmt"/>
        <line num="17" count="0" type="stmt"/>
        <line num="19" count="0" type="cond" truecount="0" falsecount="2"/>
        <line num="20" count="0" type="stmt"/>
        <line num="22" count="0" type="stmt"/>
        <line num="26" count="0" type="stmt"/>
        <line num="29" count="0" type="stmt"/>
      </file>
      <file name="studentProvider.ts" path="/home/iloreus/hei-admin-api/hei-admin-ui/src/providers/studentProvider.ts">
        <metrics statements="13" coveredstatements="1" conditionals="4" coveredconditionals="0" methods="3" coveredmethods="0"/>
        <line num="5" count="3" type="stmt"/>
        <line num="7" count="0" type="stmt"/>
        <line num="8" count="0" type="stmt"/>
        <line num="11" count="0" type="stmt"/>
        <line num="12" count="0" type="stmt"/>
        <line num="15" count="0" type="cond" truecount="0" falsecount="2"/>
        <line num="17" count="0" type="stmt"/>
        <line num="18" count="0" type="stmt"/>
        <line num="19" count="0" type="stmt"/>
        <line num="20" count="0" type="cond" truecount="0" falsecount="2"/>
        <line num="21" count="0" type="stmt"/>
        <line num="24" count="0" type="stmt"/>
        <line num="25" count="0" type="stmt"/>
      </file>
      <file name="teacherProvider.ts" path="/home/iloreus/hei-admin-api/hei-admin-ui/src/providers/teacherProvider.ts">
        <metrics statements="7" coveredstatements="1" conditionals="0" coveredconditionals="0" methods="3" coveredmethods="0"/>
        <line num="4" count="3" type="stmt"/>
        <line num="6" count="0" type="stmt"/>
        <line num="7" count="0" type="stmt"/>
        <line num="10" count="0" type="stmt"/>
        <line num="11" count="0" type="stmt"/>
        <line num="14" count="0" type="stmt"/>
        <line num="15" count="0" type="stmt"/>
      </file>
    </package>
    <package name="src.security">
      <metrics statements="46" coveredstatements="17" conditionals="18" coveredconditionals="2" methods="12" coveredmethods="4"/>
      <file name="CompletePasswordPage.js" path="/home/iloreus/hei-admin-api/hei-admin-ui/src/security/CompletePasswordPage.js">
        <metrics statements="31" coveredstatements="4" conditionals="14" coveredconditionals="0" methods="6" coveredmethods="0"/>
        <line num="5" count="3" type="stmt"/>
        <line num="54" count="3" type="stmt"/>
        <line num="55" count="0" type="stmt"/>
        <line num="58" count="3" type="stmt"/>
        <line num="59" count="0" type="stmt"/>
        <line num="60" count="0" type="stmt"/>
        <line num="61" count="0" type="stmt"/>
        <line num="62" count="0" type="stmt"/>
        <line num="63" count="0" type="cond" truecount="0" falsecount="2"/>
        <line num="64" count="0" type="stmt"/>
        <line num="65" count="0" type="cond" truecount="0" falsecount="2"/>
        <line num="66" count="0" type="stmt"/>
        <line num="67" count="0" type="cond" truecount="0" falsecount="2"/>
        <line num="68" count="0" type="stmt"/>
        <line num="69" count="0" type="cond" truecount="0" falsecount="2"/>
        <line num="70" count="0" type="stmt"/>
        <line num="72" count="0" type="stmt"/>
        <line num="74" count="0" type="stmt"/>
        <line num="75" count="0" type="stmt"/>
        <line num="76" count="0" type="stmt"/>
        <line num="77" count="0" type="cond" truecount="0" falsecount="2"/>
        <line num="78" count="0" type="stmt"/>
        <line num="79" count="0" type="cond" truecount="0" falsecount="2"/>
        <line num="80" count="0" type="stmt"/>
        <line num="81" count="0" type="cond" truecount="0" falsecount="2"/>
        <line num="82" count="0" type="stmt"/>
        <line num="86" count="0" type="stmt"/>
        <line num="89" count="0" type="stmt"/>
        <line num="96" count="0" type="stmt"/>
        <line num="109" count="3" type="stmt"/>
        <line num="110" count="0" type="stmt"/>
      </file>
      <file name="LoginPage.js" path="/home/iloreus/hei-admin-api/hei-admin-ui/src/security/LoginPage.js">
        <metrics statements="9" coveredstatements="7" conditionals="4" coveredconditionals="2" methods="5" coveredmethods="3"/>
        <line num="7" count="3" type="stmt"/>
        <line num="8" count="0" type="stmt"/>
        <line num="9" count="0" type="stmt"/>
        <line num="36" count="3" type="stmt"/>
        <line num="37" count="5" type="stmt"/>
        <line num="38" count="5" type="stmt"/>
        <line num="39" count="5" type="stmt"/>
        <line num="40" count="5" type="cond" truecount="1" falsecount="1"/>
        <line num="42" count="5" type="stmt"/>
      </file>
      <file name="permissions.ts" path="/home/iloreus/hei-admin-api/hei-admin-ui/src/security/permissions.ts">
        <metrics statements="6" coveredstatements="6" conditionals="0" coveredconditionals="0" methods="1" coveredmethods="1"/>
        <line num="3" count="3" type="stmt"/>
        <line num="4" count="10" type="stmt"/>
        <line num="6" count="10" type="stmt"/>
        <line num="7" count="10" type="stmt"/>
        <line num="9" count="10" type="stmt"/>
        <line num="31" count="10" type="stmt"/>
      </file>
    </package>
  </project>
</coverage>
