{
  "/home/iloreus/hei-admin-api/hei-admin-ui/src/App.js": {
    "path": "/home/iloreus/hei-admin-api/hei-admin-ui/src/App.js",
    "statementMap": {
      "0": { "start": { "line": 24, "column": 18 }, "end": { "line": 24, "column": 74 } },
      "1": { "start": { "line": 24, "column": 35 }, "end": { "line": 24, "column": 73 } },
      "2": { "start": { "line": 25, "column": 12 }, "end": { "line": 64, "column": 1 } },
      "3": { "start": { "line": 26, "column": 2 }, "end": { "line": 63, "column": 10 } },
      "4": { "start": { "line": 30, "column": 45 }, "end": { "line": 30, "column": 59 } }
    },
    "fnMap": {
      "0": {
        "name": "(anonymous_0)",
        "decl": { "start": { "line": 24, "column": 29 }, "end": { "line": 24, "column": 30 } },
        "loc": { "start": { "line": 24, "column": 35 }, "end": { "line": 24, "column": 73 } },
        "line": 24
      },
      "1": {
        "name": "(anonymous_1)",
        "decl": { "start": { "line": 25, "column": 12 }, "end": { "line": 25, "column": 13 } },
        "loc": { "start": { "line": 26, "column": 2 }, "end": { "line": 63, "column": 10 } },
        "line": 26
      },
      "2": {
        "name": "(anonymous_2)",
        "decl": { "start": { "line": 30, "column": 39 }, "end": { "line": 30, "column": 40 } },
        "loc": { "start": { "line": 30, "column": 45 }, "end": { "line": 30, "column": 59 } },
        "line": 30
      }
    },
    "branchMap": {},
    "s": { "0": 3, "1": 0, "2": 3, "3": 5, "4": 5 },
    "f": { "0": 0, "1": 5, "2": 5 },
    "b": {},
    "_coverageSchema": "43e27e138ebf9cfc5966b082cf9a028302ed4184",
    "hash": "1bc3788baa997ed1616c00c47d7ed44f8afa6f8f"
  },
  "/home/iloreus/hei-admin-api/hei-admin-ui/src/HaAppBar.js": {
    "path": "/home/iloreus/hei-admin-api/hei-admin-ui/src/HaAppBar.js",
    "statementMap": {
      "0": { "start": { "line": 6, "column": 17 }, "end": { "line": 18, "column": 1 } },
      "1": { "start": { "line": 7, "column": 17 }, "end": { "line": 10, "column": 3 } },
      "2": { "start": { "line": 8, "column": 4 }, "end": { "line": 8, "column": 25 } },
      "3": { "start": { "line": 9, "column": 4 }, "end": { "line": 9, "column": 28 } },
      "4": { "start": { "line": 11, "column": 2 }, "end": { "line": 17, "column": 3 } },
      "5": { "start": { "line": 20, "column": 17 }, "end": { "line": 27, "column": 1 } },
      "6": { "start": { "line": 21, "column": 2 }, "end": { "line": 26, "column": 3 } }
    },
    "fnMap": {
      "0": {
        "name": "(anonymous_0)",
        "decl": { "start": { "line": 6, "column": 17 }, "end": { "line": 6, "column": 18 } },
        "loc": { "start": { "line": 6, "column": 23 }, "end": { "line": 18, "column": 1 } },
        "line": 6
      },
      "1": {
        "name": "(anonymous_1)",
        "decl": { "start": { "line": 7, "column": 17 }, "end": { "line": 7, "column": 18 } },
        "loc": { "start": { "line": 7, "column": 23 }, "end": { "line": 10, "column": 3 } },
        "line": 7
      },
      "2": {
        "name": "(anonymous_2)",
        "decl": { "start": { "line": 20, "column": 17 }, "end": { "line": 20, "column": 18 } },
        "loc": { "start": { "line": 20, "column": 26 }, "end": { "line": 27, "column": 1 } },
        "line": 20
      }
    },
    "branchMap": {},
    "s": { "0": 3, "1": 13, "2": 0, "3": 0, "4": 13, "5": 3, "6": 13 },
    "f": { "0": 13, "1": 0, "2": 13 },
    "b": {},
    "_coverageSchema": "43e27e138ebf9cfc5966b082cf9a028302ed4184",
    "hash": "98f6d4d1023eaa4523d222ee47c0f715946df13a"
  },
  "/home/iloreus/hei-admin-api/hei-admin-ui/src/HaLayout.js": {
    "path": "/home/iloreus/hei-admin-api/hei-admin-ui/src/HaLayout.js",
    "statementMap": {
      "0": { "start": { "line": 8, "column": 17 }, "end": { "line": 12, "column": 1 } },
      "1": { "start": { "line": 9, "column": 2 }, "end": { "line": 11, "column": 23 } }
    },
    "fnMap": {
      "0": {
        "name": "(anonymous_0)",
        "decl": { "start": { "line": 8, "column": 17 }, "end": { "line": 8, "column": 18 } },
        "loc": { "start": { "line": 9, "column": 2 }, "end": { "line": 11, "column": 23 } },
        "line": 9
      }
    },
    "branchMap": {},
    "s": { "0": 3, "1": 13 },
    "f": { "0": 13 },
    "b": {},
    "_coverageSchema": "43e27e138ebf9cfc5966b082cf9a028302ed4184",
    "hash": "cdbb31ee9cf28f0b1d930a412312da56a7c8762e"
  },
  "/home/iloreus/hei-admin-api/hei-admin-ui/src/MyBreadcrumb.js": {
    "path": "/home/iloreus/hei-admin-api/hei-admin-ui/src/MyBreadcrumb.js",
    "statementMap": {
      "0": { "start": { "line": 5, "column": 28 }, "end": { "line": 44, "column": 1 } },
      "1": { "start": { "line": 6, "column": 38 }, "end": { "line": 6, "column": 53 } },
      "2": { "start": { "line": 7, "column": 26 }, "end": { "line": 21, "column": 3 } },
      "3": { "start": { "line": 8, "column": 4 }, "end": { "line": 19, "column": 5 } },
      "4": { "start": { "line": 9, "column": 6 }, "end": { "line": 18, "column": 7 } },
      "5": { "start": { "line": 10, "column": 8 }, "end": { "line": 10, "column": 40 } },
      "6": { "start": { "line": 12, "column": 25 }, "end": { "line": 15, "column": 9 } },
      "7": { "start": { "line": 13, "column": 26 }, "end": { "line": 13, "column": 90 } },
      "8": { "start": { "line": 14, "column": 10 }, "end": { "line": 14, "column": 41 } },
      "9": { "start": { "line": 16, "column": 8 }, "end": { "line": 16, "column": 18 } },
      "10": { "start": { "line": 17, "column": 8 }, "end": { "line": 17, "column": 40 } },
      "11": { "start": { "line": 20, "column": 4 }, "end": { "line": 20, "column": 31 } },
      "12": { "start": { "line": 23, "column": 2 }, "end": { "line": 43, "column": 3 } }
    },
    "fnMap": {
      "0": {
        "name": "(anonymous_0)",
        "decl": { "start": { "line": 5, "column": 28 }, "end": { "line": 5, "column": 29 } },
        "loc": { "start": { "line": 5, "column": 34 }, "end": { "line": 44, "column": 1 } },
        "line": 5
      },
      "1": {
        "name": "(anonymous_1)",
        "decl": { "start": { "line": 7, "column": 26 }, "end": { "line": 7, "column": 27 } },
        "loc": { "start": { "line": 7, "column": 42 }, "end": { "line": 21, "column": 3 } },
        "line": 7
      },
      "2": {
        "name": "(anonymous_2)",
        "decl": { "start": { "line": 12, "column": 25 }, "end": { "line": 12, "column": 26 } },
        "loc": { "start": { "line": 12, "column": 37 }, "end": { "line": 15, "column": 9 } },
        "line": 12
      }
    },
    "branchMap": {
      "0": {
        "loc": { "start": { "line": 8, "column": 4 }, "end": { "line": 19, "column": 5 } },
        "type": "if",
        "locations": [
          { "start": { "line": 8, "column": 4 }, "end": { "line": 19, "column": 5 } },
          { "start": { "line": 8, "column": 4 }, "end": { "line": 19, "column": 5 } }
        ],
        "line": 8
      },
      "1": {
        "loc": { "start": { "line": 9, "column": 6 }, "end": { "line": 18, "column": 7 } },
        "type": "if",
        "locations": [
          { "start": { "line": 9, "column": 6 }, "end": { "line": 18, "column": 7 } },
          { "start": { "line": 9, "column": 6 }, "end": { "line": 18, "column": 7 } }
        ],
        "line": 9
      }
    },
    "s": { "0": 3, "1": 13, "2": 13, "3": 0, "4": 0, "5": 0, "6": 0, "7": 0, "8": 0, "9": 0, "10": 0, "11": 0, "12": 13 },
    "f": { "0": 13, "1": 0, "2": 0 },
    "b": { "0": [0, 0], "1": [0, 0] },
    "_coverageSchema": "43e27e138ebf9cfc5966b082cf9a028302ed4184",
    "hash": "87c4359e91f3b750fb006c062526181aa53d87c6"
  },
  "/home/iloreus/hei-admin-api/hei-admin-ui/src/aws-exports.js": {
    "path": "/home/iloreus/hei-admin-api/hei-admin-ui/src/aws-exports.js",
    "statementMap": { "0": { "start": { "line": 4, "column": 18 }, "end": { "line": 33, "column": 1 } } },
    "fnMap": {},
    "branchMap": {},
    "s": { "0": 3 },
    "f": {},
    "b": {},
    "_coverageSchema": "43e27e138ebf9cfc5966b082cf9a028302ed4184",
    "hash": "4a3a0ff748741cd9245bbe362ff9b8c07ea2c152"
  },
  "/home/iloreus/hei-admin-api/hei-admin-ui/src/conf.js": {
    "path": "/home/iloreus/hei-admin-api/hei-admin-ui/src/conf.js",
    "statementMap": {
      "0": { "start": { "line": 1, "column": 27 }, "end": { "line": 1, "column": 31 } },
      "1": { "start": { "line": 3, "column": 28 }, "end": { "line": 3, "column": 48 } },
      "2": { "start": { "line": 5, "column": 34 }, "end": { "line": 32, "column": 1 } },
      "3": { "start": { "line": 33, "column": 30 }, "end": { "line": 36, "column": 1 } },
      "4": { "start": { "line": 38, "column": 39 }, "end": { "line": 42, "column": 1 } },
      "5": { "start": { "line": 44, "column": 28 }, "end": { "line": 47, "column": 1 } }
    },
    "fnMap": {},
    "branchMap": {},
    "s": { "0": 3, "1": 3, "2": 3, "3": 3, "4": 3, "5": 3 },
    "f": {},
    "b": {},
    "_coverageSchema": "43e27e138ebf9cfc5966b082cf9a028302ed4184",
    "hash": "5ae29c88b40b63b16a095a343a576c9dc2999df5"
  },
  "/home/iloreus/hei-admin-api/hei-admin-ui/src/haTheme.js": {
    "path": "/home/iloreus/hei-admin-api/hei-admin-ui/src/haTheme.js",
    "statementMap": { "0": { "start": { "line": 4, "column": 25 }, "end": { "line": 18, "column": 2 } } },
    "fnMap": {},
    "branchMap": {},
    "s": { "0": 3 },
    "f": {},
    "b": {},
    "_coverageSchema": "43e27e138ebf9cfc5966b082cf9a028302ed4184",
    "hash": "9b2271a5d8f4571f28d2be3742e5382c67ef4f91"
  },
  "/home/iloreus/hei-admin-api/hei-admin-ui/src/gen/haClient/api.ts": {
    "path": "/home/iloreus/hei-admin-api/hei-admin-ui/src/gen/haClient/api.ts",
    "statementMap": {
      "0": { "start": { "line": 959, "column": 42 }, "end": { "line": 1317, "column": 1 } },
      "1": { "start": { "line": 960, "column": 2 }, "end": { "line": 1316, "column": 3 } },
      "2": { "start": { "line": 970, "column": 6 }, "end": { "line": 970, "column": 105 } },
      "3": { "start": { "line": 971, "column": 27 }, "end": { "line": 971, "column": 50 } },
      "4": { "start": { "line": 973, "column": 29 }, "end": { "line": 973, "column": 66 } },
      "5": { "start": { "line": 975, "column": 6 }, "end": { "line": 977, "column": 7 } },
      "6": { "start": { "line": 976, "column": 8 }, "end": { "line": 976, "column": 47 } },
      "7": { "start": { "line": 979, "column": 37 }, "end": { "line": 979, "column": 83 } },
      "8": { "start": { "line": 980, "column": 38 }, "end": { "line": 980, "column": 47 } },
      "9": { "start": { "line": 981, "column": 37 }, "end": { "line": 981, "column": 46 } },
      "10": { "start": { "line": 985, "column": 6 }, "end": { "line": 985, "column": 73 } },
      "11": { "start": { "line": 987, "column": 6 }, "end": { "line": 987, "column": 66 } },
      "12": { "start": { "line": 989, "column": 6 }, "end": { "line": 989, "column": 61 } },
      "13": { "start": { "line": 990, "column": 35 }, "end": { "line": 990, "column": 96 } },
      "14": { "start": { "line": 991, "column": 6 }, "end": { "line": 991, "column": 116 } },
      "15": { "start": { "line": 992, "column": 6 }, "end": { "line": 992, "column": 122 } },
      "16": { "start": { "line": 994, "column": 6 }, "end": { "line": 997, "column": 7 } },
      "17": { "start": { "line": 1009, "column": 6 }, "end": { "line": 1009, "column": 68 } },
      "18": { "start": { "line": 1011, "column": 6 }, "end": { "line": 1011, "column": 68 } },
      "19": { "start": { "line": 1012, "column": 27 }, "end": { "line": 1012, "column": 124 } },
      "20": { "start": { "line": 1014, "column": 29 }, "end": { "line": 1014, "column": 66 } },
      "21": { "start": { "line": 1016, "column": 6 }, "end": { "line": 1018, "column": 7 } },
      "22": { "start": { "line": 1017, "column": 8 }, "end": { "line": 1017, "column": 47 } },
      "23": { "start": { "line": 1020, "column": 37 }, "end": { "line": 1020, "column": 83 } },
      "24": { "start": { "line": 1021, "column": 38 }, "end": { "line": 1021, "column": 47 } },
      "25": { "start": { "line": 1022, "column": 37 }, "end": { "line": 1022, "column": 46 } },
      "26": { "start": { "line": 1026, "column": 6 }, "end": { "line": 1026, "column": 73 } },
      "27": { "start": { "line": 1028, "column": 6 }, "end": { "line": 1028, "column": 66 } },
      "28": { "start": { "line": 1030, "column": 6 }, "end": { "line": 1030, "column": 61 } },
      "29": { "start": { "line": 1031, "column": 35 }, "end": { "line": 1031, "column": 96 } },
      "30": { "start": { "line": 1032, "column": 6 }, "end": { "line": 1032, "column": 116 } },
      "31": { "start": { "line": 1033, "column": 6 }, "end": { "line": 1033, "column": 107 } },
      "32": { "start": { "line": 1035, "column": 6 }, "end": { "line": 1038, "column": 7 } },
      "33": { "start": { "line": 1056, "column": 6 }, "end": { "line": 1056, "column": 72 } },
      "34": { "start": { "line": 1058, "column": 6 }, "end": { "line": 1058, "column": 64 } },
      "35": { "start": { "line": 1060, "column": 6 }, "end": { "line": 1060, "column": 80 } },
      "36": { "start": { "line": 1061, "column": 27 }, "end": { "line": 1063, "column": 68 } },
      "37": { "start": { "line": 1065, "column": 29 }, "end": { "line": 1065, "column": 66 } },
      "38": { "start": { "line": 1067, "column": 6 }, "end": { "line": 1069, "column": 7 } },
      "39": { "start": { "line": 1068, "column": 8 }, "end": { "line": 1068, "column": 47 } },
      "40": { "start": { "line": 1071, "column": 37 }, "end": { "line": 1071, "column": 83 } },
      "41": { "start": { "line": 1072, "column": 38 }, "end": { "line": 1072, "column": 47 } },
      "42": { "start": { "line": 1073, "column": 37 }, "end": { "line": 1073, "column": 46 } },
      "43": { "start": { "line": 1077, "column": 6 }, "end": { "line": 1077, "column": 73 } },
      "44": { "start": { "line": 1079, "column": 6 }, "end": { "line": 1079, "column": 66 } },
      "45": { "start": { "line": 1081, "column": 6 }, "end": { "line": 1081, "column": 61 } },
      "46": { "start": { "line": 1082, "column": 35 }, "end": { "line": 1082, "column": 96 } },
      "47": { "start": { "line": 1083, "column": 6 }, "end": { "line": 1083, "column": 116 } },
      "48": { "start": { "line": 1084, "column": 6 }, "end": { "line": 1084, "column": 111 } },
      "49": { "start": { "line": 1086, "column": 6 }, "end": { "line": 1089, "column": 7 } },
      "50": { "start": { "line": 1098, "column": 27 }, "end": { "line": 1098, "column": 43 } },
      "51": { "start": { "line": 1100, "column": 29 }, "end": { "line": 1100, "column": 66 } },
      "52": { "start": { "line": 1102, "column": 6 }, "end": { "line": 1104, "column": 7 } },
      "53": { "start": { "line": 1103, "column": 8 }, "end": { "line": 1103, "column": 47 } },
      "54": { "start": { "line": 1106, "column": 37 }, "end": { "line": 1106, "column": 82 } },
      "55": { "start": { "line": 1107, "column": 38 }, "end": { "line": 1107, "column": 47 } },
      "56": { "start": { "line": 1108, "column": 37 }, "end": { "line": 1108, "column": 46 } },
      "57": { "start": { "line": 1112, "column": 6 }, "end": { "line": 1112, "column": 73 } },
      "58": { "start": { "line": 1114, "column": 6 }, "end": { "line": 1114, "column": 61 } },
      "59": { "start": { "line": 1115, "column": 35 }, "end": { "line": 1115, "column": 96 } },
      "60": { "start": { "line": 1116, "column": 6 }, "end": { "line": 1116, "column": 116 } },
      "61": { "start": { "line": 1118, "column": 6 }, "end": { "line": 1121, "column": 7 } },
      "62": { "start": { "line": 1133, "column": 27 }, "end": { "line": 1133, "column": 34 } },
      "63": { "start": { "line": 1135, "column": 29 }, "end": { "line": 1135, "column": 66 } },
      "64": { "start": { "line": 1137, "column": 6 }, "end": { "line": 1139, "column": 7 } },
      "65": { "start": { "line": 1138, "column": 8 }, "end": { "line": 1138, "column": 47 } },
      "66": { "start": { "line": 1141, "column": 37 }, "end": { "line": 1141, "column": 82 } },
      "67": { "start": { "line": 1142, "column": 38 }, "end": { "line": 1142, "column": 47 } },
      "68": { "start": { "line": 1143, "column": 37 }, "end": { "line": 1143, "column": 46 } },
      "69": { "start": { "line": 1147, "column": 6 }, "end": { "line": 1147, "column": 73 } },
      "70": { "start": { "line": 1149, "column": 6 }, "end": { "line": 1151, "column": 7 } },
      "71": { "start": { "line": 1150, "column": 8 }, "end": { "line": 1150, "column": 49 } },
      "72": { "start": { "line": 1153, "column": 6 }, "end": { "line": 1155, "column": 7 } },
      "73": { "start": { "line": 1154, "column": 8 }, "end": { "line": 1154, "column": 45 } },
      "74": { "start": { "line": 1157, "column": 6 }, "end": { "line": 1159, "column": 7 } },
      "75": { "start": { "line": 1158, "column": 8 }, "end": { "line": 1158, "column": 54 } },
      "76": { "start": { "line": 1161, "column": 6 }, "end": { "line": 1161, "column": 61 } },
      "77": { "start": { "line": 1162, "column": 35 }, "end": { "line": 1162, "column": 96 } },
      "78": { "start": { "line": 1163, "column": 6 }, "end": { "line": 1163, "column": 116 } },
      "79": { "start": { "line": 1165, "column": 6 }, "end": { "line": 1168, "column": 7 } },
      "80": { "start": { "line": 1180, "column": 6 }, "end": { "line": 1180, "column": 68 } },
      "81": { "start": { "line": 1182, "column": 6 }, "end": { "line": 1182, "column": 60 } },
      "82": { "start": { "line": 1183, "column": 27 }, "end": { "line": 1185, "column": 68 } },
      "83": { "start": { "line": 1187, "column": 29 }, "end": { "line": 1187, "column": 66 } },
      "84": { "start": { "line": 1189, "column": 6 }, "end": { "line": 1191, "column": 7 } },
      "85": { "start": { "line": 1190, "column": 8 }, "end": { "line": 1190, "column": 47 } },
      "86": { "start": { "line": 1193, "column": 37 }, "end": { "line": 1193, "column": 82 } },
      "87": { "start": { "line": 1194, "column": 38 }, "end": { "line": 1194, "column": 47 } },
      "88": { "start": { "line": 1195, "column": 37 }, "end": { "line": 1195, "column": 46 } },
      "89": { "start": { "line": 1199, "column": 6 }, "end": { "line": 1199, "column": 73 } },
      "90": { "start": { "line": 1201, "column": 6 }, "end": { "line": 1201, "column": 61 } },
      "91": { "start": { "line": 1202, "column": 35 }, "end": { "line": 1202, "column": 96 } },
      "92": { "start": { "line": 1203, "column": 6 }, "end": { "line": 1203, "column": 116 } },
      "93": { "start": { "line": 1205, "column": 6 }, "end": { "line": 1208, "column": 7 } },
      "94": { "start": { "line": 1228, "column": 6 }, "end": { "line": 1228, "column": 65 } },
      "95": { "start": { "line": 1229, "column": 27 }, "end": { "line": 1229, "column": 124 } },
      "96": { "start": { "line": 1231, "column": 29 }, "end": { "line": 1231, "column": 66 } },
      "97": { "start": { "line": 1233, "column": 6 }, "end": { "line": 1235, "column": 7 } },
      "98": { "start": { "line": 1234, "column": 8 }, "end": { "line": 1234, "column": 47 } },
      "99": { "start": { "line": 1237, "column": 37 }, "end": { "line": 1237, "column": 82 } },
      "100": { "start": { "line": 1238, "column": 38 }, "end": { "line": 1238, "column": 47 } },
      "101": { "start": { "line": 1239, "column": 37 }, "end": { "line": 1239, "column": 46 } },
      "102": { "start": { "line": 1243, "column": 6 }, "end": { "line": 1243, "column": 73 } },
      "103": { "start": { "line": 1245, "column": 6 }, "end": { "line": 1247, "column": 7 } },
      "104": { "start": { "line": 1246, "column": 8 }, "end": { "line": 1246, "column": 45 } },
      "105": { "start": { "line": 1249, "column": 6 }, "end": { "line": 1251, "column": 7 } },
      "106": { "start": { "line": 1250, "column": 8 }, "end": { "line": 1250, "column": 54 } },
      "107": { "start": { "line": 1253, "column": 6 }, "end": { "line": 1255, "column": 7 } },
      "108": { "start": { "line": 1254, "column": 8 }, "end": { "line": 1254, "column": 49 } },
      "109": { "start": { "line": 1257, "column": 6 }, "end": { "line": 1257, "column": 61 } },
      "110": { "start": { "line": 1258, "column": 35 }, "end": { "line": 1258, "column": 96 } },
      "111": { "start": { "line": 1259, "column": 6 }, "end": { "line": 1259, "column": 116 } },
      "112": { "start": { "line": 1261, "column": 6 }, "end": { "line": 1264, "column": 7 } },
      "113": { "start": { "line": 1278, "column": 6 }, "end": { "line": 1278, "column": 69 } },
      "114": { "start": { "line": 1280, "column": 6 }, "end": { "line": 1280, "column": 61 } },
      "115": { "start": { "line": 1281, "column": 27 }, "end": { "line": 1283, "column": 68 } },
      "116": { "start": { "line": 1285, "column": 29 }, "end": { "line": 1285, "column": 66 } },
      "117": { "start": { "line": 1287, "column": 6 }, "end": { "line": 1289, "column": 7 } },
      "118": { "start": { "line": 1288, "column": 8 }, "end": { "line": 1288, "column": 47 } },
      "119": { "start": { "line": 1291, "column": 37 }, "end": { "line": 1291, "column": 82 } },
      "120": { "start": { "line": 1292, "column": 38 }, "end": { "line": 1292, "column": 47 } },
      "121": { "start": { "line": 1293, "column": 37 }, "end": { "line": 1293, "column": 46 } },
      "122": { "start": { "line": 1297, "column": 6 }, "end": { "line": 1297, "column": 73 } },
      "123": { "start": { "line": 1299, "column": 6 }, "end": { "line": 1301, "column": 7 } },
      "124": { "start": { "line": 1300, "column": 8 }, "end": { "line": 1300, "column": 45 } },
      "125": { "start": { "line": 1303, "column": 6 }, "end": { "line": 1305, "column": 7 } },
      "126": { "start": { "line": 1304, "column": 8 }, "end": { "line": 1304, "column": 54 } },
      "127": { "start": { "line": 1307, "column": 6 }, "end": { "line": 1307, "column": 61 } },
      "128": { "start": { "line": 1308, "column": 35 }, "end": { "line": 1308, "column": 96 } },
      "129": { "start": { "line": 1309, "column": 6 }, "end": { "line": 1309, "column": 116 } },
      "130": { "start": { "line": 1311, "column": 6 }, "end": { "line": 1314, "column": 7 } },
      "131": { "start": { "line": 1323, "column": 27 }, "end": { "line": 1459, "column": 1 } },
      "132": { "start": { "line": 1324, "column": 36 }, "end": { "line": 1324, "column": 77 } },
      "133": { "start": { "line": 1325, "column": 2 }, "end": { "line": 1458, "column": 3 } },
      "134": { "start": { "line": 1337, "column": 32 }, "end": { "line": 1337, "column": 123 } },
      "135": { "start": { "line": 1338, "column": 6 }, "end": { "line": 1338, "column": 92 } },
      "136": { "start": { "line": 1353, "column": 32 }, "end": { "line": 1353, "column": 112 } },
      "137": { "start": { "line": 1354, "column": 6 }, "end": { "line": 1354, "column": 92 } },
      "138": { "start": { "line": 1371, "column": 32 }, "end": { "line": 1371, "column": 127 } },
      "139": { "start": { "line": 1372, "column": 6 }, "end": { "line": 1372, "column": 92 } },
      "140": { "start": { "line": 1381, "column": 32 }, "end": { "line": 1381, "column": 88 } },
      "141": { "start": { "line": 1382, "column": 6 }, "end": { "line": 1382, "column": 92 } },
      "142": { "start": { "line": 1399, "column": 32 }, "end": { "line": 1399, "column": 104 } },
      "143": { "start": { "line": 1400, "column": 6 }, "end": { "line": 1400, "column": 92 } },
      "144": { "start": { "line": 1415, "column": 32 }, "end": { "line": 1415, "column": 108 } },
      "145": { "start": { "line": 1416, "column": 6 }, "end": { "line": 1416, "column": 92 } },
      "146": { "start": { "line": 1435, "column": 32 }, "end": { "line": 1435, "column": 122 } },
      "147": { "start": { "line": 1436, "column": 6 }, "end": { "line": 1436, "column": 92 } },
      "148": { "start": { "line": 1455, "column": 32 }, "end": { "line": 1455, "column": 125 } },
      "149": { "start": { "line": 1456, "column": 6 }, "end": { "line": 1456, "column": 92 } },
      "150": { "start": { "line": 1465, "column": 32 }, "end": { "line": 1560, "column": 1 } },
      "151": { "start": { "line": 1466, "column": 21 }, "end": { "line": 1466, "column": 47 } },
      "152": { "start": { "line": 1467, "column": 2 }, "end": { "line": 1559, "column": 3 } },
      "153": { "start": { "line": 1476, "column": 6 }, "end": { "line": 1476, "column": 125 } },
      "154": { "start": { "line": 1476, "column": 100 }, "end": { "line": 1476, "column": 124 } },
      "155": { "start": { "line": 1487, "column": 6 }, "end": { "line": 1487, "column": 114 } },
      "156": { "start": { "line": 1487, "column": 89 }, "end": { "line": 1487, "column": 113 } },
      "157": { "start": { "line": 1499, "column": 6 }, "end": { "line": 1499, "column": 129 } },
      "158": { "start": { "line": 1499, "column": 104 }, "end": { "line": 1499, "column": 128 } },
      "159": { "start": { "line": 1508, "column": 6 }, "end": { "line": 1508, "column": 90 } },
      "160": { "start": { "line": 1508, "column": 65 }, "end": { "line": 1508, "column": 89 } },
      "161": { "start": { "line": 1520, "column": 6 }, "end": { "line": 1520, "column": 106 } },
      "162": { "start": { "line": 1520, "column": 81 }, "end": { "line": 1520, "column": 105 } },
      "163": { "start": { "line": 1531, "column": 6 }, "end": { "line": 1531, "column": 110 } },
      "164": { "start": { "line": 1531, "column": 85 }, "end": { "line": 1531, "column": 109 } },
      "165": { "start": { "line": 1544, "column": 6 }, "end": { "line": 1544, "column": 124 } },
      "166": { "start": { "line": 1544, "column": 99 }, "end": { "line": 1544, "column": 123 } },
      "167": { "start": { "line": 1557, "column": 6 }, "end": { "line": 1557, "column": 127 } },
      "168": { "start": { "line": 1557, "column": 102 }, "end": { "line": 1557, "column": 126 } },
      "169": { "start": { "line": 1578, "column": 4 }, "end": { "line": 1580, "column": 58 } },
      "170": { "start": { "line": 1580, "column": 23 }, "end": { "line": 1580, "column": 57 } },
      "171": { "start": { "line": 1593, "column": 4 }, "end": { "line": 1595, "column": 58 } },
      "172": { "start": { "line": 1595, "column": 23 }, "end": { "line": 1595, "column": 57 } },
      "173": { "start": { "line": 1609, "column": 4 }, "end": { "line": 1611, "column": 58 } },
      "174": { "start": { "line": 1611, "column": 23 }, "end": { "line": 1611, "column": 57 } },
      "175": { "start": { "line": 1622, "column": 4 }, "end": { "line": 1624, "column": 58 } },
      "176": { "start": { "line": 1624, "column": 23 }, "end": { "line": 1624, "column": 57 } },
      "177": { "start": { "line": 1638, "column": 4 }, "end": { "line": 1640, "column": 58 } },
      "178": { "start": { "line": 1640, "column": 23 }, "end": { "line": 1640, "column": 57 } },
      "179": { "start": { "line": 1653, "column": 4 }, "end": { "line": 1655, "column": 58 } },
      "180": { "start": { "line": 1655, "column": 23 }, "end": { "line": 1655, "column": 57 } },
      "181": { "start": { "line": 1670, "column": 4 }, "end": { "line": 1672, "column": 58 } },
      "182": { "start": { "line": 1672, "column": 23 }, "end": { "line": 1672, "column": 57 } },
      "183": { "start": { "line": 1687, "column": 4 }, "end": { "line": 1689, "column": 58 } },
      "184": { "start": { "line": 1689, "column": 23 }, "end": { "line": 1689, "column": 57 } },
      "185": { "start": { "line": 1697, "column": 44 }, "end": { "line": 1764, "column": 1 } },
      "186": { "start": { "line": 1698, "column": 2 }, "end": { "line": 1763, "column": 3 } },
      "187": { "start": { "line": 1706, "column": 27 }, "end": { "line": 1706, "column": 34 } },
      "188": { "start": { "line": 1708, "column": 29 }, "end": { "line": 1708, "column": 66 } },
      "189": { "start": { "line": 1710, "column": 6 }, "end": { "line": 1712, "column": 7 } },
      "190": { "start": { "line": 1711, "column": 8 }, "end": { "line": 1711, "column": 47 } },
      "191": { "start": { "line": 1714, "column": 37 }, "end": { "line": 1714, "column": 82 } },
      "192": { "start": { "line": 1715, "column": 38 }, "end": { "line": 1715, "column": 47 } },
      "193": { "start": { "line": 1716, "column": 37 }, "end": { "line": 1716, "column": 46 } },
      "194": { "start": { "line": 1720, "column": 6 }, "end": { "line": 1720, "column": 73 } },
      "195": { "start": { "line": 1722, "column": 6 }, "end": { "line": 1722, "column": 61 } },
      "196": { "start": { "line": 1723, "column": 35 }, "end": { "line": 1723, "column": 96 } },
      "197": { "start": { "line": 1724, "column": 6 }, "end": { "line": 1724, "column": 116 } },
      "198": { "start": { "line": 1726, "column": 6 }, "end": { "line": 1729, "column": 7 } },
      "199": { "start": { "line": 1738, "column": 27 }, "end": { "line": 1738, "column": 36 } },
      "200": { "start": { "line": 1740, "column": 29 }, "end": { "line": 1740, "column": 66 } },
      "201": { "start": { "line": 1742, "column": 6 }, "end": { "line": 1744, "column": 7 } },
      "202": { "start": { "line": 1743, "column": 8 }, "end": { "line": 1743, "column": 47 } },
      "203": { "start": { "line": 1746, "column": 37 }, "end": { "line": 1746, "column": 82 } },
      "204": { "start": { "line": 1747, "column": 38 }, "end": { "line": 1747, "column": 47 } },
      "205": { "start": { "line": 1748, "column": 37 }, "end": { "line": 1748, "column": 46 } },
      "206": { "start": { "line": 1752, "column": 6 }, "end": { "line": 1752, "column": 73 } },
      "207": { "start": { "line": 1754, "column": 6 }, "end": { "line": 1754, "column": 61 } },
      "208": { "start": { "line": 1755, "column": 35 }, "end": { "line": 1755, "column": 96 } },
      "209": { "start": { "line": 1756, "column": 6 }, "end": { "line": 1756, "column": 116 } },
      "210": { "start": { "line": 1758, "column": 6 }, "end": { "line": 1761, "column": 7 } },
      "211": { "start": { "line": 1770, "column": 29 }, "end": { "line": 1794, "column": 1 } },
      "212": { "start": { "line": 1771, "column": 36 }, "end": { "line": 1771, "column": 79 } },
      "213": { "start": { "line": 1772, "column": 2 }, "end": { "line": 1793, "column": 3 } },
      "214": { "start": { "line": 1780, "column": 32 }, "end": { "line": 1780, "column": 77 } },
      "215": { "start": { "line": 1781, "column": 6 }, "end": { "line": 1781, "column": 92 } },
      "216": { "start": { "line": 1790, "column": 32 }, "end": { "line": 1790, "column": 79 } },
      "217": { "start": { "line": 1791, "column": 6 }, "end": { "line": 1791, "column": 92 } },
      "218": { "start": { "line": 1800, "column": 34 }, "end": { "line": 1822, "column": 1 } },
      "219": { "start": { "line": 1801, "column": 21 }, "end": { "line": 1801, "column": 49 } },
      "220": { "start": { "line": 1802, "column": 2 }, "end": { "line": 1821, "column": 3 } },
      "221": { "start": { "line": 1810, "column": 6 }, "end": { "line": 1810, "column": 79 } },
      "222": { "start": { "line": 1810, "column": 54 }, "end": { "line": 1810, "column": 78 } },
      "223": { "start": { "line": 1819, "column": 6 }, "end": { "line": 1819, "column": 81 } },
      "224": { "start": { "line": 1819, "column": 56 }, "end": { "line": 1819, "column": 80 } },
      "225": { "start": { "line": 1839, "column": 4 }, "end": { "line": 1841, "column": 58 } },
      "226": { "start": { "line": 1841, "column": 23 }, "end": { "line": 1841, "column": 57 } },
      "227": { "start": { "line": 1852, "column": 4 }, "end": { "line": 1854, "column": 58 } },
      "228": { "start": { "line": 1854, "column": 23 }, "end": { "line": 1854, "column": 57 } },
      "229": { "start": { "line": 1862, "column": 44 }, "end": { "line": 2075, "column": 1 } },
      "230": { "start": { "line": 1863, "column": 2 }, "end": { "line": 2074, "column": 3 } },
      "231": { "start": { "line": 1873, "column": 6 }, "end": { "line": 1873, "column": 66 } },
      "232": { "start": { "line": 1874, "column": 27 }, "end": { "line": 1874, "column": 37 } },
      "233": { "start": { "line": 1876, "column": 29 }, "end": { "line": 1876, "column": 66 } },
      "234": { "start": { "line": 1878, "column": 6 }, "end": { "line": 1880, "column": 7 } },
      "235": { "start": { "line": 1879, "column": 8 }, "end": { "line": 1879, "column": 47 } },
      "236": { "start": { "line": 1882, "column": 37 }, "end": { "line": 1882, "column": 82 } },
      "237": { "start": { "line": 1883, "column": 38 }, "end": { "line": 1883, "column": 47 } },
      "238": { "start": { "line": 1884, "column": 37 }, "end": { "line": 1884, "column": 46 } },
      "239": { "start": { "line": 1888, "column": 6 }, "end": { "line": 1888, "column": 73 } },
      "240": { "start": { "line": 1890, "column": 6 }, "end": { "line": 1890, "column": 66 } },
      "241": { "start": { "line": 1892, "column": 6 }, "end": { "line": 1892, "column": 61 } },
      "242": { "start": { "line": 1893, "column": 35 }, "end": { "line": 1893, "column": 96 } },
      "243": { "start": { "line": 1894, "column": 6 }, "end": { "line": 1894, "column": 116 } },
      "244": { "start": { "line": 1895, "column": 6 }, "end": { "line": 1895, "column": 104 } },
      "245": { "start": { "line": 1897, "column": 6 }, "end": { "line": 1900, "column": 7 } },
      "246": { "start": { "line": 1911, "column": 6 }, "end": { "line": 1911, "column": 63 } },
      "247": { "start": { "line": 1912, "column": 27 }, "end": { "line": 1912, "column": 36 } },
      "248": { "start": { "line": 1914, "column": 29 }, "end": { "line": 1914, "column": 66 } },
      "249": { "start": { "line": 1916, "column": 6 }, "end": { "line": 1918, "column": 7 } },
      "250": { "start": { "line": 1917, "column": 8 }, "end": { "line": 1917, "column": 47 } },
      "251": { "start": { "line": 1920, "column": 37 }, "end": { "line": 1920, "column": 82 } },
      "252": { "start": { "line": 1921, "column": 38 }, "end": { "line": 1921, "column": 47 } },
      "253": { "start": { "line": 1922, "column": 37 }, "end": { "line": 1922, "column": 46 } },
      "254": { "start": { "line": 1926, "column": 6 }, "end": { "line": 1926, "column": 73 } },
      "255": { "start": { "line": 1928, "column": 6 }, "end": { "line": 1928, "column": 66 } },
      "256": { "start": { "line": 1930, "column": 6 }, "end": { "line": 1930, "column": 61 } },
      "257": { "start": { "line": 1931, "column": 35 }, "end": { "line": 1931, "column": 96 } },
      "258": { "start": { "line": 1932, "column": 6 }, "end": { "line": 1932, "column": 116 } },
      "259": { "start": { "line": 1933, "column": 6 }, "end": { "line": 1933, "column": 103 } },
      "260": { "start": { "line": 1935, "column": 6 }, "end": { "line": 1938, "column": 7 } },
      "261": { "start": { "line": 1949, "column": 6 }, "end": { "line": 1949, "column": 50 } },
      "262": { "start": { "line": 1950, "column": 27 }, "end": { "line": 1950, "column": 95 } },
      "263": { "start": { "line": 1952, "column": 29 }, "end": { "line": 1952, "column": 66 } },
      "264": { "start": { "line": 1954, "column": 6 }, "end": { "line": 1956, "column": 7 } },
      "265": { "start": { "line": 1955, "column": 8 }, "end": { "line": 1955, "column": 47 } },
      "266": { "start": { "line": 1958, "column": 37 }, "end": { "line": 1958, "column": 82 } },
      "267": { "start": { "line": 1959, "column": 38 }, "end": { "line": 1959, "column": 47 } },
      "268": { "start": { "line": 1960, "column": 37 }, "end": { "line": 1960, "column": 46 } },
      "269": { "start": { "line": 1964, "column": 6 }, "end": { "line": 1964, "column": 73 } },
      "270": { "start": { "line": 1966, "column": 6 }, "end": { "line": 1966, "column": 61 } },
      "271": { "start": { "line": 1967, "column": 35 }, "end": { "line": 1967, "column": 96 } },
      "272": { "start": { "line": 1968, "column": 6 }, "end": { "line": 1968, "column": 116 } },
      "273": { "start": { "line": 1970, "column": 6 }, "end": { "line": 1973, "column": 7 } },
      "274": { "start": { "line": 1982, "column": 27 }, "end": { "line": 1982, "column": 37 } },
      "275": { "start": { "line": 1984, "column": 29 }, "end": { "line": 1984, "column": 66 } },
      "276": { "start": { "line": 1986, "column": 6 }, "end": { "line": 1988, "column": 7 } },
      "277": { "start": { "line": 1987, "column": 8 }, "end": { "line": 1987, "column": 47 } },
      "278": { "start": { "line": 1990, "column": 37 }, "end": { "line": 1990, "column": 82 } },
      "279": { "start": { "line": 1991, "column": 38 }, "end": { "line": 1991, "column": 47 } },
      "280": { "start": { "line": 1992, "column": 37 }, "end": { "line": 1992, "column": 46 } },
      "281": { "start": { "line": 1996, "column": 6 }, "end": { "line": 1996, "column": 73 } },
      "282": { "start": { "line": 1998, "column": 6 }, "end": { "line": 1998, "column": 61 } },
      "283": { "start": { "line": 1999, "column": 35 }, "end": { "line": 1999, "column": 96 } },
      "284": { "start": { "line": 2000, "column": 6 }, "end": { "line": 2000, "column": 116 } },
      "285": { "start": { "line": 2002, "column": 6 }, "end": { "line": 2005, "column": 7 } },
      "286": { "start": { "line": 2016, "column": 6 }, "end": { "line": 2016, "column": 49 } },
      "287": { "start": { "line": 2017, "column": 27 }, "end": { "line": 2017, "column": 94 } },
      "288": { "start": { "line": 2019, "column": 29 }, "end": { "line": 2019, "column": 66 } },
      "289": { "start": { "line": 2021, "column": 6 }, "end": { "line": 2023, "column": 7 } },
      "290": { "start": { "line": 2022, "column": 8 }, "end": { "line": 2022, "column": 47 } },
      "291": { "start": { "line": 2025, "column": 37 }, "end": { "line": 2025, "column": 82 } },
      "292": { "start": { "line": 2026, "column": 38 }, "end": { "line": 2026, "column": 47 } },
      "293": { "start": { "line": 2027, "column": 37 }, "end": { "line": 2027, "column": 46 } },
      "294": { "start": { "line": 2031, "column": 6 }, "end": { "line": 2031, "column": 73 } },
      "295": { "start": { "line": 2033, "column": 6 }, "end": { "line": 2033, "column": 61 } },
      "296": { "start": { "line": 2034, "column": 35 }, "end": { "line": 2034, "column": 96 } },
      "297": { "start": { "line": 2035, "column": 6 }, "end": { "line": 2035, "column": 116 } },
      "298": { "start": { "line": 2037, "column": 6 }, "end": { "line": 2040, "column": 7 } },
      "299": { "start": { "line": 2049, "column": 27 }, "end": { "line": 2049, "column": 36 } },
      "300": { "start": { "line": 2051, "column": 29 }, "end": { "line": 2051, "column": 66 } },
      "301": { "start": { "line": 2053, "column": 6 }, "end": { "line": 2055, "column": 7 } },
      "302": { "start": { "line": 2054, "column": 8 }, "end": { "line": 2054, "column": 47 } },
      "303": { "start": { "line": 2057, "column": 37 }, "end": { "line": 2057, "column": 82 } },
      "304": { "start": { "line": 2058, "column": 38 }, "end": { "line": 2058, "column": 47 } },
      "305": { "start": { "line": 2059, "column": 37 }, "end": { "line": 2059, "column": 46 } },
      "306": { "start": { "line": 2063, "column": 6 }, "end": { "line": 2063, "column": 73 } },
      "307": { "start": { "line": 2065, "column": 6 }, "end": { "line": 2065, "column": 61 } },
      "308": { "start": { "line": 2066, "column": 35 }, "end": { "line": 2066, "column": 96 } },
      "309": { "start": { "line": 2067, "column": 6 }, "end": { "line": 2067, "column": 116 } },
      "310": { "start": { "line": 2069, "column": 6 }, "end": { "line": 2072, "column": 7 } },
      "311": { "start": { "line": 2081, "column": 29 }, "end": { "line": 2152, "column": 1 } },
      "312": { "start": { "line": 2082, "column": 36 }, "end": { "line": 2082, "column": 79 } },
      "313": { "start": { "line": 2083, "column": 2 }, "end": { "line": 2151, "column": 3 } },
      "314": { "start": { "line": 2092, "column": 32 }, "end": { "line": 2092, "column": 102 } },
      "315": { "start": { "line": 2093, "column": 6 }, "end": { "line": 2093, "column": 92 } },
      "316": { "start": { "line": 2106, "column": 32 }, "end": { "line": 2106, "column": 100 } },
      "317": { "start": { "line": 2107, "column": 6 }, "end": { "line": 2107, "column": 92 } },
      "318": { "start": { "line": 2117, "column": 32 }, "end": { "line": 2117, "column": 90 } },
      "319": { "start": { "line": 2118, "column": 6 }, "end": { "line": 2118, "column": 92 } },
      "320": { "start": { "line": 2127, "column": 32 }, "end": { "line": 2127, "column": 83 } },
      "321": { "start": { "line": 2128, "column": 6 }, "end": { "line": 2128, "column": 92 } },
      "322": { "start": { "line": 2138, "column": 32 }, "end": { "line": 2138, "column": 89 } },
      "323": { "start": { "line": 2139, "column": 6 }, "end": { "line": 2139, "column": 92 } },
      "324": { "start": { "line": 2148, "column": 32 }, "end": { "line": 2148, "column": 82 } },
      "325": { "start": { "line": 2149, "column": 6 }, "end": { "line": 2149, "column": 92 } },
      "326": { "start": { "line": 2158, "column": 34 }, "end": { "line": 2220, "column": 1 } },
      "327": { "start": { "line": 2159, "column": 21 }, "end": { "line": 2159, "column": 49 } },
      "328": { "start": { "line": 2160, "column": 2 }, "end": { "line": 2219, "column": 3 } },
      "329": { "start": { "line": 2169, "column": 6 }, "end": { "line": 2169, "column": 104 } },
      "330": { "start": { "line": 2169, "column": 79 }, "end": { "line": 2169, "column": 103 } },
      "331": { "start": { "line": 2179, "column": 6 }, "end": { "line": 2179, "column": 102 } },
      "332": { "start": { "line": 2179, "column": 77 }, "end": { "line": 2179, "column": 101 } },
      "333": { "start": { "line": 2189, "column": 6 }, "end": { "line": 2189, "column": 92 } },
      "334": { "start": { "line": 2189, "column": 67 }, "end": { "line": 2189, "column": 91 } },
      "335": { "start": { "line": 2198, "column": 6 }, "end": { "line": 2198, "column": 85 } },
      "336": { "start": { "line": 2198, "column": 60 }, "end": { "line": 2198, "column": 84 } },
      "337": { "start": { "line": 2208, "column": 6 }, "end": { "line": 2208, "column": 91 } },
      "338": { "start": { "line": 2208, "column": 66 }, "end": { "line": 2208, "column": 90 } },
      "339": { "start": { "line": 2217, "column": 6 }, "end": { "line": 2217, "column": 84 } },
      "340": { "start": { "line": 2217, "column": 59 }, "end": { "line": 2217, "column": 83 } },
      "341": { "start": { "line": 2238, "column": 4 }, "end": { "line": 2240, "column": 58 } },
      "342": { "start": { "line": 2240, "column": 23 }, "end": { "line": 2240, "column": 57 } },
      "343": { "start": { "line": 2252, "column": 4 }, "end": { "line": 2254, "column": 58 } },
      "344": { "start": { "line": 2254, "column": 23 }, "end": { "line": 2254, "column": 57 } },
      "345": { "start": { "line": 2266, "column": 4 }, "end": { "line": 2268, "column": 58 } },
      "346": { "start": { "line": 2268, "column": 23 }, "end": { "line": 2268, "column": 57 } },
      "347": { "start": { "line": 2279, "column": 4 }, "end": { "line": 2281, "column": 58 } },
      "348": { "start": { "line": 2281, "column": 23 }, "end": { "line": 2281, "column": 57 } },
      "349": { "start": { "line": 2293, "column": 4 }, "end": { "line": 2295, "column": 58 } },
      "350": { "start": { "line": 2295, "column": 23 }, "end": { "line": 2295, "column": 57 } },
      "351": { "start": { "line": 2306, "column": 4 }, "end": { "line": 2308, "column": 58 } },
      "352": { "start": { "line": 2308, "column": 23 }, "end": { "line": 2308, "column": 57 } },
      "353": { "start": { "line": 2316, "column": 41 }, "end": { "line": 2670, "column": 1 } },
      "354": { "start": { "line": 2317, "column": 2 }, "end": { "line": 2669, "column": 3 } },
      "355": { "start": { "line": 2327, "column": 6 }, "end": { "line": 2327, "column": 69 } },
      "356": { "start": { "line": 2328, "column": 27 }, "end": { "line": 2328, "column": 38 } },
      "357": { "start": { "line": 2330, "column": 29 }, "end": { "line": 2330, "column": 66 } },
      "358": { "start": { "line": 2332, "column": 6 }, "end": { "line": 2334, "column": 7 } },
      "359": { "start": { "line": 2333, "column": 8 }, "end": { "line": 2333, "column": 47 } },
      "360": { "start": { "line": 2336, "column": 37 }, "end": { "line": 2336, "column": 82 } },
      "361": { "start": { "line": 2337, "column": 38 }, "end": { "line": 2337, "column": 47 } },
      "362": { "start": { "line": 2338, "column": 37 }, "end": { "line": 2338, "column": 46 } },
      "363": { "start": { "line": 2342, "column": 6 }, "end": { "line": 2342, "column": 73 } },
      "364": { "start": { "line": 2344, "column": 6 }, "end": { "line": 2344, "column": 66 } },
      "365": { "start": { "line": 2346, "column": 6 }, "end": { "line": 2346, "column": 61 } },
      "366": { "start": { "line": 2347, "column": 35 }, "end": { "line": 2347, "column": 96 } },
      "367": { "start": { "line": 2348, "column": 6 }, "end": { "line": 2348, "column": 116 } },
      "368": { "start": { "line": 2349, "column": 6 }, "end": { "line": 2349, "column": 105 } },
      "369": { "start": { "line": 2351, "column": 6 }, "end": { "line": 2354, "column": 7 } },
      "370": { "start": { "line": 2365, "column": 6 }, "end": { "line": 2365, "column": 69 } },
      "371": { "start": { "line": 2366, "column": 27 }, "end": { "line": 2366, "column": 38 } },
      "372": { "start": { "line": 2368, "column": 29 }, "end": { "line": 2368, "column": 66 } },
      "373": { "start": { "line": 2370, "column": 6 }, "end": { "line": 2372, "column": 7 } },
      "374": { "start": { "line": 2371, "column": 8 }, "end": { "line": 2371, "column": 47 } },
      "375": { "start": { "line": 2374, "column": 37 }, "end": { "line": 2374, "column": 82 } },
      "376": { "start": { "line": 2375, "column": 38 }, "end": { "line": 2375, "column": 47 } },
      "377": { "start": { "line": 2376, "column": 37 }, "end": { "line": 2376, "column": 46 } },
      "378": { "start": { "line": 2380, "column": 6 }, "end": { "line": 2380, "column": 73 } },
      "379": { "start": { "line": 2382, "column": 6 }, "end": { "line": 2382, "column": 66 } },
      "380": { "start": { "line": 2384, "column": 6 }, "end": { "line": 2384, "column": 61 } },
      "381": { "start": { "line": 2385, "column": 35 }, "end": { "line": 2385, "column": 96 } },
      "382": { "start": { "line": 2386, "column": 6 }, "end": { "line": 2386, "column": 116 } },
      "383": { "start": { "line": 2387, "column": 6 }, "end": { "line": 2387, "column": 105 } },
      "384": { "start": { "line": 2389, "column": 6 }, "end": { "line": 2392, "column": 7 } },
      "385": { "start": { "line": 2403, "column": 6 }, "end": { "line": 2403, "column": 51 } },
      "386": { "start": { "line": 2404, "column": 27 }, "end": { "line": 2404, "column": 96 } },
      "387": { "start": { "line": 2406, "column": 29 }, "end": { "line": 2406, "column": 66 } },
      "388": { "start": { "line": 2408, "column": 6 }, "end": { "line": 2410, "column": 7 } },
      "389": { "start": { "line": 2409, "column": 8 }, "end": { "line": 2409, "column": 47 } },
      "390": { "start": { "line": 2412, "column": 37 }, "end": { "line": 2412, "column": 82 } },
      "391": { "start": { "line": 2413, "column": 38 }, "end": { "line": 2413, "column": 47 } },
      "392": { "start": { "line": 2414, "column": 37 }, "end": { "line": 2414, "column": 46 } },
      "393": { "start": { "line": 2418, "column": 6 }, "end": { "line": 2418, "column": 73 } },
      "394": { "start": { "line": 2420, "column": 6 }, "end": { "line": 2420, "column": 61 } },
      "395": { "start": { "line": 2421, "column": 35 }, "end": { "line": 2421, "column": 96 } },
      "396": { "start": { "line": 2422, "column": 6 }, "end": { "line": 2422, "column": 116 } },
      "397": { "start": { "line": 2424, "column": 6 }, "end": { "line": 2427, "column": 7 } },
      "398": { "start": { "line": 2438, "column": 27 }, "end": { "line": 2438, "column": 38 } },
      "399": { "start": { "line": 2440, "column": 29 }, "end": { "line": 2440, "column": 66 } },
      "400": { "start": { "line": 2442, "column": 6 }, "end": { "line": 2444, "column": 7 } },
      "401": { "start": { "line": 2443, "column": 8 }, "end": { "line": 2443, "column": 47 } },
      "402": { "start": { "line": 2446, "column": 37 }, "end": { "line": 2446, "column": 82 } },
      "403": { "start": { "line": 2447, "column": 38 }, "end": { "line": 2447, "column": 47 } },
      "404": { "start": { "line": 2448, "column": 37 }, "end": { "line": 2448, "column": 46 } },
      "405": { "start": { "line": 2452, "column": 6 }, "end": { "line": 2452, "column": 73 } },
      "406": { "start": { "line": 2454, "column": 6 }, "end": { "line": 2456, "column": 7 } },
      "407": { "start": { "line": 2455, "column": 8 }, "end": { "line": 2455, "column": 45 } },
      "408": { "start": { "line": 2458, "column": 6 }, "end": { "line": 2460, "column": 7 } },
      "409": { "start": { "line": 2459, "column": 8 }, "end": { "line": 2459, "column": 54 } },
      "410": { "start": { "line": 2462, "column": 6 }, "end": { "line": 2462, "column": 61 } },
      "411": { "start": { "line": 2463, "column": 35 }, "end": { "line": 2463, "column": 96 } },
      "412": { "start": { "line": 2464, "column": 6 }, "end": { "line": 2464, "column": 116 } },
      "413": { "start": { "line": 2466, "column": 6 }, "end": { "line": 2469, "column": 7 } },
      "414": { "start": { "line": 2480, "column": 6 }, "end": { "line": 2480, "column": 51 } },
      "415": { "start": { "line": 2481, "column": 27 }, "end": { "line": 2481, "column": 96 } },
      "416": { "start": { "line": 2483, "column": 29 }, "end": { "line": 2483, "column": 66 } },
      "417": { "start": { "line": 2485, "column": 6 }, "end": { "line": 2487, "column": 7 } },
      "418": { "start": { "line": 2486, "column": 8 }, "end": { "line": 2486, "column": 47 } },
      "419": { "start": { "line": 2489, "column": 37 }, "end": { "line": 2489, "column": 82 } },
      "420": { "start": { "line": 2490, "column": 38 }, "end": { "line": 2490, "column": 47 } },
      "421": { "start": { "line": 2491, "column": 37 }, "end": { "line": 2491, "column": 46 } },
      "422": { "start": { "line": 2495, "column": 6 }, "end": { "line": 2495, "column": 73 } },
      "423": { "start": { "line": 2497, "column": 6 }, "end": { "line": 2497, "column": 61 } },
      "424": { "start": { "line": 2498, "column": 35 }, "end": { "line": 2498, "column": 96 } },
      "425": { "start": { "line": 2499, "column": 6 }, "end": { "line": 2499, "column": 116 } },
      "426": { "start": { "line": 2501, "column": 6 }, "end": { "line": 2504, "column": 7 } },
      "427": { "start": { "line": 2525, "column": 27 }, "end": { "line": 2525, "column": 38 } },
      "428": { "start": { "line": 2527, "column": 29 }, "end": { "line": 2527, "column": 66 } },
      "429": { "start": { "line": 2529, "column": 6 }, "end": { "line": 2531, "column": 7 } },
      "430": { "start": { "line": 2530, "column": 8 }, "end": { "line": 2530, "column": 47 } },
      "431": { "start": { "line": 2533, "column": 37 }, "end": { "line": 2533, "column": 82 } },
      "432": { "start": { "line": 2534, "column": 38 }, "end": { "line": 2534, "column": 47 } },
      "433": { "start": { "line": 2535, "column": 37 }, "end": { "line": 2535, "column": 46 } },
      "434": { "start": { "line": 2539, "column": 6 }, "end": { "line": 2539, "column": 73 } },
      "435": { "start": { "line": 2541, "column": 6 }, "end": { "line": 2543, "column": 7 } },
      "436": { "start": { "line": 2542, "column": 8 }, "end": { "line": 2542, "column": 45 } },
      "437": { "start": { "line": 2545, "column": 6 }, "end": { "line": 2547, "column": 7 } },
      "438": { "start": { "line": 2546, "column": 8 }, "end": { "line": 2546, "column": 54 } },
      "439": { "start": { "line": 2549, "column": 6 }, "end": { "line": 2551, "column": 7 } },
      "440": { "start": { "line": 2550, "column": 8 }, "end": { "line": 2550, "column": 43 } },
      "441": { "start": { "line": 2553, "column": 6 }, "end": { "line": 2555, "column": 7 } },
      "442": { "start": { "line": 2554, "column": 8 }, "end": { "line": 2554, "column": 56 } },
      "443": { "start": { "line": 2557, "column": 6 }, "end": { "line": 2559, "column": 7 } },
      "444": { "start": { "line": 2558, "column": 8 }, "end": { "line": 2558, "column": 54 } },
      "445": { "start": { "line": 2561, "column": 6 }, "end": { "line": 2561, "column": 61 } },
      "446": { "start": { "line": 2562, "column": 35 }, "end": { "line": 2562, "column": 96 } },
      "447": { "start": { "line": 2563, "column": 6 }, "end": { "line": 2563, "column": 116 } },
      "448": { "start": { "line": 2565, "column": 6 }, "end": { "line": 2568, "column": 7 } },
      "449": { "start": { "line": 2579, "column": 6 }, "end": { "line": 2579, "column": 51 } },
      "450": { "start": { "line": 2580, "column": 27 }, "end": { "line": 2580, "column": 96 } },
      "451": { "start": { "line": 2582, "column": 29 }, "end": { "line": 2582, "column": 66 } },
      "452": { "start": { "line": 2584, "column": 6 }, "end": { "line": 2586, "column": 7 } },
      "453": { "start": { "line": 2585, "column": 8 }, "end": { "line": 2585, "column": 47 } },
      "454": { "start": { "line": 2588, "column": 37 }, "end": { "line": 2588, "column": 82 } },
      "455": { "start": { "line": 2589, "column": 38 }, "end": { "line": 2589, "column": 47 } },
      "456": { "start": { "line": 2590, "column": 37 }, "end": { "line": 2590, "column": 46 } },
      "457": { "start": { "line": 2594, "column": 6 }, "end": { "line": 2594, "column": 73 } },
      "458": { "start": { "line": 2596, "column": 6 }, "end": { "line": 2596, "column": 61 } },
      "459": { "start": { "line": 2597, "column": 35 }, "end": { "line": 2597, "column": 96 } },
      "460": { "start": { "line": 2598, "column": 6 }, "end": { "line": 2598, "column": 116 } },
      "461": { "start": { "line": 2600, "column": 6 }, "end": { "line": 2603, "column": 7 } },
      "462": { "start": { "line": 2624, "column": 27 }, "end": { "line": 2624, "column": 38 } },
      "463": { "start": { "line": 2626, "column": 29 }, "end": { "line": 2626, "column": 66 } },
      "464": { "start": { "line": 2628, "column": 6 }, "end": { "line": 2630, "column": 7 } },
      "465": { "start": { "line": 2629, "column": 8 }, "end": { "line": 2629, "column": 47 } },
      "466": { "start": { "line": 2632, "column": 37 }, "end": { "line": 2632, "column": 82 } },
      "467": { "start": { "line": 2633, "column": 38 }, "end": { "line": 2633, "column": 47 } },
      "468": { "start": { "line": 2634, "column": 37 }, "end": { "line": 2634, "column": 46 } },
      "469": { "start": { "line": 2638, "column": 6 }, "end": { "line": 2638, "column": 73 } },
      "470": { "start": { "line": 2640, "column": 6 }, "end": { "line": 2642, "column": 7 } },
      "471": { "start": { "line": 2641, "column": 8 }, "end": { "line": 2641, "column": 45 } },
      "472": { "start": { "line": 2644, "column": 6 }, "end": { "line": 2646, "column": 7 } },
      "473": { "start": { "line": 2645, "column": 8 }, "end": { "line": 2645, "column": 54 } },
      "474": { "start": { "line": 2648, "column": 6 }, "end": { "line": 2650, "column": 7 } },
      "475": { "start": { "line": 2649, "column": 8 }, "end": { "line": 2649, "column": 43 } },
      "476": { "start": { "line": 2652, "column": 6 }, "end": { "line": 2654, "column": 7 } },
      "477": { "start": { "line": 2653, "column": 8 }, "end": { "line": 2653, "column": 56 } },
      "478": { "start": { "line": 2656, "column": 6 }, "end": { "line": 2658, "column": 7 } },
      "479": { "start": { "line": 2657, "column": 8 }, "end": { "line": 2657, "column": 54 } },
      "480": { "start": { "line": 2660, "column": 6 }, "end": { "line": 2660, "column": 61 } },
      "481": { "start": { "line": 2661, "column": 35 }, "end": { "line": 2661, "column": 96 } },
      "482": { "start": { "line": 2662, "column": 6 }, "end": { "line": 2662, "column": 116 } },
      "483": { "start": { "line": 2664, "column": 6 }, "end": { "line": 2667, "column": 7 } },
      "484": { "start": { "line": 2676, "column": 26 }, "end": { "line": 2801, "column": 1 } },
      "485": { "start": { "line": 2677, "column": 36 }, "end": { "line": 2677, "column": 76 } },
      "486": { "start": { "line": 2678, "column": 2 }, "end": { "line": 2800, "column": 3 } },
      "487": { "start": { "line": 2690, "column": 32 }, "end": { "line": 2690, "column": 104 } },
      "488": { "start": { "line": 2691, "column": 6 }, "end": { "line": 2691, "column": 92 } },
      "489": { "start": { "line": 2704, "column": 32 }, "end": { "line": 2704, "column": 104 } },
      "490": { "start": { "line": 2705, "column": 6 }, "end": { "line": 2705, "column": 92 } },
      "491": { "start": { "line": 2715, "column": 32 }, "end": { "line": 2715, "column": 91 } },
      "492": { "start": { "line": 2716, "column": 6 }, "end": { "line": 2716, "column": 92 } },
      "493": { "start": { "line": 2731, "column": 32 }, "end": { "line": 2731, "column": 100 } },
      "494": { "start": { "line": 2732, "column": 6 }, "end": { "line": 2732, "column": 92 } },
      "495": { "start": { "line": 2742, "column": 32 }, "end": { "line": 2742, "column": 91 } },
      "496": { "start": { "line": 2743, "column": 6 }, "end": { "line": 2743, "column": 92 } },
      "497": { "start": { "line": 2764, "column": 32 }, "end": { "line": 2764, "column": 126 } },
      "498": { "start": { "line": 2765, "column": 6 }, "end": { "line": 2765, "column": 92 } },
      "499": { "start": { "line": 2775, "column": 32 }, "end": { "line": 2775, "column": 91 } },
      "500": { "start": { "line": 2776, "column": 6 }, "end": { "line": 2776, "column": 92 } },
      "501": { "start": { "line": 2797, "column": 32 }, "end": { "line": 2797, "column": 126 } },
      "502": { "start": { "line": 2798, "column": 6 }, "end": { "line": 2798, "column": 92 } },
      "503": { "start": { "line": 2807, "column": 31 }, "end": { "line": 2900, "column": 1 } },
      "504": { "start": { "line": 2808, "column": 21 }, "end": { "line": 2808, "column": 46 } },
      "505": { "start": { "line": 2809, "column": 2 }, "end": { "line": 2899, "column": 3 } },
      "506": { "start": { "line": 2818, "column": 6 }, "end": { "line": 2818, "column": 106 } },
      "507": { "start": { "line": 2818, "column": 81 }, "end": { "line": 2818, "column": 105 } },
      "508": { "start": { "line": 2828, "column": 6 }, "end": { "line": 2828, "column": 106 } },
      "509": { "start": { "line": 2828, "column": 81 }, "end": { "line": 2828, "column": 105 } },
      "510": { "start": { "line": 2838, "column": 6 }, "end": { "line": 2838, "column": 93 } },
      "511": { "start": { "line": 2838, "column": 68 }, "end": { "line": 2838, "column": 92 } },
      "512": { "start": { "line": 2849, "column": 6 }, "end": { "line": 2849, "column": 102 } },
      "513": { "start": { "line": 2849, "column": 77 }, "end": { "line": 2849, "column": 101 } },
      "514": { "start": { "line": 2859, "column": 6 }, "end": { "line": 2859, "column": 93 } },
      "515": { "start": { "line": 2859, "column": 68 }, "end": { "line": 2859, "column": 92 } },
      "516": { "start": { "line": 2873, "column": 6 }, "end": { "line": 2873, "column": 128 } },
      "517": { "start": { "line": 2873, "column": 103 }, "end": { "line": 2873, "column": 127 } },
      "518": { "start": { "line": 2883, "column": 6 }, "end": { "line": 2883, "column": 93 } },
      "519": { "start": { "line": 2883, "column": 68 }, "end": { "line": 2883, "column": 92 } },
      "520": { "start": { "line": 2897, "column": 6 }, "end": { "line": 2897, "column": 128 } },
      "521": { "start": { "line": 2897, "column": 103 }, "end": { "line": 2897, "column": 127 } },
      "522": { "start": { "line": 2918, "column": 4 }, "end": { "line": 2920, "column": 58 } },
      "523": { "start": { "line": 2920, "column": 23 }, "end": { "line": 2920, "column": 57 } },
      "524": { "start": { "line": 2932, "column": 4 }, "end": { "line": 2934, "column": 58 } },
      "525": { "start": { "line": 2934, "column": 23 }, "end": { "line": 2934, "column": 57 } },
      "526": { "start": { "line": 2946, "column": 4 }, "end": { "line": 2948, "column": 58 } },
      "527": { "start": { "line": 2948, "column": 23 }, "end": { "line": 2948, "column": 57 } },
      "528": { "start": { "line": 2961, "column": 4 }, "end": { "line": 2963, "column": 58 } },
      "529": { "start": { "line": 2963, "column": 23 }, "end": { "line": 2963, "column": 57 } },
      "530": { "start": { "line": 2975, "column": 4 }, "end": { "line": 2977, "column": 58 } },
      "531": { "start": { "line": 2977, "column": 23 }, "end": { "line": 2977, "column": 57 } },
      "532": { "start": { "line": 2993, "column": 4 }, "end": { "line": 2995, "column": 58 } },
      "533": { "start": { "line": 2995, "column": 23 }, "end": { "line": 2995, "column": 57 } },
      "534": { "start": { "line": 3007, "column": 4 }, "end": { "line": 3009, "column": 58 } },
      "535": { "start": { "line": 3009, "column": 23 }, "end": { "line": 3009, "column": 57 } },
      "536": { "start": { "line": 3025, "column": 4 }, "end": { "line": 3027, "column": 58 } },
      "537": { "start": { "line": 3027, "column": 23 }, "end": { "line": 3027, "column": 57 } }
    },
    "fnMap": {
      "0": {
        "name": "(anonymous_0)",
        "decl": { "start": { "line": 959, "column": 42 }, "end": { "line": 959, "column": 43 } },
        "loc": { "start": { "line": 959, "column": 83 }, "end": { "line": 1317, "column": 1 } },
        "line": 959
      },
      "1": {
        "name": "(anonymous_1)",
        "decl": { "start": { "line": 968, "column": 30 }, "end": { "line": 968, "column": 31 } },
        "loc": { "start": { "line": 968, "column": 148 }, "end": { "line": 998, "column": 5 } },
        "line": 968
      },
      "2": {
        "name": "(anonymous_2)",
        "decl": { "start": { "line": 1007, "column": 23 }, "end": { "line": 1007, "column": 24 } },
        "loc": { "start": { "line": 1007, "column": 137 }, "end": { "line": 1039, "column": 5 } },
        "line": 1007
      },
      "3": {
        "name": "(anonymous_3)",
        "decl": { "start": { "line": 1049, "column": 27 }, "end": { "line": 1049, "column": 28 } },
        "loc": { "start": { "line": 1054, "column": 31 }, "end": { "line": 1090, "column": 5 } },
        "line": 1054
      },
      "4": {
        "name": "(anonymous_4)",
        "decl": { "start": { "line": 1097, "column": 21 }, "end": { "line": 1097, "column": 22 } },
        "loc": { "start": { "line": 1097, "column": 87 }, "end": { "line": 1122, "column": 5 } },
        "line": 1097
      },
      "5": {
        "name": "(anonymous_5)",
        "decl": { "start": { "line": 1132, "column": 13 }, "end": { "line": 1132, "column": 14 } },
        "loc": { "start": { "line": 1132, "column": 150 }, "end": { "line": 1169, "column": 5 } },
        "line": 1132
      },
      "6": {
        "name": "(anonymous_6)",
        "decl": { "start": { "line": 1178, "column": 23 }, "end": { "line": 1178, "column": 24 } },
        "loc": { "start": { "line": 1178, "column": 123 }, "end": { "line": 1209, "column": 5 } },
        "line": 1178
      },
      "7": {
        "name": "(anonymous_7)",
        "decl": { "start": { "line": 1220, "column": 20 }, "end": { "line": 1220, "column": 21 } },
        "loc": { "start": { "line": 1226, "column": 31 }, "end": { "line": 1265, "column": 5 } },
        "line": 1226
      },
      "8": {
        "name": "(anonymous_8)",
        "decl": { "start": { "line": 1276, "column": 24 }, "end": { "line": 1276, "column": 25 } },
        "loc": { "start": { "line": 1276, "column": 158 }, "end": { "line": 1315, "column": 5 } },
        "line": 1276
      },
      "9": {
        "name": "(anonymous_9)",
        "decl": { "start": { "line": 1323, "column": 27 }, "end": { "line": 1323, "column": 28 } },
        "loc": { "start": { "line": 1323, "column": 68 }, "end": { "line": 1459, "column": 1 } },
        "line": 1323
      },
      "10": {
        "name": "(anonymous_10)",
        "decl": { "start": { "line": 1333, "column": 4 }, "end": { "line": 1333, "column": 5 } },
        "loc": { "start": { "line": 1336, "column": 89 }, "end": { "line": 1339, "column": 5 } },
        "line": 1336
      },
      "11": {
        "name": "(anonymous_11)",
        "decl": { "start": { "line": 1348, "column": 4 }, "end": { "line": 1348, "column": 5 } },
        "loc": { "start": { "line": 1352, "column": 87 }, "end": { "line": 1355, "column": 5 } },
        "line": 1352
      },
      "12": {
        "name": "(anonymous_12)",
        "decl": { "start": { "line": 1365, "column": 4 }, "end": { "line": 1365, "column": 5 } },
        "loc": { "start": { "line": 1370, "column": 91 }, "end": { "line": 1373, "column": 5 } },
        "line": 1370
      },
      "13": {
        "name": "(anonymous_13)",
        "decl": { "start": { "line": 1380, "column": 4 }, "end": { "line": 1380, "column": 5 } },
        "loc": { "start": { "line": 1380, "column": 139 }, "end": { "line": 1383, "column": 5 } },
        "line": 1380
      },
      "14": {
        "name": "(anonymous_14)",
        "decl": { "start": { "line": 1393, "column": 4 }, "end": { "line": 1393, "column": 5 } },
        "loc": { "start": { "line": 1398, "column": 87 }, "end": { "line": 1401, "column": 5 } },
        "line": 1398
      },
      "15": {
        "name": "(anonymous_15)",
        "decl": { "start": { "line": 1410, "column": 4 }, "end": { "line": 1410, "column": 5 } },
        "loc": { "start": { "line": 1414, "column": 80 }, "end": { "line": 1417, "column": 5 } },
        "line": 1414
      },
      "16": {
        "name": "(anonymous_16)",
        "decl": { "start": { "line": 1428, "column": 4 }, "end": { "line": 1428, "column": 5 } },
        "loc": { "start": { "line": 1434, "column": 87 }, "end": { "line": 1437, "column": 5 } },
        "line": 1434
      },
      "17": {
        "name": "(anonymous_17)",
        "decl": { "start": { "line": 1448, "column": 4 }, "end": { "line": 1448, "column": 5 } },
        "loc": { "start": { "line": 1454, "column": 91 }, "end": { "line": 1457, "column": 5 } },
        "line": 1454
      },
      "18": {
        "name": "(anonymous_18)",
        "decl": { "start": { "line": 1465, "column": 32 }, "end": { "line": 1465, "column": 33 } },
        "loc": { "start": { "line": 1465, "column": 115 }, "end": { "line": 1560, "column": 1 } },
        "line": 1465
      },
      "19": {
        "name": "(anonymous_19)",
        "decl": { "start": { "line": 1475, "column": 4 }, "end": { "line": 1475, "column": 5 } },
        "loc": { "start": { "line": 1475, "column": 124 }, "end": { "line": 1477, "column": 5 } },
        "line": 1475
      },
      "20": {
        "name": "(anonymous_20)",
        "decl": { "start": { "line": 1476, "column": 89 }, "end": { "line": 1476, "column": 90 } },
        "loc": { "start": { "line": 1476, "column": 100 }, "end": { "line": 1476, "column": 124 } },
        "line": 1476
      },
      "21": {
        "name": "(anonymous_21)",
        "decl": { "start": { "line": 1486, "column": 4 }, "end": { "line": 1486, "column": 5 } },
        "loc": { "start": { "line": 1486, "column": 111 }, "end": { "line": 1488, "column": 5 } },
        "line": 1486
      },
      "22": {
        "name": "(anonymous_22)",
        "decl": { "start": { "line": 1487, "column": 78 }, "end": { "line": 1487, "column": 79 } },
        "loc": { "start": { "line": 1487, "column": 89 }, "end": { "line": 1487, "column": 113 } },
        "line": 1487
      },
      "23": {
        "name": "(anonymous_23)",
        "decl": { "start": { "line": 1498, "column": 4 }, "end": { "line": 1498, "column": 5 } },
        "loc": { "start": { "line": 1498, "column": 142 }, "end": { "line": 1500, "column": 5 } },
        "line": 1498
      },
      "24": {
        "name": "(anonymous_24)",
        "decl": { "start": { "line": 1499, "column": 93 }, "end": { "line": 1499, "column": 94 } },
        "loc": { "start": { "line": 1499, "column": 104 }, "end": { "line": 1499, "column": 128 } },
        "line": 1499
      },
      "25": {
        "name": "(anonymous_25)",
        "decl": { "start": { "line": 1507, "column": 4 }, "end": { "line": 1507, "column": 5 } },
        "loc": { "start": { "line": 1507, "column": 63 }, "end": { "line": 1509, "column": 5 } },
        "line": 1507
      },
      "26": {
        "name": "(anonymous_26)",
        "decl": { "start": { "line": 1508, "column": 54 }, "end": { "line": 1508, "column": 55 } },
        "loc": { "start": { "line": 1508, "column": 65 }, "end": { "line": 1508, "column": 89 } },
        "line": 1508
      },
      "27": {
        "name": "(anonymous_27)",
        "decl": { "start": { "line": 1519, "column": 4 }, "end": { "line": 1519, "column": 5 } },
        "loc": { "start": { "line": 1519, "column": 124 }, "end": { "line": 1521, "column": 5 } },
        "line": 1519
      },
      "28": {
        "name": "(anonymous_28)",
        "decl": { "start": { "line": 1520, "column": 70 }, "end": { "line": 1520, "column": 71 } },
        "loc": { "start": { "line": 1520, "column": 81 }, "end": { "line": 1520, "column": 105 } },
        "line": 1520
      },
      "29": {
        "name": "(anonymous_29)",
        "decl": { "start": { "line": 1530, "column": 4 }, "end": { "line": 1530, "column": 5 } },
        "loc": { "start": { "line": 1530, "column": 90 }, "end": { "line": 1532, "column": 5 } },
        "line": 1530
      },
      "30": {
        "name": "(anonymous_30)",
        "decl": { "start": { "line": 1531, "column": 74 }, "end": { "line": 1531, "column": 75 } },
        "loc": { "start": { "line": 1531, "column": 85 }, "end": { "line": 1531, "column": 109 } },
        "line": 1531
      },
      "31": {
        "name": "(anonymous_31)",
        "decl": { "start": { "line": 1543, "column": 4 }, "end": { "line": 1543, "column": 5 } },
        "loc": { "start": { "line": 1543, "column": 150 }, "end": { "line": 1545, "column": 5 } },
        "line": 1543
      },
      "32": {
        "name": "(anonymous_32)",
        "decl": { "start": { "line": 1544, "column": 88 }, "end": { "line": 1544, "column": 89 } },
        "loc": { "start": { "line": 1544, "column": 99 }, "end": { "line": 1544, "column": 123 } },
        "line": 1544
      },
      "33": {
        "name": "(anonymous_33)",
        "decl": { "start": { "line": 1556, "column": 4 }, "end": { "line": 1556, "column": 5 } },
        "loc": { "start": { "line": 1556, "column": 136 }, "end": { "line": 1558, "column": 5 } },
        "line": 1556
      },
      "34": {
        "name": "(anonymous_34)",
        "decl": { "start": { "line": 1557, "column": 91 }, "end": { "line": 1557, "column": 92 } },
        "loc": { "start": { "line": 1557, "column": 102 }, "end": { "line": 1557, "column": 126 } },
        "line": 1557
      },
      "35": {
        "name": "(anonymous_35)",
        "decl": { "start": { "line": 1577, "column": 2 }, "end": { "line": 1577, "column": 3 } },
        "loc": { "start": { "line": 1577, "column": 116 }, "end": { "line": 1581, "column": 3 } },
        "line": 1577
      },
      "36": {
        "name": "(anonymous_36)",
        "decl": { "start": { "line": 1580, "column": 12 }, "end": { "line": 1580, "column": 13 } },
        "loc": { "start": { "line": 1580, "column": 23 }, "end": { "line": 1580, "column": 57 } },
        "line": 1580
      },
      "37": {
        "name": "(anonymous_37)",
        "decl": { "start": { "line": 1592, "column": 2 }, "end": { "line": 1592, "column": 3 } },
        "loc": { "start": { "line": 1592, "column": 105 }, "end": { "line": 1596, "column": 3 } },
        "line": 1592
      },
      "38": {
        "name": "(anonymous_38)",
        "decl": { "start": { "line": 1595, "column": 12 }, "end": { "line": 1595, "column": 13 } },
        "loc": { "start": { "line": 1595, "column": 23 }, "end": { "line": 1595, "column": 57 } },
        "line": 1595
      },
      "39": {
        "name": "(anonymous_39)",
        "decl": { "start": { "line": 1608, "column": 2 }, "end": { "line": 1608, "column": 3 } },
        "loc": { "start": { "line": 1608, "column": 132 }, "end": { "line": 1612, "column": 3 } },
        "line": 1608
      },
      "40": {
        "name": "(anonymous_40)",
        "decl": { "start": { "line": 1611, "column": 12 }, "end": { "line": 1611, "column": 13 } },
        "loc": { "start": { "line": 1611, "column": 23 }, "end": { "line": 1611, "column": 57 } },
        "line": 1611
      },
      "41": {
        "name": "(anonymous_41)",
        "decl": { "start": { "line": 1621, "column": 2 }, "end": { "line": 1621, "column": 3 } },
        "loc": { "start": { "line": 1621, "column": 55 }, "end": { "line": 1625, "column": 3 } },
        "line": 1621
      },
      "42": {
        "name": "(anonymous_42)",
        "decl": { "start": { "line": 1624, "column": 12 }, "end": { "line": 1624, "column": 13 } },
        "loc": { "start": { "line": 1624, "column": 23 }, "end": { "line": 1624, "column": 57 } },
        "line": 1624
      },
      "43": {
        "name": "(anonymous_43)",
        "decl": { "start": { "line": 1637, "column": 2 }, "end": { "line": 1637, "column": 3 } },
        "loc": { "start": { "line": 1637, "column": 118 }, "end": { "line": 1641, "column": 3 } },
        "line": 1637
      },
      "44": {
        "name": "(anonymous_44)",
        "decl": { "start": { "line": 1640, "column": 12 }, "end": { "line": 1640, "column": 13 } },
        "loc": { "start": { "line": 1640, "column": 23 }, "end": { "line": 1640, "column": 57 } },
        "line": 1640
      },
      "45": {
        "name": "(anonymous_45)",
        "decl": { "start": { "line": 1652, "column": 2 }, "end": { "line": 1652, "column": 3 } },
        "loc": { "start": { "line": 1652, "column": 91 }, "end": { "line": 1656, "column": 3 } },
        "line": 1652
      },
      "46": {
        "name": "(anonymous_46)",
        "decl": { "start": { "line": 1655, "column": 12 }, "end": { "line": 1655, "column": 13 } },
        "loc": { "start": { "line": 1655, "column": 23 }, "end": { "line": 1655, "column": 57 } },
        "line": 1655
      },
      "47": {
        "name": "(anonymous_47)",
        "decl": { "start": { "line": 1669, "column": 2 }, "end": { "line": 1669, "column": 3 } },
        "loc": { "start": { "line": 1669, "column": 144 }, "end": { "line": 1673, "column": 3 } },
        "line": 1669
      },
      "48": {
        "name": "(anonymous_48)",
        "decl": { "start": { "line": 1672, "column": 12 }, "end": { "line": 1672, "column": 13 } },
        "loc": { "start": { "line": 1672, "column": 23 }, "end": { "line": 1672, "column": 57 } },
        "line": 1672
      },
      "49": {
        "name": "(anonymous_49)",
        "decl": { "start": { "line": 1686, "column": 2 }, "end": { "line": 1686, "column": 3 } },
        "loc": { "start": { "line": 1686, "column": 126 }, "end": { "line": 1690, "column": 3 } },
        "line": 1686
      },
      "50": {
        "name": "(anonymous_50)",
        "decl": { "start": { "line": 1689, "column": 12 }, "end": { "line": 1689, "column": 13 } },
        "loc": { "start": { "line": 1689, "column": 23 }, "end": { "line": 1689, "column": 57 } },
        "line": 1689
      },
      "51": {
        "name": "(anonymous_51)",
        "decl": { "start": { "line": 1697, "column": 44 }, "end": { "line": 1697, "column": 45 } },
        "loc": { "start": { "line": 1697, "column": 85 }, "end": { "line": 1764, "column": 1 } },
        "line": 1697
      },
      "52": {
        "name": "(anonymous_52)",
        "decl": { "start": { "line": 1705, "column": 10 }, "end": { "line": 1705, "column": 11 } },
        "loc": { "start": { "line": 1705, "column": 76 }, "end": { "line": 1730, "column": 5 } },
        "line": 1705
      },
      "53": {
        "name": "(anonymous_53)",
        "decl": { "start": { "line": 1737, "column": 12 }, "end": { "line": 1737, "column": 13 } },
        "loc": { "start": { "line": 1737, "column": 78 }, "end": { "line": 1762, "column": 5 } },
        "line": 1737
      },
      "54": {
        "name": "(anonymous_54)",
        "decl": { "start": { "line": 1770, "column": 29 }, "end": { "line": 1770, "column": 30 } },
        "loc": { "start": { "line": 1770, "column": 70 }, "end": { "line": 1794, "column": 1 } },
        "line": 1770
      },
      "55": {
        "name": "(anonymous_55)",
        "decl": { "start": { "line": 1779, "column": 4 }, "end": { "line": 1779, "column": 5 } },
        "loc": { "start": { "line": 1779, "column": 122 }, "end": { "line": 1782, "column": 5 } },
        "line": 1779
      },
      "56": {
        "name": "(anonymous_56)",
        "decl": { "start": { "line": 1789, "column": 4 }, "end": { "line": 1789, "column": 5 } },
        "loc": { "start": { "line": 1789, "column": 124 }, "end": { "line": 1792, "column": 5 } },
        "line": 1789
      },
      "57": {
        "name": "(anonymous_57)",
        "decl": { "start": { "line": 1800, "column": 34 }, "end": { "line": 1800, "column": 35 } },
        "loc": { "start": { "line": 1800, "column": 117 }, "end": { "line": 1822, "column": 1 } },
        "line": 1800
      },
      "58": {
        "name": "(anonymous_58)",
        "decl": { "start": { "line": 1809, "column": 4 }, "end": { "line": 1809, "column": 5 } },
        "loc": { "start": { "line": 1809, "column": 46 }, "end": { "line": 1811, "column": 5 } },
        "line": 1809
      },
      "59": {
        "name": "(anonymous_59)",
        "decl": { "start": { "line": 1810, "column": 43 }, "end": { "line": 1810, "column": 44 } },
        "loc": { "start": { "line": 1810, "column": 54 }, "end": { "line": 1810, "column": 78 } },
        "line": 1810
      },
      "60": {
        "name": "(anonymous_60)",
        "decl": { "start": { "line": 1818, "column": 4 }, "end": { "line": 1818, "column": 5 } },
        "loc": { "start": { "line": 1818, "column": 48 }, "end": { "line": 1820, "column": 5 } },
        "line": 1818
      },
      "61": {
        "name": "(anonymous_61)",
        "decl": { "start": { "line": 1819, "column": 45 }, "end": { "line": 1819, "column": 46 } },
        "loc": { "start": { "line": 1819, "column": 56 }, "end": { "line": 1819, "column": 80 } },
        "line": 1819
      },
      "62": {
        "name": "(anonymous_62)",
        "decl": { "start": { "line": 1838, "column": 2 }, "end": { "line": 1838, "column": 3 } },
        "loc": { "start": { "line": 1838, "column": 44 }, "end": { "line": 1842, "column": 3 } },
        "line": 1838
      },
      "63": {
        "name": "(anonymous_63)",
        "decl": { "start": { "line": 1841, "column": 12 }, "end": { "line": 1841, "column": 13 } },
        "loc": { "start": { "line": 1841, "column": 23 }, "end": { "line": 1841, "column": 57 } },
        "line": 1841
      },
      "64": {
        "name": "(anonymous_64)",
        "decl": { "start": { "line": 1851, "column": 2 }, "end": { "line": 1851, "column": 3 } },
        "loc": { "start": { "line": 1851, "column": 46 }, "end": { "line": 1855, "column": 3 } },
        "line": 1851
      },
      "65": {
        "name": "(anonymous_65)",
        "decl": { "start": { "line": 1854, "column": 12 }, "end": { "line": 1854, "column": 13 } },
        "loc": { "start": { "line": 1854, "column": 23 }, "end": { "line": 1854, "column": 57 } },
        "line": 1854
      },
      "66": {
        "name": "(anonymous_66)",
        "decl": { "start": { "line": 1862, "column": 44 }, "end": { "line": 1862, "column": 45 } },
        "loc": { "start": { "line": 1862, "column": 85 }, "end": { "line": 2075, "column": 1 } },
        "line": 1862
      },
      "67": {
        "name": "(anonymous_67)",
        "decl": { "start": { "line": 1871, "column": 27 }, "end": { "line": 1871, "column": 28 } },
[...]
        "line": 25
      },
      "5": {
        "name": "(anonymous_5)",
        "decl": { "start": { "line": 28, "column": 16 }, "end": { "line": 28, "column": 17 } },
        "loc": { "start": { "line": 28, "column": 60 }, "end": { "line": 30, "column": 3 } },
        "line": 28
      }
    },
    "branchMap": {
      "0": {
        "loc": { "start": { "line": 9, "column": 4 }, "end": { "line": 13, "column": 5 } },
        "type": "if",
        "locations": [
          { "start": { "line": 9, "column": 4 }, "end": { "line": 13, "column": 5 } },
          { "start": { "line": 9, "column": 4 }, "end": { "line": 13, "column": 5 } }
        ],
        "line": 9
      },
      "1": {
        "loc": { "start": { "line": 14, "column": 4 }, "end": { "line": 18, "column": 5 } },
        "type": "if",
        "locations": [
          { "start": { "line": 14, "column": 4 }, "end": { "line": 18, "column": 5 } },
          { "start": { "line": 14, "column": 4 }, "end": { "line": 18, "column": 5 } }
        ],
        "line": 14
      },
      "2": {
        "loc": { "start": { "line": 19, "column": 4 }, "end": { "line": 23, "column": 5 } },
        "type": "if",
        "locations": [
          { "start": { "line": 19, "column": 4 }, "end": { "line": 23, "column": 5 } },
          { "start": { "line": 19, "column": 4 }, "end": { "line": 23, "column": 5 } }
        ],
        "line": 19
      }
    },
    "s": { "0": 3, "1": 5, "2": 5, "3": 5, "4": 5, "5": 0, "6": 0, "7": 0, "8": 0, "9": 0, "10": 0, "11": 0, "12": 0 },
    "f": { "0": 5, "1": 5, "2": 0, "3": 0, "4": 0, "5": 0 },
    "b": { "0": [5, 0], "1": [0, 0], "2": [0, 0] },
    "_coverageSchema": "43e27e138ebf9cfc5966b082cf9a028302ed4184",
    "hash": "d62df4306397d9114491f3d89cd4d9395ab749aa"
  },
  "/home/iloreus/hei-admin-api/hei-admin-ui/src/providers/studentProvider.ts": {
    "path": "/home/iloreus/hei-admin-api/hei-admin-ui/src/providers/studentProvider.ts",
    "statementMap": {
      "0": { "start": { "line": 5, "column": 44 }, "end": { "line": 28, "column": 1 } },
      "1": { "start": { "line": 7, "column": 19 }, "end": { "line": 7, "column": 111 } },
      "2": { "start": { "line": 8, "column": 4 }, "end": { "line": 8, "column": 22 } },
      "3": { "start": { "line": 11, "column": 19 }, "end": { "line": 11, "column": 54 } },
      "4": { "start": { "line": 12, "column": 4 }, "end": { "line": 12, "column": 22 } },
      "5": { "start": { "line": 15, "column": 4 }, "end": { "line": 26, "column": 5 } },
      "6": { "start": { "line": 17, "column": 30 }, "end": { "line": 17, "column": 40 } },
      "7": { "start": { "line": 18, "column": 6 }, "end": { "line": 18, "column": 62 } },
      "8": { "start": { "line": 19, "column": 32 }, "end": { "line": 19, "column": 89 } },
      "9": { "start": { "line": 20, "column": 6 }, "end": { "line": 20, "column": 92 } },
      "10": { "start": { "line": 21, "column": 6 }, "end": { "line": 21, "column": 30 } },
      "11": { "start": { "line": 24, "column": 21 }, "end": { "line": 24, "column": 69 } },
      "12": { "start": { "line": 25, "column": 6 }, "end": { "line": 25, "column": 24 } }
    },
    "fnMap": {
      "0": {
        "name": "(anonymous_0)",
        "decl": { "start": { "line": 6, "column": 2 }, "end": { "line": 6, "column": 3 } },
        "loc": { "start": { "line": 6, "column": 60 }, "end": { "line": 9, "column": 3 } },
        "line": 6
      },
      "1": {
        "name": "(anonymous_1)",
        "decl": { "start": { "line": 10, "column": 2 }, "end": { "line": 10, "column": 3 } },
        "loc": { "start": { "line": 10, "column": 27 }, "end": { "line": 13, "column": 3 } },
        "line": 10
      },
      "2": {
        "name": "(anonymous_2)",
        "decl": { "start": { "line": 14, "column": 2 }, "end": { "line": 14, "column": 3 } },
        "loc": { "start": { "line": 14, "column": 35 }, "end": { "line": 27, "column": 3 } },
        "line": 14
      }
    },
    "branchMap": {
      "0": {
        "loc": { "start": { "line": 15, "column": 4 }, "end": { "line": 26, "column": 5 } },
        "type": "if",
        "locations": [
          { "start": { "line": 15, "column": 4 }, "end": { "line": 26, "column": 5 } },
          { "start": { "line": 15, "column": 4 }, "end": { "line": 26, "column": 5 } }
        ],
        "line": 15
      },
      "1": {
        "loc": { "start": { "line": 20, "column": 6 }, "end": { "line": 20, "column": 92 } },
        "type": "binary-expr",
        "locations": [
          { "start": { "line": 20, "column": 6 }, "end": { "line": 20, "column": 23 } },
          { "start": { "line": 20, "column": 28 }, "end": { "line": 20, "column": 91 } }
        ],
        "line": 20
      }
    },
    "s": { "0": 3, "1": 0, "2": 0, "3": 0, "4": 0, "5": 0, "6": 0, "7": 0, "8": 0, "9": 0, "10": 0, "11": 0, "12": 0 },
    "f": { "0": 0, "1": 0, "2": 0 },
    "b": { "0": [0, 0], "1": [0, 0] },
    "_coverageSchema": "43e27e138ebf9cfc5966b082cf9a028302ed4184",
    "hash": "b6b7ab207a0e4b08d52bb79c8dd3b05891628cc5"
  },
  "/home/iloreus/hei-admin-api/hei-admin-ui/src/providers/teacherProvider.ts": {
    "path": "/home/iloreus/hei-admin-api/hei-admin-ui/src/providers/teacherProvider.ts",
    "statementMap": {
      "0": { "start": { "line": 4, "column": 44 }, "end": { "line": 17, "column": 1 } },
      "1": { "start": { "line": 6, "column": 19 }, "end": { "line": 6, "column": 111 } },
      "2": { "start": { "line": 7, "column": 4 }, "end": { "line": 7, "column": 22 } },
      "3": { "start": { "line": 10, "column": 19 }, "end": { "line": 10, "column": 54 } },
      "4": { "start": { "line": 11, "column": 4 }, "end": { "line": 11, "column": 22 } },
      "5": { "start": { "line": 14, "column": 19 }, "end": { "line": 14, "column": 65 } },
      "6": { "start": { "line": 15, "column": 4 }, "end": { "line": 15, "column": 22 } }
    },
    "fnMap": {
      "0": {
        "name": "(anonymous_0)",
        "decl": { "start": { "line": 5, "column": 2 }, "end": { "line": 5, "column": 3 } },
        "loc": { "start": { "line": 5, "column": 60 }, "end": { "line": 8, "column": 3 } },
        "line": 5
      },
      "1": {
        "name": "(anonymous_1)",
        "decl": { "start": { "line": 9, "column": 2 }, "end": { "line": 9, "column": 3 } },
        "loc": { "start": { "line": 9, "column": 27 }, "end": { "line": 12, "column": 3 } },
        "line": 9
      },
      "2": {
        "name": "(anonymous_2)",
        "decl": { "start": { "line": 13, "column": 2 }, "end": { "line": 13, "column": 3 } },
        "loc": { "start": { "line": 13, "column": 40 }, "end": { "line": 16, "column": 3 } },
        "line": 13
      }
    },
    "branchMap": {},
    "s": { "0": 3, "1": 0, "2": 0, "3": 0, "4": 0, "5": 0, "6": 0 },
    "f": { "0": 0, "1": 0, "2": 0 },
    "b": {},
    "_coverageSchema": "43e27e138ebf9cfc5966b082cf9a028302ed4184",
    "hash": "d32fc58354f84731d00f10c99cfc85916f9ef12b"
  },
  "/home/iloreus/hei-admin-api/hei-admin-ui/src/security/CompletePasswordPage.js": {
    "path": "/home/iloreus/hei-admin-api/hei-admin-ui/src/security/CompletePasswordPage.js",
    "statementMap": {
      "0": { "start": { "line": 5, "column": 18 }, "end": { "line": 52, "column": 2 } },
      "1": { "start": { "line": 54, "column": 20 }, "end": { "line": 56, "column": 1 } },
      "2": { "start": { "line": 55, "column": 2 }, "end": { "line": 55, "column": 78 } },
      "3": { "start": { "line": 58, "column": 29 }, "end": { "line": 108, "column": 1 } },
      "4": { "start": { "line": 59, "column": 18 }, "end": { "line": 59, "column": 29 } },
      "5": { "start": { "line": 60, "column": 34 }, "end": { "line": 60, "column": 44 } },
      "6": { "start": { "line": 61, "column": 31 }, "end": { "line": 73, "column": 3 } },
      "7": { "start": { "line": 62, "column": 17 }, "end": { "line": 62, "column": 36 } },
      "8": { "start": { "line": 63, "column": 4 }, "end": { "line": 71, "column": 5 } },
      "9": { "start": { "line": 64, "column": 6 }, "end": { "line": 64, "column": 18 } },
      "10": { "start": { "line": 65, "column": 11 }, "end": { "line": 71, "column": 5 } },
      "11": { "start": { "line": 66, "column": 6 }, "end": { "line": 66, "column": 18 } },
      "12": { "start": { "line": 67, "column": 11 }, "end": { "line": 71, "column": 5 } },
      "13": { "start": { "line": 68, "column": 6 }, "end": { "line": 68, "column": 18 } },
      "14": { "start": { "line": 69, "column": 11 }, "end": { "line": 71, "column": 5 } },
      "15": { "start": { "line": 70, "column": 6 }, "end": { "line": 70, "column": 18 } },
      "16": { "start": { "line": 72, "column": 4 }, "end": { "line": 72, "column": 15 } },
      "17": { "start": { "line": 74, "column": 23 }, "end": { "line": 88, "column": 3 } },
      "18": { "start": { "line": 75, "column": 4 }, "end": { "line": 75, "column": 26 } },
      "19": { "start": { "line": 76, "column": 24 }, "end": { "line": 76, "column": 65 } },
      "20": { "start": { "line": 77, "column": 4 }, "end": { "line": 87, "column": 5 } },
      "21": { "start": { "line": 78, "column": 6 }, "end": { "line": 78, "column": 53 } },
      "22": { "start": { "line": 79, "column": 11 }, "end": { "line": 87, "column": 5 } },
      "23": { "start": { "line": 80, "column": 6 }, "end": { "line": 80, "column": 55 } },
      "24": { "start": { "line": 81, "column": 11 }, "end": { "line": 87, "column": 5 } },
      "25": { "start": { "line": 82, "column": 6 }, "end": { "line": 84, "column": 7 } },
      "26": { "start": { "line": 86, "column": 6 }, "end": { "line": 86, "column": 43 } },
      "27": { "start": { "line": 89, "column": 2 }, "end": { "line": 107, "column": 3 } },
      "28": { "start": { "line": 96, "column": 78 }, "end": { "line": 96, "column": 105 } },
      "29": { "start": { "line": 109, "column": 29 }, "end": { "line": 115, "column": 1 } },
      "30": { "start": { "line": 110, "column": 2 }, "end": { "line": 114, "column": 3 } }
    },
    "fnMap": {
      "0": {
        "name": "(anonymous_0)",
        "decl": { "start": { "line": 54, "column": 20 }, "end": { "line": 54, "column": 21 } },
        "loc": { "start": { "line": 54, "column": 28 }, "end": { "line": 56, "column": 1 } },
        "line": 54
      },
      "1": {
        "name": "(anonymous_1)",
        "decl": { "start": { "line": 58, "column": 29 }, "end": { "line": 58, "column": 30 } },
        "loc": { "start": { "line": 58, "column": 35 }, "end": { "line": 108, "column": 1 } },
        "line": 58
      },
      "2": {
        "name": "(anonymous_2)",
        "decl": { "start": { "line": 61, "column": 31 }, "end": { "line": 61, "column": 32 } },
        "loc": { "start": { "line": 61, "column": 43 }, "end": { "line": 73, "column": 3 } },
        "line": 61
      },
      "3": {
        "name": "(anonymous_3)",
        "decl": { "start": { "line": 74, "column": 23 }, "end": { "line": 74, "column": 24 } },
        "loc": { "start": { "line": 74, "column": 32 }, "end": { "line": 88, "column": 3 } },
        "line": 74
      },
      "4": {
        "name": "(anonymous_4)",
        "decl": { "start": { "line": 96, "column": 73 }, "end": { "line": 96, "column": 74 } },
        "loc": { "start": { "line": 96, "column": 78 }, "end": { "line": 96, "column": 105 } },
        "line": 96
      },
      "5": {
        "name": "(anonymous_5)",
        "decl": { "start": { "line": 109, "column": 29 }, "end": { "line": 109, "column": 30 } },
        "loc": { "start": { "line": 109, "column": 35 }, "end": { "line": 115, "column": 1 } },
        "line": 109
      }
    },
    "branchMap": {
      "0": {
        "loc": { "start": { "line": 63, "column": 4 }, "end": { "line": 71, "column": 5 } },
        "type": "if",
        "locations": [
          { "start": { "line": 63, "column": 4 }, "end": { "line": 71, "column": 5 } },
          { "start": { "line": 63, "column": 4 }, "end": { "line": 71, "column": 5 } }
        ],
        "line": 63
      },
      "1": {
        "loc": { "start": { "line": 65, "column": 11 }, "end": { "line": 71, "column": 5 } },
        "type": "if",
        "locations": [
          { "start": { "line": 65, "column": 11 }, "end": { "line": 71, "column": 5 } },
          { "start": { "line": 65, "column": 11 }, "end": { "line": 71, "column": 5 } }
        ],
        "line": 65
      },
      "2": {
        "loc": { "start": { "line": 67, "column": 11 }, "end": { "line": 71, "column": 5 } },
        "type": "if",
        "locations": [
          { "start": { "line": 67, "column": 11 }, "end": { "line": 71, "column": 5 } },
          { "start": { "line": 67, "column": 11 }, "end": { "line": 71, "column": 5 } }
        ],
        "line": 67
      },
      "3": {
        "loc": { "start": { "line": 69, "column": 11 }, "end": { "line": 71, "column": 5 } },
        "type": "if",
        "locations": [
          { "start": { "line": 69, "column": 11 }, "end": { "line": 71, "column": 5 } },
          { "start": { "line": 69, "column": 11 }, "end": { "line": 71, "column": 5 } }
        ],
        "line": 69
      },
      "4": {
        "loc": { "start": { "line": 77, "column": 4 }, "end": { "line": 87, "column": 5 } },
        "type": "if",
        "locations": [
          { "start": { "line": 77, "column": 4 }, "end": { "line": 87, "column": 5 } },
          { "start": { "line": 77, "column": 4 }, "end": { "line": 87, "column": 5 } }
        ],
        "line": 77
      },
      "5": {
        "loc": { "start": { "line": 79, "column": 11 }, "end": { "line": 87, "column": 5 } },
        "type": "if",
        "locations": [
          { "start": { "line": 79, "column": 11 }, "end": { "line": 87, "column": 5 } },
          { "start": { "line": 79, "column": 11 }, "end": { "line": 87, "column": 5 } }
        ],
        "line": 79
      },
      "6": {
        "loc": { "start": { "line": 81, "column": 11 }, "end": { "line": 87, "column": 5 } },
        "type": "if",
        "locations": [
          { "start": { "line": 81, "column": 11 }, "end": { "line": 87, "column": 5 } },
          { "start": { "line": 81, "column": 11 }, "end": { "line": 87, "column": 5 } }
        ],
        "line": 81
      }
    },
    "s": {
      "0": 3,
      "1": 3,
      "2": 0,
      "3": 3,
      "4": 0,
      "5": 0,
      "6": 0,
      "7": 0,
      "8": 0,
      "9": 0,
      "10": 0,
      "11": 0,
      "12": 0,
      "13": 0,
      "14": 0,
      "15": 0,
      "16": 0,
      "17": 0,
      "18": 0,
      "19": 0,
      "20": 0,
      "21": 0,
      "22": 0,
      "23": 0,
      "24": 0,
      "25": 0,
      "26": 0,
      "27": 0,
      "28": 0,
      "29": 3,
      "30": 0
    },
    "f": { "0": 0, "1": 0, "2": 0, "3": 0, "4": 0, "5": 0 },
    "b": { "0": [0, 0], "1": [0, 0], "2": [0, 0], "3": [0, 0], "4": [0, 0], "5": [0, 0], "6": [0, 0] },
    "_coverageSchema": "43e27e138ebf9cfc5966b082cf9a028302ed4184",
    "hash": "85f17f6183f591fc421f1e19148a50374c581dc3"
  },
  "/home/iloreus/hei-admin-api/hei-admin-ui/src/security/LoginPage.js": {
    "path": "/home/iloreus/hei-admin-api/hei-admin-ui/src/security/LoginPage.js",
    "statementMap": {
      "0": { "start": { "line": 7, "column": 14 }, "end": { "line": 34, "column": 1 } },
      "1": { "start": { "line": 8, "column": 19 }, "end": { "line": 8, "column": 91 } },
      "2": { "start": { "line": 9, "column": 2 }, "end": { "line": 33, "column": 3 } },
      "3": { "start": { "line": 36, "column": 20 }, "end": { "line": 91, "column": 1 } },
      "4": { "start": { "line": 37, "column": 22 }, "end": { "line": 37, "column": 80 } },
      "5": { "start": { "line": 38, "column": 26 }, "end": { "line": 38, "column": 103 } },
      "6": { "start": { "line": 38, "column": 32 }, "end": { "line": 38, "column": 103 } },
      "7": { "start": { "line": 39, "column": 37 }, "end": { "line": 39, "column": 106 } },
      "8": { "start": { "line": 39, "column": 43 }, "end": { "line": 39, "column": 106 } },
      "9": { "start": { "line": 40, "column": 34 }, "end": { "line": 40, "column": 131 } },
      "10": { "start": { "line": 40, "column": 41 }, "end": { "line": 40, "column": 130 } },
      "11": { "start": { "line": 42, "column": 2 }, "end": { "line": 90, "column": 3 } }
    },
    "fnMap": {
      "0": {
        "name": "(anonymous_0)",
        "decl": { "start": { "line": 7, "column": 14 }, "end": { "line": 7, "column": 15 } },
        "loc": { "start": { "line": 7, "column": 71 }, "end": { "line": 34, "column": 1 } },
        "line": 7
      },
      "1": {
        "name": "(anonymous_1)",
        "decl": { "start": { "line": 36, "column": 20 }, "end": { "line": 36, "column": 21 } },
        "loc": { "start": { "line": 36, "column": 26 }, "end": { "line": 91, "column": 1 } },
        "line": 36
      },
      "2": {
        "name": "(anonymous_2)",
        "decl": { "start": { "line": 38, "column": 26 }, "end": { "line": 38, "column": 27 } },
        "loc": { "start": { "line": 38, "column": 32 }, "end": { "line": 38, "column": 103 } },
        "line": 38
      },
      "3": {
        "name": "(anonymous_3)",
        "decl": { "start": { "line": 39, "column": 37 }, "end": { "line": 39, "column": 38 } },
        "loc": { "start": { "line": 39, "column": 43 }, "end": { "line": 39, "column": 106 } },
        "line": 39
      },
      "4": {
        "name": "(anonymous_4)",
        "decl": { "start": { "line": 40, "column": 34 }, "end": { "line": 40, "column": 35 } },
        "loc": { "start": { "line": 40, "column": 41 }, "end": { "line": 40, "column": 130 } },
        "line": 40
      }
    },
    "branchMap": {
      "0": {
        "loc": { "start": { "line": 40, "column": 41 }, "end": { "line": 40, "column": 130 } },
        "type": "cond-expr",
        "locations": [
          { "start": { "line": 40, "column": 78 }, "end": { "line": 40, "column": 108 } },
          { "start": { "line": 40, "column": 111 }, "end": { "line": 40, "column": 130 } }
        ],
        "line": 40
      },
      "1": {
        "loc": { "start": { "line": 54, "column": 7 }, "end": { "line": 88, "column": 7 } },
        "type": "cond-expr",
        "locations": [
          { "start": { "line": 55, "column": 8 }, "end": { "line": 85, "column": 15 } },
          { "start": { "line": 87, "column": 8 }, "end": { "line": 87, "column": 35 } }
        ],
        "line": 54
      }
    },
    "s": { "0": 3, "1": 0, "2": 0, "3": 3, "4": 5, "5": 5, "6": 5, "7": 5, "8": 0, "9": 5, "10": 5, "11": 5 },
    "f": { "0": 0, "1": 5, "2": 5, "3": 0, "4": 5 },
    "b": { "0": [0, 5], "1": [0, 5] },
    "_coverageSchema": "43e27e138ebf9cfc5966b082cf9a028302ed4184",
    "hash": "0dc111b116c603e2d7b96ecb379ffc73af2d22de"
  },
  "/home/iloreus/hei-admin-api/hei-admin-ui/src/security/permissions.ts": {
    "path": "/home/iloreus/hei-admin-api/hei-admin-ui/src/security/permissions.ts",
    "statementMap": {
      "0": { "start": { "line": 3, "column": 30 }, "end": { "line": 32, "column": 1 } },
      "1": { "start": { "line": 4, "column": 19 }, "end": { "line": 4, "column": 52 } },
      "2": { "start": { "line": 6, "column": 28 }, "end": { "line": 6, "column": 72 } },
      "3": { "start": { "line": 7, "column": 28 }, "end": { "line": 7, "column": 60 } },
      "4": { "start": { "line": 9, "column": 26 }, "end": { "line": 30, "column": 3 } },
      "5": { "start": { "line": 31, "column": 2 }, "end": { "line": 31, "column": 62 } }
    },
    "fnMap": {
      "0": {
        "name": "(anonymous_0)",
        "decl": { "start": { "line": 3, "column": 30 }, "end": { "line": 3, "column": 31 } },
        "loc": { "start": { "line": 3, "column": 48 }, "end": { "line": 32, "column": 1 } },
        "line": 3
      }
    },
    "branchMap": {},
    "s": { "0": 3, "1": 10, "2": 10, "3": 10, "4": 10, "5": 10 },
    "f": { "0": 10 },
    "b": {},
    "_coverageSchema": "43e27e138ebf9cfc5966b082cf9a028302ed4184",
    "hash": "1fe430e8b47845585204613859c4d29afc4a706c"
  }
}
