TN:
SF:src/App.js
FN:24,(anonymous_0)
FN:25,(anonymous_1)
FN:30,(anonymous_2)
FNF:3
FNH:2
FNDA:0,(anonymous_0)
FNDA:5,(anonymous_1)
FNDA:5,(anonymous_2)
DA:24,3
DA:25,3
DA:26,5
DA:30,5
LF:4
LH:4
BRF:0
BRH:0
end_of_record
TN:
SF:src/HaAppBar.js
FN:6,(anonymous_0)
FN:7,(anonymous_1)
FN:20,(anonymous_2)
FNF:3
FNH:2
FNDA:13,(anonymous_0)
FNDA:0,(anonymous_1)
FNDA:13,(anonymous_2)
DA:6,3
DA:7,13
DA:8,0
DA:9,0
DA:11,13
DA:20,3
DA:21,13
LF:7
LH:5
BRF:0
BRH:0
end_of_record
TN:
SF:src/HaLayout.js
FN:8,(anonymous_0)
FNF:1
FNH:1
FNDA:13,(anonymous_0)
DA:8,3
DA:9,13
LF:2
LH:2
BRF:0
BRH:0
end_of_record
TN:
SF:src/MyBreadcrumb.js
FN:5,(anonymous_0)
FN:7,(anonymous_1)
FN:12,(anonymous_2)
FNF:3
FNH:1
FNDA:13,(anonymous_0)
FNDA:0,(anonymous_1)
FNDA:0,(anonymous_2)
DA:5,3
DA:6,13
DA:7,13
DA:8,0
DA:9,0
DA:10,0
DA:12,0
DA:13,0
DA:14,0
DA:16,0
DA:17,0
DA:20,0
DA:23,13
LF:13
LH:4
BRDA:8,0,0,0
BRDA:8,0,1,0
BRDA:9,1,0,0
BRDA:9,1,1,0
BRF:4
BRH:0
end_of_record
TN:
SF:src/aws-exports.js
FNF:0
FNH:0
DA:4,3
LF:1
LH:1
BRF:0
BRH:0
end_of_record
TN:
SF:src/conf.js
FNF:0
FNH:0
DA:1,3
DA:3,3
DA:5,3
DA:33,3
DA:38,3
DA:44,3
LF:6
LH:6
BRF:0
BRH:0
end_of_record
TN:
SF:src/haTheme.js
FNF:0
FNH:0
DA:4,3
LF:1
LH:1
BRF:0
BRH:0
end_of_record
TN:
SF:src/gen/haClient/api.ts
FN:959,(anonymous_0)
FN:968,(anonymous_1)
FN:1007,(anonymous_2)
FN:1049,(anonymous_3)
FN:1097,(anonymous_4)
FN:1132,(anonymous_5)
FN:1178,(anonymous_6)
FN:1220,(anonymous_7)
FN:1276,(anonymous_8)
FN:1323,(anonymous_9)
FN:1333,(anonymous_10)
FN:1348,(anonymous_11)
FN:1365,(anonymous_12)
FN:1380,(anonymous_13)
FN:1393,(anonymous_14)
FN:1410,(anonymous_15)
FN:1428,(anonymous_16)
FN:1448,(anonymous_17)
FN:1465,(anonymous_18)
FN:1475,(anonymous_19)
FN:1476,(anonymous_20)
FN:1486,(anonymous_21)
FN:1487,(anonymous_22)
FN:1498,(anonymous_23)
FN:1499,(anonymous_24)
FN:1507,(anonymous_25)
FN:1508,(anonymous_26)
FN:1519,(anonymous_27)
FN:1520,(anonymous_28)
FN:1530,(anonymous_29)
FN:1531,(anonymous_30)
FN:1543,(anonymous_31)
FN:1544,(anonymous_32)
FN:1556,(anonymous_33)
FN:1557,(anonymous_34)
FN:1577,(anonymous_35)
FN:1580,(anonymous_36)
FN:1592,(anonymous_37)
FN:1595,(anonymous_38)
FN:1608,(anonymous_39)
FN:1611,(anonymous_40)
FN:1621,(anonymous_41)
FN:1624,(anonymous_42)
FN:1637,(anonymous_43)
FN:1640,(anonymous_44)
FN:1652,(anonymous_45)
FN:1655,(anonymous_46)
FN:1669,(anonymous_47)
FN:1672,(anonymous_48)
FN:1686,(anonymous_49)
FN:1689,(anonymous_50)
FN:1697,(anonymous_51)
FN:1705,(anonymous_52)
FN:1737,(anonymous_53)
FN:1770,(anonymous_54)
FN:1779,(anonymous_55)
FN:1789,(anonymous_56)
FN:1800,(anonymous_57)
FN:1809,(anonymous_58)
FN:1810,(anonymous_59)
FN:1818,(anonymous_60)
FN:1819,(anonymous_61)
FN:1838,(anonymous_62)
FN:1841,(anonymous_63)
FN:1851,(anonymous_64)
FN:1854,(anonymous_65)
FN:1862,(anonymous_66)
FN:1871,(anonymous_67)
FN:1909,(anonymous_68)
FN:1947,(anonymous_69)
FN:1981,(anonymous_70)
FN:2014,(anonymous_71)
FN:2048,(anonymous_72)
FN:2081,(anonymous_73)
FN:2091,(anonymous_74)
FN:2102,(anonymous_75)
FN:2116,(anonymous_76)
FN:2126,(anonymous_77)
FN:2137,(anonymous_78)
FN:2147,(anonymous_79)
FN:2158,(anonymous_80)
FN:2168,(anonymous_81)
FN:2169,(anonymous_82)
FN:2178,(anonymous_83)
FN:2179,(anonymous_84)
FN:2188,(anonymous_85)
FN:2189,(anonymous_86)
FN:2197,(anonymous_87)
FN:2198,(anonymous_88)
FN:2207,(anonymous_89)
FN:2208,(anonymous_90)
FN:2216,(anonymous_91)
FN:2217,(anonymous_92)
FN:2237,(anonymous_93)
FN:2240,(anonymous_94)
FN:2251,(anonymous_95)
FN:2254,(anonymous_96)
FN:2265,(anonymous_97)
FN:2268,(anonymous_98)
FN:2278,(anonymous_99)
FN:2281,(anonymous_100)
FN:2292,(anonymous_101)
FN:2295,(anonymous_102)
FN:2305,(anonymous_103)
FN:2308,(anonymous_104)
FN:2316,(anonymous_105)
FN:2325,(anonymous_106)
FN:2363,(anonymous_107)
FN:2401,(anonymous_108)
FN:2437,(anonymous_109)
FN:2478,(anonymous_110)
FN:2517,(anonymous_111)
FN:2577,(anonymous_112)
FN:2616,(anonymous_113)
FN:2676,(anonymous_114)
FN:2686,(anonymous_115)
FN:2700,(anonymous_116)
FN:2714,(anonymous_117)
FN:2726,(anonymous_118)
FN:2741,(anonymous_119)
FN:2756,(anonymous_120)
FN:2774,(anonymous_121)
FN:2789,(anonymous_122)
FN:2807,(anonymous_123)
FN:2817,(anonymous_124)
FN:2818,(anonymous_125)
FN:2827,(anonymous_126)
FN:2828,(anonymous_127)
FN:2837,(anonymous_128)
FN:2838,(anonymous_129)
FN:2848,(anonymous_130)
FN:2849,(anonymous_131)
FN:2858,(anonymous_132)
FN:2859,(anonymous_133)
FN:2872,(anonymous_134)
FN:2873,(anonymous_135)
FN:2882,(anonymous_136)
FN:2883,(anonymous_137)
FN:2896,(anonymous_138)
FN:2897,(anonymous_139)
FN:2917,(anonymous_140)
FN:2920,(anonymous_141)
FN:2931,(anonymous_142)
FN:2934,(anonymous_143)
FN:2945,(anonymous_144)
FN:2948,(anonymous_145)
FN:2960,(anonymous_146)
FN:2963,(anonymous_147)
FN:2974,(anonymous_148)
FN:2977,(anonymous_149)
FN:2992,(anonymous_150)
FN:2995,(anonymous_151)
FN:3006,(anonymous_152)
FN:3009,(anonymous_153)
FN:3024,(anonymous_154)
FN:3027,(anonymous_155)
FNF:156
FNH:12
FNDA:0,(anonymous_0)
FNDA:0,(anonymous_1)
FNDA:0,(anonymous_2)
FNDA:0,(anonymous_3)
FNDA:0,(anonymous_4)
FNDA:0,(anonymous_5)
FNDA:0,(anonymous_6)
FNDA:0,(anonymous_7)
FNDA:0,(anonymous_8)
FNDA:0,(anonymous_9)
FNDA:0,(anonymous_10)
FNDA:0,(anonymous_11)
FNDA:0,(anonymous_12)
FNDA:0,(anonymous_13)
FNDA:0,(anonymous_14)
FNDA:0,(anonymous_15)
FNDA:0,(anonymous_16)
FNDA:0,(anonymous_17)
FNDA:0,(anonymous_18)
FNDA:0,(anonymous_19)
FNDA:0,(anonymous_20)
FNDA:0,(anonymous_21)
FNDA:0,(anonymous_22)
FNDA:0,(anonymous_23)
FNDA:0,(anonymous_24)
FNDA:0,(anonymous_25)
FNDA:0,(anonymous_26)
FNDA:0,(anonymous_27)
FNDA:0,(anonymous_28)
FNDA:0,(anonymous_29)
FNDA:0,(anonymous_30)
FNDA:0,(anonymous_31)
FNDA:0,(anonymous_32)
FNDA:0,(anonymous_33)
FNDA:0,(anonymous_34)
FNDA:0,(anonymous_35)
FNDA:0,(anonymous_36)
FNDA:0,(anonymous_37)
FNDA:0,(anonymous_38)
FNDA:0,(anonymous_39)
FNDA:0,(anonymous_40)
FNDA:0,(anonymous_41)
FNDA:0,(anonymous_42)
FNDA:0,(anonymous_43)
FNDA:0,(anonymous_44)
FNDA:0,(anonymous_45)
FNDA:0,(anonymous_46)
FNDA:0,(anonymous_47)
FNDA:0,(anonymous_48)
FNDA:0,(anonymous_49)
FNDA:0,(anonymous_50)
FNDA:20,(anonymous_51)
FNDA:0,(anonymous_52)
FNDA:20,(anonymous_53)
FNDA:20,(anonymous_54)
FNDA:0,(anonymous_55)
FNDA:20,(anonymous_56)
FNDA:0,(anonymous_57)
FNDA:0,(anonymous_58)
FNDA:0,(anonymous_59)
FNDA:0,(anonymous_60)
FNDA:0,(anonymous_61)
FNDA:0,(anonymous_62)
FNDA:0,(anonymous_63)
FNDA:20,(anonymous_64)
FNDA:20,(anonymous_65)
FNDA:0,(anonymous_66)
FNDA:0,(anonymous_67)
FNDA:0,(anonymous_68)
FNDA:0,(anonymous_69)
FNDA:0,(anonymous_70)
FNDA:0,(anonymous_71)
FNDA:0,(anonymous_72)
FNDA:0,(anonymous_73)
FNDA:0,(anonymous_74)
FNDA:0,(anonymous_75)
FNDA:0,(anonymous_76)
FNDA:0,(anonymous_77)
FNDA:0,(anonymous_78)
FNDA:0,(anonymous_79)
FNDA:0,(anonymous_80)
FNDA:0,(anonymous_81)
FNDA:0,(anonymous_82)
FNDA:0,(anonymous_83)
FNDA:0,(anonymous_84)
FNDA:0,(anonymous_85)
FNDA:0,(anonymous_86)
FNDA:0,(anonymous_87)
FNDA:0,(anonymous_88)
FNDA:0,(anonymous_89)
FNDA:0,(anonymous_90)
FNDA:0,(anonymous_91)
FNDA:0,(anonymous_92)
FNDA:0,(anonymous_93)
FNDA:0,(anonymous_94)
FNDA:0,(anonymous_95)
FNDA:0,(anonymous_96)
FNDA:0,(anonymous_97)
FNDA:0,(anonymous_98)
FNDA:0,(anonymous_99)
FNDA:0,(anonymous_100)
FNDA:0,(anonymous_101)
FNDA:0,(anonymous_102)
FNDA:0,(anonymous_103)
FNDA:0,(anonymous_104)
FNDA:5,(anonymous_105)
FNDA:0,(anonymous_106)
FNDA:0,(anonymous_107)
FNDA:0,(anonymous_108)
FNDA:0,(anonymous_109)
FNDA:5,(anonymous_110)
FNDA:0,(anonymous_111)
FNDA:0,(anonymous_112)
FNDA:0,(anonymous_113)
FNDA:5,(anonymous_114)
FNDA:0,(anonymous_115)
FNDA:0,(anonymous_116)
FNDA:0,(anonymous_117)
FNDA:0,(anonymous_118)
FNDA:5,(anonymous_119)
FNDA:0,(anonymous_120)
FNDA:0,(anonymous_121)
FNDA:0,(anonymous_122)
FNDA:0,(anonymous_123)
FNDA:0,(anonymous_124)
FNDA:0,(anonymous_125)
FNDA:0,(anonymous_126)
FNDA:0,(anonymous_127)
FNDA:0,(anonymous_128)
FNDA:0,(anonymous_129)
FNDA:0,(anonymous_130)
FNDA:0,(anonymous_131)
FNDA:0,(anonymous_132)
FNDA:0,(anonymous_133)
FNDA:0,(anonymous_134)
FNDA:0,(anonymous_135)
FNDA:0,(anonymous_136)
FNDA:0,(anonymous_137)
FNDA:0,(anonymous_138)
FNDA:0,(anonymous_139)
FNDA:0,(anonymous_140)
FNDA:0,(anonymous_141)
FNDA:0,(anonymous_142)
FNDA:0,(anonymous_143)
FNDA:0,(anonymous_144)
FNDA:0,(anonymous_145)
FNDA:0,(anonymous_146)
FNDA:0,(anonymous_147)
FNDA:5,(anonymous_148)
FNDA:5,(anonymous_149)
FNDA:0,(anonymous_150)
FNDA:0,(anonymous_151)
FNDA:0,(anonymous_152)
FNDA:0,(anonymous_153)
FNDA:0,(anonymous_154)
FNDA:0,(anonymous_155)
DA:959,3
DA:960,0
DA:970,0
DA:971,0
DA:973,0
DA:975,0
DA:976,0
DA:979,0
DA:980,0
DA:981,0
DA:985,0
DA:987,0
DA:989,0
DA:990,0
DA:991,0
DA:992,0
DA:994,0
DA:1009,0
DA:1011,0
DA:1012,0
DA:1014,0
DA:1016,0
DA:1017,0
DA:1020,0
DA:1021,0
DA:1022,0
DA:1026,0
DA:1028,0
DA:1030,0
DA:1031,0
DA:1032,0
DA:1033,0
DA:1035,0
DA:1056,0
DA:1058,0
DA:1060,0
DA:1061,0
DA:1065,0
DA:1067,0
DA:1068,0
DA:1071,0
DA:1072,0
DA:1073,0
DA:1077,0
DA:1079,0
DA:1081,0
DA:1082,0
DA:1083,0
DA:1084,0
DA:1086,0
DA:1098,0
DA:1100,0
DA:1102,0
DA:1103,0
DA:1106,0
DA:1107,0
DA:1108,0
DA:1112,0
DA:1114,0
DA:1115,0
DA:1116,0
DA:1118,0
DA:1133,0
DA:1135,0
DA:1137,0
DA:1138,0
DA:1141,0
DA:1142,0
DA:1143,0
DA:1147,0
DA:1149,0
DA:1150,0
DA:1153,0
DA:1154,0
DA:1157,0
DA:1158,0
DA:1161,0
DA:1162,0
DA:1163,0
DA:1165,0
DA:1180,0
DA:1182,0
DA:1183,0
DA:1187,0
DA:1189,0
DA:1190,0
DA:1193,0
DA:1194,0
DA:1195,0
DA:1199,0
DA:1201,0
DA:1202,0
DA:1203,0
DA:1205,0
DA:1228,0
DA:1229,0
DA:1231,0
DA:1233,0
DA:1234,0
DA:1237,0
DA:1238,0
DA:1239,0
DA:1243,0
DA:1245,0
DA:1246,0
DA:1249,0
DA:1250,0
DA:1253,0
DA:1254,0
DA:1257,0
DA:1258,0
DA:1259,0
DA:1261,0
DA:1278,0
DA:1280,0
DA:1281,0
DA:1285,0
DA:1287,0
DA:1288,0
DA:1291,0
DA:1292,0
DA:1293,0
DA:1297,0
DA:1299,0
DA:1300,0
DA:1303,0
DA:1304,0
DA:1307,0
DA:1308,0
DA:1309,0
DA:1311,0
DA:1323,3
DA:1324,0
DA:1325,0
DA:1337,0
DA:1338,0
DA:1353,0
DA:1354,0
DA:1371,0
DA:1372,0
DA:1381,0
DA:1382,0
DA:1399,0
DA:1400,0
DA:1415,0
DA:1416,0
DA:1435,0
DA:1436,0
DA:1455,0
DA:1456,0
DA:1465,3
DA:1466,0
DA:1467,0
DA:1476,0
DA:1487,0
DA:1499,0
DA:1508,0
DA:1520,0
DA:1531,0
DA:1544,0
DA:1557,0
DA:1578,0
DA:1580,0
DA:1593,0
DA:1595,0
DA:1609,0
DA:1611,0
DA:1622,0
DA:1624,0
DA:1638,0
DA:1640,0
DA:1653,0
DA:1655,0
DA:1670,0
DA:1672,0
DA:1687,0
DA:1689,0
DA:1697,3
DA:1698,20
DA:1706,0
DA:1708,0
DA:1710,0
DA:1711,0
DA:1714,0
DA:1715,0
DA:1716,0
DA:1720,0
DA:1722,0
DA:1723,0
DA:1724,0
DA:1726,0
DA:1738,20
DA:1740,20
DA:1742,20
DA:1743,20
DA:1746,20
DA:1747,20
DA:1748,20
DA:1752,20
DA:1754,20
DA:1755,20
DA:1756,20
DA:1758,20
DA:1770,3
DA:1771,20
DA:1772,20
DA:1780,0
DA:1781,0
DA:1790,20
DA:1791,20
DA:1800,3
DA:1801,0
DA:1802,0
DA:1810,0
DA:1819,0
DA:1839,0
DA:1841,0
DA:1852,20
DA:1854,20
DA:1862,3
DA:1863,0
DA:1873,0
DA:1874,0
DA:1876,0
DA:1878,0
DA:1879,0
DA:1882,0
DA:1883,0
DA:1884,0
DA:1888,0
DA:1890,0
DA:1892,0
DA:1893,0
DA:1894,0
DA:1895,0
DA:1897,0
DA:1911,0
DA:1912,0
DA:1914,0
DA:1916,0
DA:1917,0
DA:1920,0
DA:1921,0
DA:1922,0
DA:1926,0
DA:1928,0
DA:1930,0
DA:1931,0
DA:1932,0
DA:1933,0
DA:1935,0
DA:1949,0
DA:1950,0
DA:1952,0
DA:1954,0
DA:1955,0
DA:1958,0
DA:1959,0
DA:1960,0
DA:1964,0
DA:1966,0
DA:1967,0
DA:1968,0
DA:1970,0
DA:1982,0
DA:1984,0
DA:1986,0
DA:1987,0
DA:1990,0
DA:1991,0
DA:1992,0
DA:1996,0
DA:1998,0
DA:1999,0
DA:2000,0
DA:2002,0
DA:2016,0
DA:2017,0
DA:2019,0
DA:2021,0
DA:2022,0
DA:2025,0
DA:2026,0
DA:2027,0
DA:2031,0
DA:2033,0
DA:2034,0
DA:2035,0
DA:2037,0
DA:2049,0
DA:2051,0
DA:2053,0
DA:2054,0
DA:2057,0
DA:2058,0
DA:2059,0
DA:2063,0
DA:2065,0
DA:2066,0
DA:2067,0
DA:2069,0
DA:2081,3
DA:2082,0
DA:2083,0
DA:2092,0
DA:2093,0
DA:2106,0
DA:2107,0
DA:2117,0
DA:2118,0
DA:2127,0
DA:2128,0
DA:2138,0
DA:2139,0
DA:2148,0
DA:2149,0
DA:2158,3
DA:2159,0
DA:2160,0
DA:2169,0
DA:2179,0
DA:2189,0
DA:2198,0
DA:2208,0
DA:2217,0
DA:2238,0
DA:2240,0
DA:2252,0
DA:2254,0
DA:2266,0
DA:2268,0
DA:2279,0
DA:2281,0
DA:2293,0
DA:2295,0
DA:2306,0
DA:2308,0
DA:2316,3
DA:2317,5
DA:2327,0
DA:2328,0
DA:2330,0
DA:2332,0
DA:2333,0
DA:2336,0
DA:2337,0
DA:2338,0
DA:2342,0
DA:2344,0
DA:2346,0
DA:2347,0
DA:2348,0
DA:2349,0
DA:2351,0
DA:2365,0
DA:2366,0
DA:2368,0
DA:2370,0
DA:2371,0
DA:2374,0
DA:2375,0
DA:2376,0
DA:2380,0
DA:2382,0
DA:2384,0
DA:2385,0
DA:2386,0
DA:2387,0
DA:2389,0
DA:2403,0
DA:2404,0
DA:2406,0
DA:2408,0
DA:2409,0
DA:2412,0
DA:2413,0
DA:2414,0
DA:2418,0
DA:2420,0
DA:2421,0
DA:2422,0
DA:2424,0
DA:2438,0
DA:2440,0
DA:2442,0
DA:2443,0
DA:2446,0
DA:2447,0
DA:2448,0
DA:2452,0
DA:2454,0
DA:2455,0
DA:2458,0
DA:2459,0
DA:2462,0
DA:2463,0
DA:2464,0
DA:2466,0
DA:2480,5
DA:2481,5
DA:2483,5
DA:2485,5
DA:2486,5
DA:2489,5
DA:2490,5
DA:2491,5
DA:2495,5
DA:2497,5
DA:2498,5
DA:2499,5
DA:2501,5
DA:2525,0
DA:2527,0
DA:2529,0
DA:2530,0
DA:2533,0
DA:2534,0
DA:2535,0
DA:2539,0
DA:2541,0
DA:2542,0
DA:2545,0
DA:2546,0
DA:2549,0
DA:2550,0
DA:2553,0
DA:2554,0
DA:2557,0
DA:2558,0
DA:2561,0
DA:2562,0
DA:2563,0
DA:2565,0
DA:2579,0
DA:2580,0
DA:2582,0
DA:2584,0
DA:2585,0
DA:2588,0
DA:2589,0
DA:2590,0
DA:2594,0
DA:2596,0
DA:2597,0
DA:2598,0
DA:2600,0
DA:2624,0
DA:2626,0
DA:2628,0
DA:2629,0
DA:2632,0
DA:2633,0
DA:2634,0
DA:2638,0
DA:2640,0
DA:2641,0
DA:2644,0
DA:2645,0
DA:2648,0
DA:2649,0
DA:2652,0
DA:2653,0
DA:2656,0
DA:2657,0
DA:2660,0
DA:2661,0
DA:2662,0
DA:2664,0
DA:2676,3
DA:2677,5
DA:2678,5
DA:2690,0
DA:2691,0
DA:2704,0
DA:2705,0
DA:2715,0
DA:2716,0
DA:2731,0
DA:2732,0
DA:2742,5
DA:2743,5
DA:2764,0
DA:2765,0
DA:2775,0
DA:2776,0
DA:2797,0
DA:2798,0
DA:2807,3
DA:2808,0
DA:2809,0
DA:2818,0
DA:2828,0
DA:2838,0
DA:2849,0
DA:2859,0
DA:2873,0
DA:2883,0
DA:2897,0
DA:2918,0
DA:2920,0
DA:2932,0
DA:2934,0
DA:2946,0
DA:2948,0
DA:2961,0
DA:2963,0
DA:2975,5
DA:2977,5
DA:2993,0
DA:2995,0
DA:3007,0
DA:3009,0
DA:3025,0
DA:3027,0
LF:514
LH:51
BRDA:968,0,0,0
BRDA:975,1,0,0
BRDA:975,1,1,0
BRDA:990,2,0,0
BRDA:990,2,1,0
BRDA:990,3,0,0
BRDA:990,3,1,0
BRDA:1007,4,0,0
BRDA:1016,5,0,0
BRDA:1016,5,1,0
BRDA:1031,6,0,0
BRDA:1031,6,1,0
BRDA:1031,7,0,0
BRDA:1031,7,1,0
BRDA:1053,8,0,0
BRDA:1067,9,0,0
BRDA:1067,9,1,0
BRDA:1082,10,0,0
BRDA:1082,10,1,0
BRDA:1082,11,0,0
BRDA:1082,11,1,0
BRDA:1097,12,0,0
BRDA:1102,13,0,0
BRDA:1102,13,1,0
BRDA:1115,14,0,0
BRDA:1115,14,1,0
BRDA:1115,15,0,0
BRDA:1115,15,1,0
BRDA:1132,16,0,0
BRDA:1137,17,0,0
BRDA:1137,17,1,0
BRDA:1149,18,0,0
BRDA:1149,18,1,0
BRDA:1153,19,0,0
BRDA:1153,19,1,0
BRDA:1157,20,0,0
BRDA:1157,20,1,0
BRDA:1162,21,0,0
BRDA:1162,21,1,0
BRDA:1162,22,0,0
BRDA:1162,22,1,0
BRDA:1178,23,0,0
BRDA:1189,24,0,0
BRDA:1189,24,1,0
BRDA:1202,25,0,0
BRDA:1202,25,1,0
BRDA:1202,26,0,0
BRDA:1202,26,1,0
BRDA:1225,27,0,0
BRDA:1233,28,0,0
BRDA:1233,28,1,0
BRDA:1245,29,0,0
BRDA:1245,29,1,0
BRDA:1249,30,0,0
BRDA:1249,30,1,0
BRDA:1253,31,0,0
BRDA:1253,31,1,0
BRDA:1258,32,0,0
BRDA:1258,32,1,0
BRDA:1258,33,0,0
BRDA:1258,33,1,0
BRDA:1276,34,0,0
BRDA:1287,35,0,0
BRDA:1287,35,1,0
BRDA:1299,36,0,0
BRDA:1299,36,1,0
BRDA:1303,37,0,0
BRDA:1303,37,1,0
BRDA:1308,38,0,0
BRDA:1308,38,1,0
BRDA:1308,39,0,0
BRDA:1308,39,1,0
BRDA:1705,40,0,0
BRDA:1710,41,0,0
BRDA:1710,41,1,0
BRDA:1723,42,0,0
BRDA:1723,42,1,0
BRDA:1723,43,0,0
BRDA:1723,43,1,0
BRDA:1737,44,0,20
BRDA:1742,45,0,20
BRDA:1742,45,1,0
BRDA:1755,46,0,0
BRDA:1755,46,1,20
BRDA:1755,47,0,20
BRDA:1755,47,1,0
BRDA:1871,48,0,0
BRDA:1878,49,0,0
BRDA:1878,49,1,0
BRDA:1893,50,0,0
BRDA:1893,50,1,0
BRDA:1893,51,0,0
BRDA:1893,51,1,0
BRDA:1909,52,0,0
BRDA:1916,53,0,0
BRDA:1916,53,1,0
BRDA:1931,54,0,0
BRDA:1931,54,1,0
BRDA:1931,55,0,0
BRDA:1931,55,1,0
BRDA:1947,56,0,0
BRDA:1954,57,0,0
BRDA:1954,57,1,0
BRDA:1967,58,0,0
BRDA:1967,58,1,0
BRDA:1967,59,0,0
BRDA:1967,59,1,0
BRDA:1981,60,0,0
BRDA:1986,61,0,0
BRDA:1986,61,1,0
BRDA:1999,62,0,0
BRDA:1999,62,1,0
BRDA:1999,63,0,0
BRDA:1999,63,1,0
BRDA:2014,64,0,0
BRDA:2021,65,0,0
BRDA:2021,65,1,0
BRDA:2034,66,0,0
BRDA:2034,66,1,0
BRDA:2034,67,0,0
BRDA:2034,67,1,0
BRDA:2048,68,0,0
BRDA:2053,69,0,0
BRDA:2053,69,1,0
BRDA:2066,70,0,0
BRDA:2066,70,1,0
BRDA:2066,71,0,0
BRDA:2066,71,1,0
BRDA:2325,72,0,0
BRDA:2332,73,0,0
BRDA:2332,73,1,0
BRDA:2347,74,0,0
BRDA:2347,74,1,0
BRDA:2347,75,0,0
BRDA:2347,75,1,0
BRDA:2363,76,0,0
BRDA:2370,77,0,0
BRDA:2370,77,1,0
BRDA:2385,78,0,0
BRDA:2385,78,1,0
BRDA:2385,79,0,0
BRDA:2385,79,1,0
BRDA:2401,80,0,0
BRDA:2408,81,0,0
BRDA:2408,81,1,0
BRDA:2421,82,0,0
BRDA:2421,82,1,0
BRDA:2421,83,0,0
BRDA:2421,83,1,0
BRDA:2437,84,0,0
BRDA:2442,85,0,0
BRDA:2442,85,1,0
BRDA:2454,86,0,0
BRDA:2454,86,1,0
BRDA:2458,87,0,0
BRDA:2458,87,1,0
BRDA:2463,88,0,0
BRDA:2463,88,1,0
BRDA:2463,89,0,0
BRDA:2463,89,1,0
BRDA:2478,90,0,5
BRDA:2485,91,0,5
BRDA:2485,91,1,0
BRDA:2498,92,0,0
BRDA:2498,92,1,5
BRDA:2498,93,0,5
BRDA:2498,93,1,0
BRDA:2523,94,0,0
BRDA:2529,95,0,0
BRDA:2529,95,1,0
BRDA:2541,96,0,0
BRDA:2541,96,1,0
BRDA:2545,97,0,0
BRDA:2545,97,1,0
BRDA:2549,98,0,0
BRDA:2549,98,1,0
BRDA:2553,99,0,0
BRDA:2553,99,1,0
BRDA:2557,100,0,0
BRDA:2557,100,1,0
BRDA:2562,101,0,0
BRDA:2562,101,1,0
BRDA:2562,102,0,0
BRDA:2562,102,1,0
BRDA:2577,103,0,0
BRDA:2584,104,0,0
BRDA:2584,104,1,0
BRDA:2597,105,0,0
BRDA:2597,105,1,0
BRDA:2597,106,0,0
BRDA:2597,106,1,0
BRDA:2622,107,0,0
BRDA:2628,108,0,0
BRDA:2628,108,1,0
BRDA:2640,109,0,0
BRDA:2640,109,1,0
BRDA:2644,110,0,0
BRDA:2644,110,1,0
BRDA:2648,111,0,0
BRDA:2648,111,1,0
BRDA:2652,112,0,0
BRDA:2652,112,1,0
BRDA:2656,113,0,0
BRDA:2656,113,1,0
BRDA:2661,114,0,0
BRDA:2661,114,1,0
BRDA:2661,115,0,0
BRDA:2661,115,1,0
BRF:208
BRH:8
end_of_record
TN:
SF:src/gen/haClient/base.ts
FN:51,(anonymous_0)
FN:67,(anonymous_1)
FNF:2
FNH:1
FNDA:25,(anonymous_0)
FNDA:0,(anonymous_1)
DA:20,3
DA:26,3
DA:52,25
DA:53,25
DA:54,25
DA:66,0
DA:68,0
LF:7
LH:5
BRDA:51,0,0,25
BRDA:51,1,0,25
BRDA:52,2,0,25
BRDA:52,2,1,0
BRDA:54,3,0,25
BRDA:54,3,1,25
BRF:6
BRH:5
end_of_record
TN:
SF:src/gen/haClient/common.ts
FN:30,(anonymous_0)
FN:40,(anonymous_1)
FN:51,(anonymous_2)
FN:61,(anonymous_3)
FN:72,(anonymous_4)
FN:84,(anonymous_5)
FN:105,(anonymous_6)
FN:116,(anonymous_7)
FN:124,(anonymous_8)
FN:125,(anonymous_9)
FNF:10
FNH:6
FNDA:5,(anonymous_0)
FNDA:0,(anonymous_1)
FNDA:0,(anonymous_2)
FNDA:25,(anonymous_3)
FNDA:0,(anonymous_4)
FNDA:25,(anonymous_5)
FNDA:0,(anonymous_6)
FNDA:25,(anonymous_7)
FNDA:25,(anonymous_8)
FNDA:25,(anonymous_9)
DA:23,3
DA:30,3
DA:31,5
DA:32,0
DA:40,3
DA:41,0
DA:42,0
DA:43,0
DA:51,3
DA:52,0
DA:53,0
DA:61,3
DA:62,25
DA:63,25
DA:64,25
DA:72,3
DA:73,0
DA:75,0
DA:76,0
DA:84,3
DA:85,25
DA:86,25
DA:87,25
DA:88,0
DA:89,0
DA:90,0
DA:91,0
DA:94,0
DA:98,25
DA:105,3
DA:106,0
DA:108,0
DA:109,0
DA:116,3
DA:117,25
DA:124,3
DA:125,25
DA:126,25
DA:127,25
LF:39
LH:22
BRDA:31,0,0,0
BRDA:31,0,1,5
BRDA:31,1,0,5
BRDA:31,1,1,5
BRDA:41,2,0,0
BRDA:41,2,1,0
BRDA:41,3,0,0
BRDA:41,3,1,0
BRDA:42,4,0,0
BRDA:42,4,1,0
BRDA:52,5,0,0
BRDA:52,5,1,0
BRDA:52,6,0,0
BRDA:52,6,1,0
BRDA:52,6,2,0
BRDA:62,7,0,25
BRDA:62,7,1,0
BRDA:62,8,0,25
BRDA:62,8,1,25
BRDA:63,9,0,0
BRDA:63,9,1,25
BRDA:73,10,0,0
BRDA:73,10,1,0
BRDA:73,11,0,0
BRDA:73,11,1,0
BRDA:75,12,0,0
BRDA:75,12,1,0
BRDA:88,13,0,0
BRDA:88,13,1,0
BRDA:108,14,0,0
BRDA:108,14,1,0
BRDA:108,15,0,0
BRDA:108,15,1,0
BRDA:108,15,2,0
BRDA:109,16,0,0
BRDA:109,16,1,0
BRDA:109,17,0,0
BRDA:109,17,1,0
BRDA:109,18,0,0
BRDA:109,18,1,0
BRDA:125,19,0,0
BRDA:125,20,0,0
BRDA:126,21,0,25
BRDA:126,21,1,25
BRF:44
BRH:9
end_of_record
TN:
SF:src/gen/haClient/configuration.ts
FN:76,(anonymous_0)
FN:96,(anonymous_1)
FNF:2
FNH:1
FNDA:25,(anonymous_0)
FNDA:0,(anonymous_1)
DA:77,25
DA:78,25
DA:79,25
DA:80,25
DA:81,25
DA:82,25
DA:83,25
DA:97,0
DA:98,0
LF:9
LH:7
BRDA:76,0,0,25
BRDA:98,1,0,0
BRDA:98,1,1,0
BRDA:98,1,2,0
BRF:4
BRH:1
end_of_record
TN:
SF:src/gen/haClient/index.ts
FNF:0
FNH:0
LF:0
LH:0
BRF:0
BRH:0
end_of_record
TN:
SF:src/menu/HaMenu.js
FN:7,(anonymous_0)
FNF:1
FNH:1
FNDA:13,(anonymous_0)
DA:7,3
DA:8,13
DA:10,13
DA:11,13
DA:13,0
DA:14,0
DA:16,0
DA:17,0
DA:19,0
LF:9
LH:4
BRDA:10,0,0,13
BRDA:10,0,1,0
BRDA:13,1,0,0
BRDA:13,1,1,0
BRDA:16,2,0,0
BRDA:16,2,1,0
BRF:6
BRH:1
end_of_record
TN:
SF:src/menu/ManagerMenu.js
FN:6,(anonymous_0)
FNF:1
FNH:0
FNDA:0,(anonymous_0)
DA:6,3
DA:7,0
LF:2
LH:1
BRF:0
BRH:0
end_of_record
TN:
SF:src/menu/StudentMenu.js
FN:8,(anonymous_0)
FN:10,(anonymous_1)
FNF:2
FNH:1
FNDA:13,(anonymous_0)
FNDA:0,(anonymous_1)
DA:8,3
DA:9,13
DA:10,13
DA:11,13
DA:12,13
LF:5
LH:5
BRDA:15,0,0,13
BRDA:15,0,1,0
BRF:2
BRH:1
end_of_record
TN:
SF:src/menu/TeacherMenu.js
FN:5,(anonymous_0)
FNF:1
FNH:0
FNDA:0,(anonymous_0)
DA:5,3
DA:6,0
LF:2
LH:1
BRF:0
BRH:0
end_of_record
TN:
SF:src/operations/fees/ByStatusFeeList.js
FN:8,(anonymous_0)
FN:23,(anonymous_1)
FN:26,(anonymous_2)
FNF:3
FNH:0
FNDA:0,(anonymous_0)
FNDA:0,(anonymous_1)
FNDA:0,(anonymous_2)
DA:8,3
DA:9,0
DA:10,0
DA:23,0
DA:26,0
LF:5
LH:1
BRDA:9,0,0,0
BRDA:9,0,1,0
BRF:2
BRH:0
end_of_record
TN:
SF:src/operations/fees/FeeList.js
FN:15,(anonymous_0)
FN:21,(anonymous_1)
FN:27,(anonymous_2)
FN:28,(anonymous_3)
FN:46,(anonymous_4)
FN:49,(anonymous_5)
FNF:6
FNH:0
FNDA:0,(anonymous_0)
FNDA:0,(anonymous_1)
FNDA:0,(anonymous_2)
FNDA:0,(anonymous_3)
FNDA:0,(anonymous_4)
FNDA:0,(anonymous_5)
DA:15,3
DA:16,0
DA:21,3
DA:22,0
DA:23,0
DA:24,0
DA:25,0
DA:26,0
DA:27,0
DA:28,0
DA:29,0
DA:30,0
DA:32,0
DA:36,0
DA:46,0
DA:49,0
LF:16
LH:2
BRDA:23,0,0,0
BRDA:23,0,1,0
BRDA:41,1,0,0
BRDA:41,1,1,0
BRF:4
BRH:0
end_of_record
TN:
SF:src/operations/fees/FeeShow.js
FN:13,(anonymous_0)
FN:21,(anonymous_1)
FN:27,(anonymous_2)
FN:28,(anonymous_3)
FN:31,(anonymous_4)
FN:41,(anonymous_5)
FN:47,(anonymous_6)
FN:48,(anonymous_7)
FNF:8
FNH:0
FNDA:0,(anonymous_0)
FNDA:0,(anonymous_1)
FNDA:0,(anonymous_2)
FNDA:0,(anonymous_3)
FNDA:0,(anonymous_4)
FNDA:0,(anonymous_5)
FNDA:0,(anonymous_6)
FNDA:0,(anonymous_7)
DA:13,3
DA:14,0
DA:21,3
DA:22,0
DA:27,0
DA:28,0
DA:31,0
DA:41,3
DA:42,0
DA:43,0
DA:44,0
DA:45,0
DA:46,0
DA:47,0
DA:48,0
DA:49,0
DA:50,0
DA:52,0
DA:56,0
LF:19
LH:3
BRDA:14,0,0,0
BRDA:14,0,1,0
BRDA:31,1,0,0
BRDA:31,1,1,0
BRF:4
BRH:0
end_of_record
TN:
SF:src/operations/fees/FeesCreate.js
FN:31,(anonymous_0)
FN:36,(anonymous_1)
FN:37,(anonymous_2)
FN:42,(anonymous_3)
FN:47,(anonymous_4)
FN:51,(anonymous_5)
FN:56,(anonymous_6)
FN:61,(anonymous_7)
FN:74,(anonymous_8)
FN:85,(anonymous_9)
FN:95,(anonymous_10)
FN:100,(anonymous_11)
FN:101,(anonymous_12)
FN:118,(anonymous_13)
FN:121,(anonymous_14)
FN:123,(anonymous_15)
FN:130,(anonymous_16)
FN:164,(anonymous_17)
FN:174,(anonymous_18)
FNF:19
FNH:0
FNDA:0,(anonymous_0)
FNDA:0,(anonymous_1)
FNDA:0,(anonymous_2)
FNDA:0,(anonymous_3)
FNDA:0,(anonymous_4)
FNDA:0,(anonymous_5)
FNDA:0,(anonymous_6)
FNDA:0,(anonymous_7)
FNDA:0,(anonymous_8)
FNDA:0,(anonymous_9)
FNDA:0,(anonymous_10)
FNDA:0,(anonymous_11)
FNDA:0,(anonymous_12)
FNDA:0,(anonymous_13)
FNDA:0,(anonymous_14)
FNDA:0,(anonymous_15)
FNDA:0,(anonymous_16)
FNDA:0,(anonymous_17)
FNDA:0,(anonymous_18)
DA:20,3
DA:30,3
DA:31,3
DA:32,0
DA:36,0
DA:37,0
DA:42,3
DA:43,0
DA:47,0
DA:51,3
DA:52,0
DA:56,0
DA:61,3
DA:62,0
DA:63,0
DA:64,0
DA:65,0
DA:66,0
DA:67,0
DA:74,0
DA:85,0
DA:95,3
DA:96,0
DA:97,0
DA:98,0
DA:99,0
DA:100,0
DA:101,0
DA:102,0
DA:103,0
DA:105,0
DA:109,0
DA:117,0
DA:118,0
DA:119,0
DA:121,0
DA:122,0
DA:123,0
DA:124,0
DA:125,0
DA:127,0
DA:130,0
DA:131,0
DA:132,0
DA:133,0
DA:142,0
DA:143,0
DA:144,0
DA:145,0
DA:146,0
DA:156,0
DA:158,0
DA:164,0
DA:174,3
DA:175,0
DA:176,0
DA:177,0
DA:178,0
DA:179,0
DA:181,0
DA:182,0
DA:183,0
LF:62
LH:8
BRDA:76,0,0,0
BRDA:76,0,1,0
BRDA:87,1,0,0
BRDA:87,1,1,0
BRDA:127,2,0,0
BRDA:127,2,1,0
BRDA:131,3,0,0
BRDA:131,3,1,0
BRDA:135,4,0,0
BRDA:135,4,1,0
BRDA:143,5,0,0
BRDA:143,5,1,0
BRDA:148,6,0,0
BRDA:148,6,1,0
BRDA:176,7,0,0
BRDA:176,7,1,0
BRDA:177,8,0,0
BRDA:177,8,1,0
BRDA:178,9,0,0
BRDA:178,9,1,0
BRDA:179,10,0,0
BRDA:179,10,1,0
BRF:22
BRH:0
end_of_record
TN:
SF:src/operations/fees/byStatusRowStyle.js
FN:3,(anonymous_0)
FNF:1
FNH:0
FNDA:0,(anonymous_0)
DA:3,3
DA:4,0
DA:5,0
LF:3
LH:1
BRDA:4,0,0,0
BRDA:4,0,1,0
BRDA:6,1,0,0
BRDA:6,1,1,0
BRF:4
BRH:0
end_of_record
TN:
SF:src/operations/fees/index.js
FNF:0
FNH:0
DA:7,3
LF:1
LH:1
BRF:0
BRH:0
end_of_record
TN:
SF:src/operations/payments/PaymentCreate.js
FN:9,(anonymous_0)
FN:15,(anonymous_1)
FN:16,(anonymous_2)
FN:25,(anonymous_3)
FN:34,(anonymous_4)
FN:42,(anonymous_5)
FN:43,(anonymous_6)
FNF:7
FNH:0
FNDA:0,(anonymous_0)
FNDA:0,(anonymous_1)
FNDA:0,(anonymous_2)
FNDA:0,(anonymous_3)
FNDA:0,(anonymous_4)
FNDA:0,(anonymous_5)
FNDA:0,(anonymous_6)
DA:9,3
DA:10,0
DA:11,0
DA:12,0
DA:13,0
DA:14,0
DA:15,0
DA:16,0
DA:17,0
DA:18,0
DA:20,0
DA:23,0
DA:24,0
DA:25,0
DA:26,0
DA:29,0
DA:34,0
DA:42,0
DA:44,0
LF:19
LH:1
BRDA:48,0,0,0
BRDA:48,0,1,0
BRF:2
BRH:0
end_of_record
TN:
SF:src/operations/payments/PaymentList.js
FN:7,(anonymous_0)
FN:13,(anonymous_1)
FN:27,(anonymous_2)
FNF:3
FNH:0
FNDA:0,(anonymous_0)
FNDA:0,(anonymous_1)
FNDA:0,(anonymous_2)
DA:7,3
DA:8,0
DA:13,3
DA:14,0
DA:15,0
DA:27,0
LF:6
LH:2
BRDA:19,0,0,0
BRDA:19,0,1,0
BRF:2
BRH:0
end_of_record
TN:
SF:src/operations/payments/index.js
FNF:0
FNH:0
DA:5,3
LF:1
LH:1
BRF:0
BRH:0
end_of_record
TN:
SF:src/operations/profile/ProfileEdit.js
FN:5,(anonymous_0)
FN:15,(anonymous_1)
FN:23,(anonymous_2)
FNF:3
FNH:0
FNDA:0,(anonymous_0)
FNDA:0,(anonymous_1)
FNDA:0,(anonymous_2)
DA:5,3
DA:6,0
DA:15,3
DA:16,0
DA:17,0
DA:18,0
DA:19,0
DA:20,0
DA:23,3
DA:24,0
LF:10
LH:3
BRDA:18,0,0,0
BRDA:18,0,1,0
BRDA:19,1,0,0
BRDA:19,1,1,0
BRF:4
BRH:0
end_of_record
TN:
SF:src/operations/profile/ProfileShow.js
FN:6,(anonymous_0)
FN:7,(anonymous_1)
FN:12,(anonymous_2)
FN:17,(anonymous_3)
FN:19,(anonymous_4)
FN:41,(anonymous_5)
FNF:6
FNH:6
FNDA:5,(anonymous_0)
FNDA:5,(anonymous_1)
FNDA:5,(anonymous_2)
FNDA:5,(anonymous_3)
FNDA:5,(anonymous_4)
FNDA:5,(anonymous_5)
DA:6,3
DA:7,5
DA:8,5
DA:9,0
DA:10,0
DA:12,5
DA:13,5
DA:14,0
DA:15,0
DA:17,5
DA:19,5
DA:20,5
DA:21,3
DA:24,5
DA:41,3
DA:42,5
DA:43,5
LF:17
LH:13
BRDA:8,0,0,5
BRDA:8,0,1,0
BRDA:9,1,0,0
BRDA:9,1,1,0
BRDA:13,2,0,5
BRDA:13,2,1,0
BRDA:14,3,0,0
BRDA:14,3,1,0
BRDA:20,4,0,2
BRDA:20,4,1,3
BRF:10
BRH:4
end_of_record
TN:
SF:src/operations/profile/index.js
FNF:0
FNH:0
DA:4,3
DA:10,3
LF:2
LH:2
BRF:0
BRH:0
end_of_record
TN:
SF:src/operations/studentGrades/index.js
FNF:0
FNH:0
DA:5,3
LF:1
LH:1
BRF:0
BRH:0
end_of_record
TN:
SF:src/operations/students/StudentCreate.js
FN:7,(anonymous_0)
FN:18,(anonymous_1)
FN:23,(anonymous_2)
FN:37,(anonymous_3)
FN:43,(anonymous_4)
FN:78,(anonymous_5)
FNF:6
FNH:0
FNDA:0,(anonymous_0)
FNDA:0,(anonymous_1)
FNDA:0,(anonymous_2)
FNDA:0,(anonymous_3)
FNDA:0,(anonymous_4)
FNDA:0,(anonymous_5)
DA:7,3
DA:8,0
DA:16,0
DA:17,0
DA:18,0
DA:19,0
DA:21,0
DA:22,0
DA:23,0
DA:35,0
DA:36,0
DA:37,0
DA:38,0
DA:39,0
DA:41,0
DA:42,0
DA:43,0
DA:44,0
DA:45,0
DA:46,0
DA:47,0
DA:48,0
DA:57,0
DA:58,0
DA:59,0
DA:61,0
DA:78,0
LF:27
LH:1
BRDA:41,0,0,0
BRDA:41,0,1,0
BRDA:42,1,0,0
BRDA:42,1,1,0
BRDA:45,2,0,0
BRDA:45,2,1,0
BRDA:50,3,0,0
BRDA:50,3,1,0
BRDA:80,4,0,0
BRDA:80,4,1,0
BRF:10
BRH:0
end_of_record
TN:
SF:src/operations/students/StudentList.js
FN:9,(anonymous_0)
FNF:1
FNH:0
FNDA:0,(anonymous_0)
DA:9,3
DA:10,0
DA:11,0
LF:3
LH:1
BRDA:24,0,0,0
BRDA:24,0,1,0
BRF:2
BRH:0
end_of_record
TN:
SF:src/operations/students/StudentShow.js
FN:9,(anonymous_0)
FN:23,(anonymous_1)
FNF:2
FNH:0
FNDA:0,(anonymous_0)
FNDA:0,(anonymous_1)
DA:9,3
DA:10,0
DA:11,0
DA:23,3
DA:24,0
DA:25,0
LF:6
LH:2
BRDA:14,0,0,0
BRDA:14,0,1,0
BRDA:26,1,0,0
BRDA:26,1,1,0
BRF:4
BRH:0
end_of_record
TN:
SF:src/operations/students/index.js
FNF:0
FNH:0
DA:7,3
LF:1
LH:1
BRF:0
BRH:0
end_of_record
TN:
SF:src/operations/teachers/TeacherCreate.js
FN:4,(anonymous_0)
FN:8,(anonymous_1)
FNF:2
FNH:0
FNDA:0,(anonymous_0)
FNDA:0,(anonymous_1)
DA:4,3
DA:5,0
DA:6,0
DA:8,3
DA:9,0
LF:5
LH:2
BRF:0
BRH:0
end_of_record
TN:
SF:src/operations/teachers/TeacherList.js
FN:6,(anonymous_0)
FNF:1
FNH:0
FNDA:0,(anonymous_0)
DA:6,3
DA:7,0
LF:2
LH:1
BRF:0
BRH:0
end_of_record
TN:
SF:src/operations/teachers/TeacherShow.js
FN:5,(anonymous_0)
FN:13,(anonymous_1)
FNF:2
FNH:0
FNDA:0,(anonymous_0)
FNDA:0,(anonymous_1)
DA:5,3
DA:6,0
DA:13,3
DA:14,0
LF:4
LH:2
BRF:0
BRH:0
end_of_record
TN:
SF:src/operations/teachers/index.js
FNF:0
FNH:0
DA:7,3
LF:1
LH:1
BRF:0
BRH:0
end_of_record
TN:
SF:src/operations/utils/CustomDateField.js
FN:3,(anonymous_0)
FNF:1
FNH:1
FNDA:10,(anonymous_0)
DA:3,3
DA:4,10
DA:5,10
DA:6,10
LF:4
LH:4
BRDA:5,0,0,10
BRDA:5,0,1,0
BRF:2
BRH:1
end_of_record
TN:
SF:src/operations/utils/EditToolBar.js
FN:3,(anonymous_0)
FNF:1
FNH:0
FNDA:0,(anonymous_0)
DA:3,3
DA:4,0
LF:2
LH:1
BRF:0
BRH:0
end_of_record
TN:
SF:src/operations/utils/PrevNextPagination.js
FN:9,(anonymous_0)
FN:24,(anonymous_1)
FN:37,(anonymous_2)
FNF:3
FNH:0
FNDA:0,(anonymous_0)
FNDA:0,(anonymous_1)
FNDA:0,(anonymous_2)
DA:7,3
DA:9,3
DA:10,0
DA:11,0
DA:12,0
DA:13,0
DA:14,0
DA:15,0
DA:17,0
DA:21,0
DA:24,0
DA:25,0
DA:26,0
DA:28,0
DA:37,0
LF:15
LH:2
BRDA:12,0,0,0
BRDA:12,0,1,0
BRDA:13,1,0,0
BRDA:13,1,1,0
BRDA:13,2,0,0
BRDA:13,2,1,0
BRDA:13,2,2,0
BRDA:13,2,3,0
BRDA:17,3,0,0
BRDA:17,3,1,0
BRDA:17,4,0,0
BRDA:17,4,1,0
BRDA:30,5,0,0
BRDA:30,5,1,0
BRDA:36,6,0,0
BRDA:36,6,1,0
BRDA:36,6,2,0
BRF:17
BRH:0
end_of_record
TN:
SF:src/operations/utils/SexRadioButton.js
FN:3,(anonymous_0)
FNF:1
FNH:0
FNDA:0,(anonymous_0)
DA:3,3
DA:4,0
LF:2
LH:1
BRF:0
BRH:0
end_of_record
TN:
SF:src/operations/utils/index.js
FNF:0
FNH:0
LF:0
LH:0
BRF:0
BRH:0
end_of_record
TN:
SF:src/operations/utils/money.ts
FN:3,(anonymous_0)
FNF:1
FNH:0
FNDA:0,(anonymous_0)
DA:1,3
DA:3,3
DA:4,0
LF:3
LH:2
BRF:0
BRH:0
end_of_record
TN:
SF:src/operations/utils/typography.js
FN:1,(anonymous_0)
FN:4,(anonymous_1)
FNF:2
FNH:1
FNDA:3,(anonymous_0)
FNDA:0,(anonymous_1)
DA:1,3
DA:2,3
DA:4,3
DA:5,0
DA:6,0
DA:7,0
DA:8,0
LF:7
LH:3
BRDA:5,0,0,0
BRDA:5,0,1,0
BRDA:6,1,0,0
BRDA:6,1,1,0
BRDA:7,2,0,0
BRDA:7,2,1,0
BRF:6
BRH:0
end_of_record
TN:
SF:src/providers/api.js
FN:4,(anonymous_0)
FN:5,(anonymous_1)
FNF:2
FNH:1
FNDA:5,(anonymous_0)
FNDA:0,(anonymous_1)
DA:4,5
DA:5,3
LF:2
LH:2
BRF:0
BRH:0
end_of_record
TN:
SF:src/providers/authProvider.ts
FN:22,(anonymous_0)
FN:29,(anonymous_1)
FN:30,(anonymous_2)
FN:36,(anonymous_3)
FN:38,(anonymous_4)
FN:40,(anonymous_5)
FN:46,(anonymous_6)
FN:48,(anonymous_7)
FN:50,(anonymous_8)
FN:60,(anonymous_9)
FN:68,(anonymous_10)
FN:71,(anonymous_11)
FN:77,(anonymous_12)
FN:79,(anonymous_13)
FN:84,(anonymous_14)
FN:89,(anonymous_15)
FN:91,(anonymous_16)
FN:93,(anonymous_17)
FN:97,(anonymous_18)
FN:103,(anonymous_19)
FNF:20
FNH:14
FNDA:35,(anonymous_0)
FNDA:17,(anonymous_1)
FNDA:0,(anonymous_2)
FNDA:0,(anonymous_3)
FNDA:0,(anonymous_4)
FNDA:5,(anonymous_5)
FNDA:69,(anonymous_6)
FNDA:15,(anonymous_7)
FNDA:5,(anonymous_8)
FNDA:5,(anonymous_9)
FNDA:5,(anonymous_10)
FNDA:5,(anonymous_11)
FNDA:30,(anonymous_12)
FNDA:12,(anonymous_13)
FNDA:15,(anonymous_14)
FNDA:0,(anonymous_15)
FNDA:0,(anonymous_16)
FNDA:10,(anonymous_17)
FNDA:5,(anonymous_18)
FNDA:0,(anonymous_19)
DA:12,3
DA:14,3
DA:15,3
DA:16,3
DA:17,3
DA:18,3
DA:19,3
DA:20,3
DA:22,3
DA:23,35
DA:24,20
DA:25,20
DA:26,20
DA:27,20
DA:29,17
DA:31,0
DA:32,0
DA:36,3
DA:38,3
DA:40,3
DA:41,5
DA:42,5
DA:43,5
DA:46,69
DA:48,15
DA:50,3
DA:51,5
DA:52,5
DA:53,5
DA:56,3
DA:61,5
DA:62,5
DA:63,0
DA:64,0
DA:65,0
DA:66,0
DA:68,5
DA:72,5
DA:73,5
DA:74,5
DA:78,30
DA:80,12
DA:81,0
DA:85,15
DA:89,0
DA:91,0
DA:93,10
DA:98,5
DA:99,5
DA:100,5
DA:104,0
DA:105,0
DA:106,0
DA:107,0
DA:108,0
DA:109,0
DA:110,0
LF:57
LH:41
BRDA:62,0,0,0
BRDA:62,0,1,5
BRDA:80,1,0,0
BRDA:80,1,1,12
BRDA:80,2,0,12
BRDA:80,2,1,2
BRF:6
BRH:4
end_of_record
TN:
SF:src/providers/dataProvider.ts
FN:11,(anonymous_0)
FN:21,(anonymous_1)
FN:34,(anonymous_2)
FN:38,(anonymous_3)
FN:42,(anonymous_4)
FN:50,(anonymous_5)
FNF:6
FNH:2
FNDA:5,(anonymous_0)
FNDA:0,(anonymous_1)
FNDA:5,(anonymous_2)
FNDA:0,(anonymous_3)
FNDA:0,(anonymous_4)
FNDA:0,(anonymous_5)
DA:9,3
DA:11,3
DA:12,5
DA:13,0
DA:14,0
DA:15,0
DA:16,0
DA:17,0
DA:20,3
DA:22,0
DA:23,0
DA:24,0
DA:25,0
DA:26,0
DA:27,0
DA:30,0
DA:31,0
DA:32,0
DA:35,5
DA:36,5
DA:39,0
DA:40,0
DA:43,0
DA:46,0
DA:50,3
DA:51,0
DA:52,0
DA:53,0
DA:54,0
DA:55,0
DA:57,0
LF:31
LH:7
BRDA:12,0,0,5
BRDA:12,0,1,0
BRDA:13,1,0,0
BRDA:13,1,1,0
BRDA:14,2,0,0
BRDA:14,2,1,0
BRDA:15,3,0,0
BRDA:15,3,1,0
BRDA:16,4,0,0
BRDA:16,4,1,0
BRDA:23,5,0,0
BRDA:23,5,1,0
BRDA:25,6,0,0
BRDA:25,6,1,0
BRDA:44,7,0,0
BRDA:44,7,1,0
BRDA:44,8,0,0
BRDA:44,8,1,0
BRF:18
BRH:1
end_of_record
TN:
SF:src/providers/feeProvider.ts
FN:5,(anonymous_0)
FN:6,(anonymous_1)
FN:10,(anonymous_2)
FN:13,(anonymous_3)
FN:17,(anonymous_4)
FN:22,(anonymous_5)
FN:27,(anonymous_6)
FN:30,(anonymous_7)
FNF:8
FNH:0
FNDA:0,(anonymous_0)
FNDA:0,(anonymous_1)
FNDA:0,(anonymous_2)
FNDA:0,(anonymous_3)
FNDA:0,(anonymous_4)
FNDA:0,(anonymous_5)
FNDA:0,(anonymous_6)
FNDA:0,(anonymous_7)
DA:4,3
DA:5,3
DA:6,3
DA:7,0
DA:8,0
DA:10,3
DA:12,3
DA:14,0
DA:17,0
DA:23,0
DA:24,0
DA:25,0
DA:28,0
DA:29,0
DA:30,0
DA:31,0
DA:32,0
DA:36,0
DA:37,0
LF:19
LH:5
BRDA:14,0,0,0
BRDA:14,0,1,0
BRDA:29,1,0,0
BRDA:29,1,1,0
BRDA:31,2,0,0
BRDA:31,2,1,0
BRF:6
BRH:0
end_of_record
TN:
SF:src/providers/paymentProvider.ts
FN:7,(anonymous_0)
FN:10,(anonymous_1)
FN:13,(anonymous_2)
FN:18,(anonymous_3)
FN:21,(anonymous_4)
FN:24,(anonymous_5)
FNF:6
FNH:0
FNDA:0,(anonymous_0)
FNDA:0,(anonymous_1)
FNDA:0,(anonymous_2)
FNDA:0,(anonymous_3)
FNDA:0,(anonymous_4)
FNDA:0,(anonymous_5)
DA:6,3
DA:7,3
DA:9,3
DA:11,0
DA:12,0
DA:13,0
DA:19,0
DA:22,0
DA:23,0
DA:24,0
DA:25,0
DA:26,0
DA:30,0
DA:31,0
DA:32,0
LF:15
LH:3
BRDA:25,0,0,0
BRDA:25,0,1,0
BRF:2
BRH:0
end_of_record
TN:
SF:src/providers/profileProvider.ts
FN:7,(anonymous_0)
FN:12,(anonymous_1)
FN:17,(anonymous_2)
FN:22,(anonymous_3)
FN:25,(anonymous_4)
FN:28,(anonymous_5)
FNF:6
FNH:2
FNDA:5,(anonymous_0)
FNDA:5,(anonymous_1)
FNDA:0,(anonymous_2)
FNDA:0,(anonymous_3)
FNDA:0,(anonymous_4)
FNDA:0,(anonymous_5)
DA:6,3
DA:8,5
DA:9,5
DA:10,5
DA:12,5
DA:14,0
DA:15,0
DA:17,0
DA:19,0
DA:20,0
DA:22,0
DA:26,0
DA:29,0
LF:13
LH:5
BRDA:9,0,0,5
BRDA:9,0,1,0
BRDA:14,1,0,0
BRDA:14,1,1,0
BRDA:19,2,0,0
BRDA:19,2,1,0
BRF:6
BRH:1
end_of_record
TN:
SF:src/providers/studentProvider.ts
FN:6,(anonymous_0)
FN:10,(anonymous_1)
FN:14,(anonymous_2)
FNF:3
FNH:0
FNDA:0,(anonymous_0)
FNDA:0,(anonymous_1)
FNDA:0,(anonymous_2)
DA:5,3
DA:7,0
DA:8,0
DA:11,0
DA:12,0
DA:15,0
DA:17,0
DA:18,0
DA:19,0
DA:20,0
DA:21,0
DA:24,0
DA:25,0
LF:13
LH:1
BRDA:15,0,0,0
BRDA:15,0,1,0
BRDA:20,1,0,0
BRDA:20,1,1,0
BRF:4
BRH:0
end_of_record
TN:
SF:src/providers/teacherProvider.ts
FN:5,(anonymous_0)
FN:9,(anonymous_1)
FN:13,(anonymous_2)
FNF:3
FNH:0
FNDA:0,(anonymous_0)
FNDA:0,(anonymous_1)
FNDA:0,(anonymous_2)
DA:4,3
DA:6,0
DA:7,0
DA:10,0
DA:11,0
DA:14,0
DA:15,0
LF:7
LH:1
BRF:0
BRH:0
end_of_record
TN:
SF:src/security/CompletePasswordPage.js
FN:54,(anonymous_0)
FN:58,(anonymous_1)
FN:61,(anonymous_2)
FN:74,(anonymous_3)
FN:96,(anonymous_4)
FN:109,(anonymous_5)
FNF:6
FNH:0
FNDA:0,(anonymous_0)
FNDA:0,(anonymous_1)
FNDA:0,(anonymous_2)
FNDA:0,(anonymous_3)
FNDA:0,(anonymous_4)
FNDA:0,(anonymous_5)
DA:5,3
DA:54,3
DA:55,0
DA:58,3
DA:59,0
DA:60,0
DA:61,0
DA:62,0
DA:63,0
DA:64,0
DA:65,0
DA:66,0
DA:67,0
DA:68,0
DA:69,0
DA:70,0
DA:72,0
DA:74,0
DA:75,0
DA:76,0
DA:77,0
DA:78,0
DA:79,0
DA:80,0
DA:81,0
DA:82,0
DA:86,0
DA:89,0
DA:96,0
DA:109,3
DA:110,0
LF:31
LH:4
BRDA:63,0,0,0
BRDA:63,0,1,0
BRDA:65,1,0,0
BRDA:65,1,1,0
BRDA:67,2,0,0
BRDA:67,2,1,0
BRDA:69,3,0,0
BRDA:69,3,1,0
BRDA:77,4,0,0
BRDA:77,4,1,0
BRDA:79,5,0,0
BRDA:79,5,1,0
BRDA:81,6,0,0
BRDA:81,6,1,0
BRF:14
BRH:0
end_of_record
TN:
SF:src/security/LoginPage.js
FN:7,(anonymous_0)
FN:36,(anonymous_1)
FN:38,(anonymous_2)
FN:39,(anonymous_3)
FN:40,(anonymous_4)
FNF:5
FNH:3
FNDA:0,(anonymous_0)
FNDA:5,(anonymous_1)
FNDA:5,(anonymous_2)
FNDA:0,(anonymous_3)
FNDA:5,(anonymous_4)
DA:7,3
DA:8,0
DA:9,0
DA:36,3
DA:37,5
DA:38,5
DA:39,5
DA:40,5
DA:42,5
LF:9
LH:7
BRDA:40,0,0,0
BRDA:40,0,1,5
BRDA:54,1,0,0
BRDA:54,1,1,5
BRF:4
BRH:2
end_of_record
TN:
SF:src/security/permissions.ts
FN:3,(anonymous_0)
FNF:1
FNH:1
FNDA:10,(anonymous_0)
DA:3,3
DA:4,10
DA:6,10
DA:7,10
DA:9,10
DA:31,10
LF:6
LH:6
BRF:0
BRH:0
end_of_record
